<?xml version="1.0" encoding="UTF-8"?>
<coverage generated="1683779030229" clover="3.2.0">
  <project timestamp="1683779030229" name="All files">
    <metrics statements="413" coveredstatements="271" conditionals="37" coveredconditionals="6" methods="72" coveredmethods="22" elements="522" coveredelements="299" complexity="0" loc="413" ncloc="413" packages="9" files="217" classes="217"/>
    <package name="reactnative_pokedex">
      <metrics statements="1" coveredstatements="1" conditionals="0" coveredconditionals="0" methods="1" coveredmethods="1"/>
      <file name="App.js" path="/Users/lin/Desktop/react-native/reactnative_pokedex/App.js">
        <metrics statements="1" coveredstatements="1" conditionals="0" coveredconditionals="0" methods="1" coveredmethods="1"/>
        <line num="7" count="1" type="stmt"/>
      </file>
    </package>
    <package name="reactnative_pokedex.assets.official-artwork">
      <metrics statements="199" coveredstatements="199" conditionals="0" coveredconditionals="0" methods="0" coveredmethods="0"/>
      <file name="1.png" path="/Users/lin/Desktop/react-native/reactnative_pokedex/assets/official-artwork/1.png">
        <metrics statements="1" coveredstatements="1" conditionals="0" coveredconditionals="0" methods="0" coveredmethods="0"/>
        <line num="1" count="3" type="stmt"/>
      </file>
      <file name="10.png" path="/Users/lin/Desktop/react-native/reactnative_pokedex/assets/official-artwork/10.png">
        <metrics statements="1" coveredstatements="1" conditionals="0" coveredconditionals="0" methods="0" coveredmethods="0"/>
        <line num="1" count="3" type="stmt"/>
      </file>
      <file name="100.png" path="/Users/lin/Desktop/react-native/reactnative_pokedex/assets/official-artwork/100.png">
        <metrics statements="1" coveredstatements="1" conditionals="0" coveredconditionals="0" methods="0" coveredmethods="0"/>
        <line num="1" count="3" type="stmt"/>
      </file>
      <file name="101.png" path="/Users/lin/Desktop/react-native/reactnative_pokedex/assets/official-artwork/101.png">
        <metrics statements="1" coveredstatements="1" conditionals="0" coveredconditionals="0" methods="0" coveredmethods="0"/>
        <line num="1" count="3" type="stmt"/>
      </file>
      <file name="102.png" path="/Users/lin/Desktop/react-native/reactnative_pokedex/assets/official-artwork/102.png">
        <metrics statements="1" coveredstatements="1" conditionals="0" coveredconditionals="0" methods="0" coveredmethods="0"/>
        <line num="1" count="3" type="stmt"/>
      </file>
      <file name="103.png" path="/Users/lin/Desktop/react-native/reactnative_pokedex/assets/official-artwork/103.png">
        <metrics statements="1" coveredstatements="1" conditionals="0" coveredconditionals="0" methods="0" coveredmethods="0"/>
        <line num="1" count="3" type="stmt"/>
      </file>
      <file name="104.png" path="/Users/lin/Desktop/react-native/reactnative_pokedex/assets/official-artwork/104.png">
        <metrics statements="1" coveredstatements="1" conditionals="0" coveredconditionals="0" methods="0" coveredmethods="0"/>
        <line num="1" count="3" type="stmt"/>
      </file>
      <file name="105.png" path="/Users/lin/Desktop/react-native/reactnative_pokedex/assets/official-artwork/105.png">
        <metrics statements="1" coveredstatements="1" conditionals="0" coveredconditionals="0" methods="0" coveredmethods="0"/>
        <line num="1" count="3" type="stmt"/>
      </file>
      <file name="106.png" path="/Users/lin/Desktop/react-native/reactnative_pokedex/assets/official-artwork/106.png">
        <metrics statements="1" coveredstatements="1" conditionals="0" coveredconditionals="0" methods="0" coveredmethods="0"/>
        <line num="1" count="3" type="stmt"/>
      </file>
      <file name="107.png" path="/Users/lin/Desktop/react-native/reactnative_pokedex/assets/official-artwork/107.png">
        <metrics statements="1" coveredstatements="1" conditionals="0" coveredconditionals="0" methods="0" coveredmethods="0"/>
        <line num="1" count="3" type="stmt"/>
      </file>
      <file name="108.png" path="/Users/lin/Desktop/react-native/reactnative_pokedex/assets/official-artwork/108.png">
        <metrics statements="1" coveredstatements="1" conditionals="0" coveredconditionals="0" methods="0" coveredmethods="0"/>
        <line num="1" count="3" type="stmt"/>
      </file>
      <file name="109.png" path="/Users/lin/Desktop/react-native/reactnative_pokedex/assets/official-artwork/109.png">
        <metrics statements="1" coveredstatements="1" conditionals="0" coveredconditionals="0" methods="0" coveredmethods="0"/>
        <line num="1" count="3" type="stmt"/>
      </file>
      <file name="11.png" path="/Users/lin/Desktop/react-native/reactnative_pokedex/assets/official-artwork/11.png">
        <metrics statements="1" coveredstatements="1" conditionals="0" coveredconditionals="0" methods="0" coveredmethods="0"/>
        <line num="1" count="3" type="stmt"/>
      </file>
      <file name="110.png" path="/Users/lin/Desktop/react-native/reactnative_pokedex/assets/official-artwork/110.png">
        <metrics statements="1" coveredstatements="1" conditionals="0" coveredconditionals="0" methods="0" coveredmethods="0"/>
        <line num="1" count="3" type="stmt"/>
      </file>
      <file name="111.png" path="/Users/lin/Desktop/react-native/reactnative_pokedex/assets/official-artwork/111.png">
        <metrics statements="1" coveredstatements="1" conditionals="0" coveredconditionals="0" methods="0" coveredmethods="0"/>
        <line num="1" count="3" type="stmt"/>
      </file>
      <file name="112.png" path="/Users/lin/Desktop/react-native/reactnative_pokedex/assets/official-artwork/112.png">
        <metrics statements="1" coveredstatements="1" conditionals="0" coveredconditionals="0" methods="0" coveredmethods="0"/>
        <line num="1" count="3" type="stmt"/>
      </file>
      <file name="113.png" path="/Users/lin/Desktop/react-native/reactnative_pokedex/assets/official-artwork/113.png">
        <metrics statements="1" coveredstatements="1" conditionals="0" coveredconditionals="0" methods="0" coveredmethods="0"/>
        <line num="1" count="3" type="stmt"/>
      </file>
      <file name="114.png" path="/Users/lin/Desktop/react-native/reactnative_pokedex/assets/official-artwork/114.png">
        <metrics statements="1" coveredstatements="1" conditionals="0" coveredconditionals="0" methods="0" coveredmethods="0"/>
        <line num="1" count="3" type="stmt"/>
      </file>
      <file name="115.png" path="/Users/lin/Desktop/react-native/reactnative_pokedex/assets/official-artwork/115.png">
        <metrics statements="1" coveredstatements="1" conditionals="0" coveredconditionals="0" methods="0" coveredmethods="0"/>
        <line num="1" count="3" type="stmt"/>
      </file>
      <file name="116.png" path="/Users/lin/Desktop/react-native/reactnative_pokedex/assets/official-artwork/116.png">
        <metrics statements="1" coveredstatements="1" conditionals="0" coveredconditionals="0" methods="0" coveredmethods="0"/>
        <line num="1" count="3" type="stmt"/>
      </file>
      <file name="117.png" path="/Users/lin/Desktop/react-native/reactnative_pokedex/assets/official-artwork/117.png">
        <metrics statements="1" coveredstatements="1" conditionals="0" coveredconditionals="0" methods="0" coveredmethods="0"/>
        <line num="1" count="3" type="stmt"/>
      </file>
      <file name="118.png" path="/Users/lin/Desktop/react-native/reactnative_pokedex/assets/official-artwork/118.png">
        <metrics statements="1" coveredstatements="1" conditionals="0" coveredconditionals="0" methods="0" coveredmethods="0"/>
        <line num="1" count="3" type="stmt"/>
      </file>
      <file name="119.png" path="/Users/lin/Desktop/react-native/reactnative_pokedex/assets/official-artwork/119.png">
        <metrics statements="1" coveredstatements="1" conditionals="0" coveredconditionals="0" methods="0" coveredmethods="0"/>
        <line num="1" count="3" type="stmt"/>
      </file>
      <file name="12.png" path="/Users/lin/Desktop/react-native/reactnative_pokedex/assets/official-artwork/12.png">
        <metrics statements="1" coveredstatements="1" conditionals="0" coveredconditionals="0" methods="0" coveredmethods="0"/>
        <line num="1" count="3" type="stmt"/>
      </file>
      <file name="120.png" path="/Users/lin/Desktop/react-native/reactnative_pokedex/assets/official-artwork/120.png">
        <metrics statements="1" coveredstatements="1" conditionals="0" coveredconditionals="0" methods="0" coveredmethods="0"/>
        <line num="1" count="3" type="stmt"/>
      </file>
      <file name="122.png" path="/Users/lin/Desktop/react-native/reactnative_pokedex/assets/official-artwork/122.png">
        <metrics statements="1" coveredstatements="1" conditionals="0" coveredconditionals="0" methods="0" coveredmethods="0"/>
        <line num="1" count="3" type="stmt"/>
      </file>
      <file name="123.png" path="/Users/lin/Desktop/react-native/reactnative_pokedex/assets/official-artwork/123.png">
        <metrics statements="1" coveredstatements="1" conditionals="0" coveredconditionals="0" methods="0" coveredmethods="0"/>
        <line num="1" count="3" type="stmt"/>
      </file>
      <file name="124.png" path="/Users/lin/Desktop/react-native/reactnative_pokedex/assets/official-artwork/124.png">
        <metrics statements="1" coveredstatements="1" conditionals="0" coveredconditionals="0" methods="0" coveredmethods="0"/>
        <line num="1" count="3" type="stmt"/>
      </file>
      <file name="125.png" path="/Users/lin/Desktop/react-native/reactnative_pokedex/assets/official-artwork/125.png">
        <metrics statements="1" coveredstatements="1" conditionals="0" coveredconditionals="0" methods="0" coveredmethods="0"/>
        <line num="1" count="3" type="stmt"/>
      </file>
      <file name="126.png" path="/Users/lin/Desktop/react-native/reactnative_pokedex/assets/official-artwork/126.png">
        <metrics statements="1" coveredstatements="1" conditionals="0" coveredconditionals="0" methods="0" coveredmethods="0"/>
        <line num="1" count="3" type="stmt"/>
      </file>
      <file name="127.png" path="/Users/lin/Desktop/react-native/reactnative_pokedex/assets/official-artwork/127.png">
        <metrics statements="1" coveredstatements="1" conditionals="0" coveredconditionals="0" methods="0" coveredmethods="0"/>
        <line num="1" count="3" type="stmt"/>
      </file>
      <file name="128.png" path="/Users/lin/Desktop/react-native/reactnative_pokedex/assets/official-artwork/128.png">
        <metrics statements="1" coveredstatements="1" conditionals="0" coveredconditionals="0" methods="0" coveredmethods="0"/>
        <line num="1" count="3" type="stmt"/>
      </file>
      <file name="129.png" path="/Users/lin/Desktop/react-native/reactnative_pokedex/assets/official-artwork/129.png">
        <metrics statements="1" coveredstatements="1" conditionals="0" coveredconditionals="0" methods="0" coveredmethods="0"/>
        <line num="1" count="3" type="stmt"/>
      </file>
      <file name="13.png" path="/Users/lin/Desktop/react-native/reactnative_pokedex/assets/official-artwork/13.png">
        <metrics statements="1" coveredstatements="1" conditionals="0" coveredconditionals="0" methods="0" coveredmethods="0"/>
        <line num="1" count="3" type="stmt"/>
      </file>
      <file name="130.png" path="/Users/lin/Desktop/react-native/reactnative_pokedex/assets/official-artwork/130.png">
        <metrics statements="1" coveredstatements="1" conditionals="0" coveredconditionals="0" methods="0" coveredmethods="0"/>
        <line num="1" count="3" type="stmt"/>
      </file>
      <file name="131.png" path="/Users/lin/Desktop/react-native/reactnative_pokedex/assets/official-artwork/131.png">
        <metrics statements="1" coveredstatements="1" conditionals="0" coveredconditionals="0" methods="0" coveredmethods="0"/>
        <line num="1" count="3" type="stmt"/>
      </file>
      <file name="132.png" path="/Users/lin/Desktop/react-native/reactnative_pokedex/assets/official-artwork/132.png">
        <metrics statements="1" coveredstatements="1" conditionals="0" coveredconditionals="0" methods="0" coveredmethods="0"/>
        <line num="1" count="3" type="stmt"/>
      </file>
      <file name="133.png" path="/Users/lin/Desktop/react-native/reactnative_pokedex/assets/official-artwork/133.png">
        <metrics statements="1" coveredstatements="1" conditionals="0" coveredconditionals="0" methods="0" coveredmethods="0"/>
        <line num="1" count="3" type="stmt"/>
      </file>
      <file name="134.png" path="/Users/lin/Desktop/react-native/reactnative_pokedex/assets/official-artwork/134.png">
        <metrics statements="1" coveredstatements="1" conditionals="0" coveredconditionals="0" methods="0" coveredmethods="0"/>
        <line num="1" count="3" type="stmt"/>
      </file>
      <file name="135.png" path="/Users/lin/Desktop/react-native/reactnative_pokedex/assets/official-artwork/135.png">
        <metrics statements="1" coveredstatements="1" conditionals="0" coveredconditionals="0" methods="0" coveredmethods="0"/>
        <line num="1" count="3" type="stmt"/>
      </file>
      <file name="136.png" path="/Users/lin/Desktop/react-native/reactnative_pokedex/assets/official-artwork/136.png">
        <metrics statements="1" coveredstatements="1" conditionals="0" coveredconditionals="0" methods="0" coveredmethods="0"/>
        <line num="1" count="3" type="stmt"/>
      </file>
      <file name="137.png" path="/Users/lin/Desktop/react-native/reactnative_pokedex/assets/official-artwork/137.png">
        <metrics statements="1" coveredstatements="1" conditionals="0" coveredconditionals="0" methods="0" coveredmethods="0"/>
        <line num="1" count="3" type="stmt"/>
      </file>
      <file name="138.png" path="/Users/lin/Desktop/react-native/reactnative_pokedex/assets/official-artwork/138.png">
        <metrics statements="1" coveredstatements="1" conditionals="0" coveredconditionals="0" methods="0" coveredmethods="0"/>
        <line num="1" count="3" type="stmt"/>
      </file>
      <file name="139.png" path="/Users/lin/Desktop/react-native/reactnative_pokedex/assets/official-artwork/139.png">
        <metrics statements="1" coveredstatements="1" conditionals="0" coveredconditionals="0" methods="0" coveredmethods="0"/>
        <line num="1" count="3" type="stmt"/>
      </file>
      <file name="14.png" path="/Users/lin/Desktop/react-native/reactnative_pokedex/assets/official-artwork/14.png">
        <metrics statements="1" coveredstatements="1" conditionals="0" coveredconditionals="0" methods="0" coveredmethods="0"/>
        <line num="1" count="3" type="stmt"/>
      </file>
      <file name="140.png" path="/Users/lin/Desktop/react-native/reactnative_pokedex/assets/official-artwork/140.png">
        <metrics statements="1" coveredstatements="1" conditionals="0" coveredconditionals="0" methods="0" coveredmethods="0"/>
        <line num="1" count="3" type="stmt"/>
      </file>
      <file name="141.png" path="/Users/lin/Desktop/react-native/reactnative_pokedex/assets/official-artwork/141.png">
        <metrics statements="1" coveredstatements="1" conditionals="0" coveredconditionals="0" methods="0" coveredmethods="0"/>
        <line num="1" count="3" type="stmt"/>
      </file>
      <file name="142.png" path="/Users/lin/Desktop/react-native/reactnative_pokedex/assets/official-artwork/142.png">
        <metrics statements="1" coveredstatements="1" conditionals="0" coveredconditionals="0" methods="0" coveredmethods="0"/>
        <line num="1" count="3" type="stmt"/>
      </file>
      <file name="143.png" path="/Users/lin/Desktop/react-native/reactnative_pokedex/assets/official-artwork/143.png">
        <metrics statements="1" coveredstatements="1" conditionals="0" coveredconditionals="0" methods="0" coveredmethods="0"/>
        <line num="1" count="3" type="stmt"/>
      </file>
      <file name="144.png" path="/Users/lin/Desktop/react-native/reactnative_pokedex/assets/official-artwork/144.png">
        <metrics statements="1" coveredstatements="1" conditionals="0" coveredconditionals="0" methods="0" coveredmethods="0"/>
        <line num="1" count="3" type="stmt"/>
      </file>
      <file name="145.png" path="/Users/lin/Desktop/react-native/reactnative_pokedex/assets/official-artwork/145.png">
        <metrics statements="1" coveredstatements="1" conditionals="0" coveredconditionals="0" methods="0" coveredmethods="0"/>
        <line num="1" count="3" type="stmt"/>
      </file>
      <file name="146.png" path="/Users/lin/Desktop/react-native/reactnative_pokedex/assets/official-artwork/146.png">
        <metrics statements="1" coveredstatements="1" conditionals="0" coveredconditionals="0" methods="0" coveredmethods="0"/>
        <line num="1" count="3" type="stmt"/>
      </file>
      <file name="147.png" path="/Users/lin/Desktop/react-native/reactnative_pokedex/assets/official-artwork/147.png">
        <metrics statements="1" coveredstatements="1" conditionals="0" coveredconditionals="0" methods="0" coveredmethods="0"/>
        <line num="1" count="3" type="stmt"/>
      </file>
      <file name="148.png" path="/Users/lin/Desktop/react-native/reactnative_pokedex/assets/official-artwork/148.png">
        <metrics statements="1" coveredstatements="1" conditionals="0" coveredconditionals="0" methods="0" coveredmethods="0"/>
        <line num="1" count="3" type="stmt"/>
      </file>
      <file name="149.png" path="/Users/lin/Desktop/react-native/reactnative_pokedex/assets/official-artwork/149.png">
        <metrics statements="1" coveredstatements="1" conditionals="0" coveredconditionals="0" methods="0" coveredmethods="0"/>
        <line num="1" count="3" type="stmt"/>
      </file>
      <file name="15.png" path="/Users/lin/Desktop/react-native/reactnative_pokedex/assets/official-artwork/15.png">
        <metrics statements="1" coveredstatements="1" conditionals="0" coveredconditionals="0" methods="0" coveredmethods="0"/>
        <line num="1" count="3" type="stmt"/>
      </file>
      <file name="150.png" path="/Users/lin/Desktop/react-native/reactnative_pokedex/assets/official-artwork/150.png">
        <metrics statements="1" coveredstatements="1" conditionals="0" coveredconditionals="0" methods="0" coveredmethods="0"/>
        <line num="1" count="3" type="stmt"/>
      </file>
      <file name="151.png" path="/Users/lin/Desktop/react-native/reactnative_pokedex/assets/official-artwork/151.png">
        <metrics statements="1" coveredstatements="1" conditionals="0" coveredconditionals="0" methods="0" coveredmethods="0"/>
        <line num="1" count="3" type="stmt"/>
      </file>
      <file name="152.png" path="/Users/lin/Desktop/react-native/reactnative_pokedex/assets/official-artwork/152.png">
        <metrics statements="1" coveredstatements="1" conditionals="0" coveredconditionals="0" methods="0" coveredmethods="0"/>
        <line num="1" count="3" type="stmt"/>
      </file>
      <file name="153.png" path="/Users/lin/Desktop/react-native/reactnative_pokedex/assets/official-artwork/153.png">
        <metrics statements="1" coveredstatements="1" conditionals="0" coveredconditionals="0" methods="0" coveredmethods="0"/>
        <line num="1" count="3" type="stmt"/>
      </file>
      <file name="154.png" path="/Users/lin/Desktop/react-native/reactnative_pokedex/assets/official-artwork/154.png">
        <metrics statements="1" coveredstatements="1" conditionals="0" coveredconditionals="0" methods="0" coveredmethods="0"/>
        <line num="1" count="3" type="stmt"/>
      </file>
      <file name="155.png" path="/Users/lin/Desktop/react-native/reactnative_pokedex/assets/official-artwork/155.png">
        <metrics statements="1" coveredstatements="1" conditionals="0" coveredconditionals="0" methods="0" coveredmethods="0"/>
        <line num="1" count="3" type="stmt"/>
      </file>
      <file name="156.png" path="/Users/lin/Desktop/react-native/reactnative_pokedex/assets/official-artwork/156.png">
        <metrics statements="1" coveredstatements="1" conditionals="0" coveredconditionals="0" methods="0" coveredmethods="0"/>
        <line num="1" count="3" type="stmt"/>
      </file>
      <file name="157.png" path="/Users/lin/Desktop/react-native/reactnative_pokedex/assets/official-artwork/157.png">
        <metrics statements="1" coveredstatements="1" conditionals="0" coveredconditionals="0" methods="0" coveredmethods="0"/>
        <line num="1" count="3" type="stmt"/>
      </file>
      <file name="158.png" path="/Users/lin/Desktop/react-native/reactnative_pokedex/assets/official-artwork/158.png">
        <metrics statements="1" coveredstatements="1" conditionals="0" coveredconditionals="0" methods="0" coveredmethods="0"/>
        <line num="1" count="3" type="stmt"/>
      </file>
      <file name="159.png" path="/Users/lin/Desktop/react-native/reactnative_pokedex/assets/official-artwork/159.png">
        <metrics statements="1" coveredstatements="1" conditionals="0" coveredconditionals="0" methods="0" coveredmethods="0"/>
        <line num="1" count="3" type="stmt"/>
      </file>
      <file name="16.png" path="/Users/lin/Desktop/react-native/reactnative_pokedex/assets/official-artwork/16.png">
        <metrics statements="1" coveredstatements="1" conditionals="0" coveredconditionals="0" methods="0" coveredmethods="0"/>
        <line num="1" count="3" type="stmt"/>
      </file>
      <file name="160.png" path="/Users/lin/Desktop/react-native/reactnative_pokedex/assets/official-artwork/160.png">
        <metrics statements="1" coveredstatements="1" conditionals="0" coveredconditionals="0" methods="0" coveredmethods="0"/>
        <line num="1" count="3" type="stmt"/>
      </file>
      <file name="161.png" path="/Users/lin/Desktop/react-native/reactnative_pokedex/assets/official-artwork/161.png">
        <metrics statements="1" coveredstatements="1" conditionals="0" coveredconditionals="0" methods="0" coveredmethods="0"/>
        <line num="1" count="3" type="stmt"/>
      </file>
      <file name="162.png" path="/Users/lin/Desktop/react-native/reactnative_pokedex/assets/official-artwork/162.png">
        <metrics statements="1" coveredstatements="1" conditionals="0" coveredconditionals="0" methods="0" coveredmethods="0"/>
        <line num="1" count="3" type="stmt"/>
      </file>
      <file name="163.png" path="/Users/lin/Desktop/react-native/reactnative_pokedex/assets/official-artwork/163.png">
        <metrics statements="1" coveredstatements="1" conditionals="0" coveredconditionals="0" methods="0" coveredmethods="0"/>
        <line num="1" count="3" type="stmt"/>
      </file>
      <file name="164.png" path="/Users/lin/Desktop/react-native/reactnative_pokedex/assets/official-artwork/164.png">
        <metrics statements="1" coveredstatements="1" conditionals="0" coveredconditionals="0" methods="0" coveredmethods="0"/>
        <line num="1" count="3" type="stmt"/>
      </file>
      <file name="165.png" path="/Users/lin/Desktop/react-native/reactnative_pokedex/assets/official-artwork/165.png">
        <metrics statements="1" coveredstatements="1" conditionals="0" coveredconditionals="0" methods="0" coveredmethods="0"/>
        <line num="1" count="3" type="stmt"/>
      </file>
      <file name="166.png" path="/Users/lin/Desktop/react-native/reactnative_pokedex/assets/official-artwork/166.png">
        <metrics statements="1" coveredstatements="1" conditionals="0" coveredconditionals="0" methods="0" coveredmethods="0"/>
        <line num="1" count="3" type="stmt"/>
      </file>
      <file name="167.png" path="/Users/lin/Desktop/react-native/reactnative_pokedex/assets/official-artwork/167.png">
        <metrics statements="1" coveredstatements="1" conditionals="0" coveredconditionals="0" methods="0" coveredmethods="0"/>
        <line num="1" count="3" type="stmt"/>
      </file>
      <file name="168.png" path="/Users/lin/Desktop/react-native/reactnative_pokedex/assets/official-artwork/168.png">
        <metrics statements="1" coveredstatements="1" conditionals="0" coveredconditionals="0" methods="0" coveredmethods="0"/>
        <line num="1" count="3" type="stmt"/>
      </file>
      <file name="169.png" path="/Users/lin/Desktop/react-native/reactnative_pokedex/assets/official-artwork/169.png">
        <metrics statements="1" coveredstatements="1" conditionals="0" coveredconditionals="0" methods="0" coveredmethods="0"/>
        <line num="1" count="3" type="stmt"/>
      </file>
      <file name="17.png" path="/Users/lin/Desktop/react-native/reactnative_pokedex/assets/official-artwork/17.png">
        <metrics statements="1" coveredstatements="1" conditionals="0" coveredconditionals="0" methods="0" coveredmethods="0"/>
        <line num="1" count="3" type="stmt"/>
      </file>
      <file name="170.png" path="/Users/lin/Desktop/react-native/reactnative_pokedex/assets/official-artwork/170.png">
        <metrics statements="1" coveredstatements="1" conditionals="0" coveredconditionals="0" methods="0" coveredmethods="0"/>
        <line num="1" count="3" type="stmt"/>
      </file>
      <file name="171.png" path="/Users/lin/Desktop/react-native/reactnative_pokedex/assets/official-artwork/171.png">
        <metrics statements="1" coveredstatements="1" conditionals="0" coveredconditionals="0" methods="0" coveredmethods="0"/>
        <line num="1" count="3" type="stmt"/>
      </file>
      <file name="172.png" path="/Users/lin/Desktop/react-native/reactnative_pokedex/assets/official-artwork/172.png">
        <metrics statements="1" coveredstatements="1" conditionals="0" coveredconditionals="0" methods="0" coveredmethods="0"/>
        <line num="1" count="3" type="stmt"/>
      </file>
      <file name="173.png" path="/Users/lin/Desktop/react-native/reactnative_pokedex/assets/official-artwork/173.png">
        <metrics statements="1" coveredstatements="1" conditionals="0" coveredconditionals="0" methods="0" coveredmethods="0"/>
        <line num="1" count="3" type="stmt"/>
      </file>
      <file name="174.png" path="/Users/lin/Desktop/react-native/reactnative_pokedex/assets/official-artwork/174.png">
        <metrics statements="1" coveredstatements="1" conditionals="0" coveredconditionals="0" methods="0" coveredmethods="0"/>
        <line num="1" count="3" type="stmt"/>
      </file>
      <file name="175.png" path="/Users/lin/Desktop/react-native/reactnative_pokedex/assets/official-artwork/175.png">
        <metrics statements="1" coveredstatements="1" conditionals="0" coveredconditionals="0" methods="0" coveredmethods="0"/>
        <line num="1" count="3" type="stmt"/>
      </file>
      <file name="176.png" path="/Users/lin/Desktop/react-native/reactnative_pokedex/assets/official-artwork/176.png">
        <metrics statements="1" coveredstatements="1" conditionals="0" coveredconditionals="0" methods="0" coveredmethods="0"/>
        <line num="1" count="3" type="stmt"/>
      </file>
      <file name="177.png" path="/Users/lin/Desktop/react-native/reactnative_pokedex/assets/official-artwork/177.png">
        <metrics statements="1" coveredstatements="1" conditionals="0" coveredconditionals="0" methods="0" coveredmethods="0"/>
        <line num="1" count="3" type="stmt"/>
      </file>
      <file name="178.png" path="/Users/lin/Desktop/react-native/reactnative_pokedex/assets/official-artwork/178.png">
        <metrics statements="1" coveredstatements="1" conditionals="0" coveredconditionals="0" methods="0" coveredmethods="0"/>
        <line num="1" count="3" type="stmt"/>
      </file>
      <file name="179.png" path="/Users/lin/Desktop/react-native/reactnative_pokedex/assets/official-artwork/179.png">
        <metrics statements="1" coveredstatements="1" conditionals="0" coveredconditionals="0" methods="0" coveredmethods="0"/>
        <line num="1" count="3" type="stmt"/>
      </file>
      <file name="18.png" path="/Users/lin/Desktop/react-native/reactnative_pokedex/assets/official-artwork/18.png">
        <metrics statements="1" coveredstatements="1" conditionals="0" coveredconditionals="0" methods="0" coveredmethods="0"/>
        <line num="1" count="3" type="stmt"/>
      </file>
      <file name="180.png" path="/Users/lin/Desktop/react-native/reactnative_pokedex/assets/official-artwork/180.png">
        <metrics statements="1" coveredstatements="1" conditionals="0" coveredconditionals="0" methods="0" coveredmethods="0"/>
        <line num="1" count="3" type="stmt"/>
      </file>
      <file name="181.png" path="/Users/lin/Desktop/react-native/reactnative_pokedex/assets/official-artwork/181.png">
        <metrics statements="1" coveredstatements="1" conditionals="0" coveredconditionals="0" methods="0" coveredmethods="0"/>
        <line num="1" count="3" type="stmt"/>
      </file>
      <file name="182.png" path="/Users/lin/Desktop/react-native/reactnative_pokedex/assets/official-artwork/182.png">
        <metrics statements="1" coveredstatements="1" conditionals="0" coveredconditionals="0" methods="0" coveredmethods="0"/>
        <line num="1" count="3" type="stmt"/>
      </file>
      <file name="183.png" path="/Users/lin/Desktop/react-native/reactnative_pokedex/assets/official-artwork/183.png">
        <metrics statements="1" coveredstatements="1" conditionals="0" coveredconditionals="0" methods="0" coveredmethods="0"/>
        <line num="1" count="3" type="stmt"/>
      </file>
      <file name="184.png" path="/Users/lin/Desktop/react-native/reactnative_pokedex/assets/official-artwork/184.png">
        <metrics statements="1" coveredstatements="1" conditionals="0" coveredconditionals="0" methods="0" coveredmethods="0"/>
        <line num="1" count="3" type="stmt"/>
      </file>
      <file name="185.png" path="/Users/lin/Desktop/react-native/reactnative_pokedex/assets/official-artwork/185.png">
        <metrics statements="1" coveredstatements="1" conditionals="0" coveredconditionals="0" methods="0" coveredmethods="0"/>
        <line num="1" count="3" type="stmt"/>
      </file>
      <file name="186.png" path="/Users/lin/Desktop/react-native/reactnative_pokedex/assets/official-artwork/186.png">
        <metrics statements="1" coveredstatements="1" conditionals="0" coveredconditionals="0" methods="0" coveredmethods="0"/>
        <line num="1" count="3" type="stmt"/>
      </file>
      <file name="187.png" path="/Users/lin/Desktop/react-native/reactnative_pokedex/assets/official-artwork/187.png">
        <metrics statements="1" coveredstatements="1" conditionals="0" coveredconditionals="0" methods="0" coveredmethods="0"/>
        <line num="1" count="3" type="stmt"/>
      </file>
      <file name="188.png" path="/Users/lin/Desktop/react-native/reactnative_pokedex/assets/official-artwork/188.png">
        <metrics statements="1" coveredstatements="1" conditionals="0" coveredconditionals="0" methods="0" coveredmethods="0"/>
        <line num="1" count="3" type="stmt"/>
      </file>
      <file name="189.png" path="/Users/lin/Desktop/react-native/reactnative_pokedex/assets/official-artwork/189.png">
        <metrics statements="1" coveredstatements="1" conditionals="0" coveredconditionals="0" methods="0" coveredmethods="0"/>
        <line num="1" count="3" type="stmt"/>
      </file>
      <file name="19.png" path="/Users/lin/Desktop/react-native/reactnative_pokedex/assets/official-artwork/19.png">
        <metrics statements="1" coveredstatements="1" conditionals="0" coveredconditionals="0" methods="0" coveredmethods="0"/>
        <line num="1" count="3" type="stmt"/>
      </file>
      <file name="190.png" path="/Users/lin/Desktop/react-native/reactnative_pokedex/assets/official-artwork/190.png">
        <metrics statements="1" coveredstatements="1" conditionals="0" coveredconditionals="0" methods="0" coveredmethods="0"/>
        <line num="1" count="3" type="stmt"/>
      </file>
      <file name="191.png" path="/Users/lin/Desktop/react-native/reactnative_pokedex/assets/official-artwork/191.png">
        <metrics statements="1" coveredstatements="1" conditionals="0" coveredconditionals="0" methods="0" coveredmethods="0"/>
        <line num="1" count="3" type="stmt"/>
      </file>
      <file name="192.png" path="/Users/lin/Desktop/react-native/reactnative_pokedex/assets/official-artwork/192.png">
        <metrics statements="1" coveredstatements="1" conditionals="0" coveredconditionals="0" methods="0" coveredmethods="0"/>
        <line num="1" count="3" type="stmt"/>
      </file>
      <file name="193.png" path="/Users/lin/Desktop/react-native/reactnative_pokedex/assets/official-artwork/193.png">
        <metrics statements="1" coveredstatements="1" conditionals="0" coveredconditionals="0" methods="0" coveredmethods="0"/>
        <line num="1" count="3" type="stmt"/>
      </file>
      <file name="194.png" path="/Users/lin/Desktop/react-native/reactnative_pokedex/assets/official-artwork/194.png">
        <metrics statements="1" coveredstatements="1" conditionals="0" coveredconditionals="0" methods="0" coveredmethods="0"/>
        <line num="1" count="3" type="stmt"/>
      </file>
      <file name="195.png" path="/Users/lin/Desktop/react-native/reactnative_pokedex/assets/official-artwork/195.png">
        <metrics statements="1" coveredstatements="1" conditionals="0" coveredconditionals="0" methods="0" coveredmethods="0"/>
        <line num="1" count="3" type="stmt"/>
      </file>
      <file name="196.png" path="/Users/lin/Desktop/react-native/reactnative_pokedex/assets/official-artwork/196.png">
        <metrics statements="1" coveredstatements="1" conditionals="0" coveredconditionals="0" methods="0" coveredmethods="0"/>
        <line num="1" count="3" type="stmt"/>
      </file>
      <file name="197.png" path="/Users/lin/Desktop/react-native/reactnative_pokedex/assets/official-artwork/197.png">
        <metrics statements="1" coveredstatements="1" conditionals="0" coveredconditionals="0" methods="0" coveredmethods="0"/>
        <line num="1" count="3" type="stmt"/>
      </file>
      <file name="198.png" path="/Users/lin/Desktop/react-native/reactnative_pokedex/assets/official-artwork/198.png">
        <metrics statements="1" coveredstatements="1" conditionals="0" coveredconditionals="0" methods="0" coveredmethods="0"/>
        <line num="1" count="3" type="stmt"/>
      </file>
      <file name="199.png" path="/Users/lin/Desktop/react-native/reactnative_pokedex/assets/official-artwork/199.png">
        <metrics statements="1" coveredstatements="1" conditionals="0" coveredconditionals="0" methods="0" coveredmethods="0"/>
        <line num="1" count="3" type="stmt"/>
      </file>
      <file name="2.png" path="/Users/lin/Desktop/react-native/reactnative_pokedex/assets/official-artwork/2.png">
        <metrics statements="1" coveredstatements="1" conditionals="0" coveredconditionals="0" methods="0" coveredmethods="0"/>
        <line num="1" count="3" type="stmt"/>
      </file>
      <file name="20.png" path="/Users/lin/Desktop/react-native/reactnative_pokedex/assets/official-artwork/20.png">
        <metrics statements="1" coveredstatements="1" conditionals="0" coveredconditionals="0" methods="0" coveredmethods="0"/>
        <line num="1" count="3" type="stmt"/>
      </file>
      <file name="200.png" path="/Users/lin/Desktop/react-native/reactnative_pokedex/assets/official-artwork/200.png">
        <metrics statements="1" coveredstatements="1" conditionals="0" coveredconditionals="0" methods="0" coveredmethods="0"/>
        <line num="1" count="3" type="stmt"/>
      </file>
      <file name="21.png" path="/Users/lin/Desktop/react-native/reactnative_pokedex/assets/official-artwork/21.png">
        <metrics statements="1" coveredstatements="1" conditionals="0" coveredconditionals="0" methods="0" coveredmethods="0"/>
        <line num="1" count="3" type="stmt"/>
      </file>
      <file name="22.png" path="/Users/lin/Desktop/react-native/reactnative_pokedex/assets/official-artwork/22.png">
        <metrics statements="1" coveredstatements="1" conditionals="0" coveredconditionals="0" methods="0" coveredmethods="0"/>
        <line num="1" count="3" type="stmt"/>
      </file>
      <file name="23.png" path="/Users/lin/Desktop/react-native/reactnative_pokedex/assets/official-artwork/23.png">
        <metrics statements="1" coveredstatements="1" conditionals="0" coveredconditionals="0" methods="0" coveredmethods="0"/>
        <line num="1" count="3" type="stmt"/>
      </file>
      <file name="24.png" path="/Users/lin/Desktop/react-native/reactnative_pokedex/assets/official-artwork/24.png">
        <metrics statements="1" coveredstatements="1" conditionals="0" coveredconditionals="0" methods="0" coveredmethods="0"/>
        <line num="1" count="3" type="stmt"/>
      </file>
      <file name="25.png" path="/Users/lin/Desktop/react-native/reactnative_pokedex/assets/official-artwork/25.png">
        <metrics statements="1" coveredstatements="1" conditionals="0" coveredconditionals="0" methods="0" coveredmethods="0"/>
        <line num="1" count="3" type="stmt"/>
      </file>
      <file name="26.png" path="/Users/lin/Desktop/react-native/reactnative_pokedex/assets/official-artwork/26.png">
        <metrics statements="1" coveredstatements="1" conditionals="0" coveredconditionals="0" methods="0" coveredmethods="0"/>
        <line num="1" count="3" type="stmt"/>
      </file>
      <file name="27.png" path="/Users/lin/Desktop/react-native/reactnative_pokedex/assets/official-artwork/27.png">
        <metrics statements="1" coveredstatements="1" conditionals="0" coveredconditionals="0" methods="0" coveredmethods="0"/>
        <line num="1" count="3" type="stmt"/>
      </file>
      <file name="28.png" path="/Users/lin/Desktop/react-native/reactnative_pokedex/assets/official-artwork/28.png">
        <metrics statements="1" coveredstatements="1" conditionals="0" coveredconditionals="0" methods="0" coveredmethods="0"/>
        <line num="1" count="3" type="stmt"/>
      </file>
      <file name="29.png" path="/Users/lin/Desktop/react-native/reactnative_pokedex/assets/official-artwork/29.png">
        <metrics statements="1" coveredstatements="1" conditionals="0" coveredconditionals="0" methods="0" coveredmethods="0"/>
        <line num="1" count="3" type="stmt"/>
      </file>
      <file name="3.png" path="/Users/lin/Desktop/react-native/reactnative_pokedex/assets/official-artwork/3.png">
        <metrics statements="1" coveredstatements="1" conditionals="0" coveredconditionals="0" methods="0" coveredmethods="0"/>
        <line num="1" count="3" type="stmt"/>
      </file>
      <file name="30.png" path="/Users/lin/Desktop/react-native/reactnative_pokedex/assets/official-artwork/30.png">
        <metrics statements="1" coveredstatements="1" conditionals="0" coveredconditionals="0" methods="0" coveredmethods="0"/>
        <line num="1" count="3" type="stmt"/>
      </file>
      <file name="31.png" path="/Users/lin/Desktop/react-native/reactnative_pokedex/assets/official-artwork/31.png">
        <metrics statements="1" coveredstatements="1" conditionals="0" coveredconditionals="0" methods="0" coveredmethods="0"/>
        <line num="1" count="3" type="stmt"/>
      </file>
      <file name="32.png" path="/Users/lin/Desktop/react-native/reactnative_pokedex/assets/official-artwork/32.png">
        <metrics statements="1" coveredstatements="1" conditionals="0" coveredconditionals="0" methods="0" coveredmethods="0"/>
        <line num="1" count="3" type="stmt"/>
      </file>
      <file name="33.png" path="/Users/lin/Desktop/react-native/reactnative_pokedex/assets/official-artwork/33.png">
        <metrics statements="1" coveredstatements="1" conditionals="0" coveredconditionals="0" methods="0" coveredmethods="0"/>
        <line num="1" count="3" type="stmt"/>
      </file>
      <file name="34.png" path="/Users/lin/Desktop/react-native/reactnative_pokedex/assets/official-artwork/34.png">
        <metrics statements="1" coveredstatements="1" conditionals="0" coveredconditionals="0" methods="0" coveredmethods="0"/>
        <line num="1" count="3" type="stmt"/>
      </file>
      <file name="35.png" path="/Users/lin/Desktop/react-native/reactnative_pokedex/assets/official-artwork/35.png">
        <metrics statements="1" coveredstatements="1" conditionals="0" coveredconditionals="0" methods="0" coveredmethods="0"/>
        <line num="1" count="3" type="stmt"/>
      </file>
      <file name="36.png" path="/Users/lin/Desktop/react-native/reactnative_pokedex/assets/official-artwork/36.png">
        <metrics statements="1" coveredstatements="1" conditionals="0" coveredconditionals="0" methods="0" coveredmethods="0"/>
        <line num="1" count="3" type="stmt"/>
      </file>
      <file name="37.png" path="/Users/lin/Desktop/react-native/reactnative_pokedex/assets/official-artwork/37.png">
        <metrics statements="1" coveredstatements="1" conditionals="0" coveredconditionals="0" methods="0" coveredmethods="0"/>
        <line num="1" count="3" type="stmt"/>
      </file>
      <file name="38.png" path="/Users/lin/Desktop/react-native/reactnative_pokedex/assets/official-artwork/38.png">
        <metrics statements="1" coveredstatements="1" conditionals="0" coveredconditionals="0" methods="0" coveredmethods="0"/>
        <line num="1" count="3" type="stmt"/>
      </file>
      <file name="39.png" path="/Users/lin/Desktop/react-native/reactnative_pokedex/assets/official-artwork/39.png">
        <metrics statements="1" coveredstatements="1" conditionals="0" coveredconditionals="0" methods="0" coveredmethods="0"/>
        <line num="1" count="3" type="stmt"/>
      </file>
      <file name="4.png" path="/Users/lin/Desktop/react-native/reactnative_pokedex/assets/official-artwork/4.png">
        <metrics statements="1" coveredstatements="1" conditionals="0" coveredconditionals="0" methods="0" coveredmethods="0"/>
        <line num="1" count="3" type="stmt"/>
      </file>
      <file name="40.png" path="/Users/lin/Desktop/react-native/reactnative_pokedex/assets/official-artwork/40.png">
        <metrics statements="1" coveredstatements="1" conditionals="0" coveredconditionals="0" methods="0" coveredmethods="0"/>
        <line num="1" count="3" type="stmt"/>
      </file>
      <file name="41.png" path="/Users/lin/Desktop/react-native/reactnative_pokedex/assets/official-artwork/41.png">
        <metrics statements="1" coveredstatements="1" conditionals="0" coveredconditionals="0" methods="0" coveredmethods="0"/>
        <line num="1" count="3" type="stmt"/>
      </file>
      <file name="42.png" path="/Users/lin/Desktop/react-native/reactnative_pokedex/assets/official-artwork/42.png">
        <metrics statements="1" coveredstatements="1" conditionals="0" coveredconditionals="0" methods="0" coveredmethods="0"/>
        <line num="1" count="3" type="stmt"/>
      </file>
      <file name="43.png" path="/Users/lin/Desktop/react-native/reactnative_pokedex/assets/official-artwork/43.png">
        <metrics statements="1" coveredstatements="1" conditionals="0" coveredconditionals="0" methods="0" coveredmethods="0"/>
        <line num="1" count="3" type="stmt"/>
      </file>
      <file name="44.png" path="/Users/lin/Desktop/react-native/reactnative_pokedex/assets/official-artwork/44.png">
        <metrics statements="1" coveredstatements="1" conditionals="0" coveredconditionals="0" methods="0" coveredmethods="0"/>
        <line num="1" count="3" type="stmt"/>
      </file>
      <file name="45.png" path="/Users/lin/Desktop/react-native/reactnative_pokedex/assets/official-artwork/45.png">
        <metrics statements="1" coveredstatements="1" conditionals="0" coveredconditionals="0" methods="0" coveredmethods="0"/>
        <line num="1" count="3" type="stmt"/>
      </file>
      <file name="46.png" path="/Users/lin/Desktop/react-native/reactnative_pokedex/assets/official-artwork/46.png">
        <metrics statements="1" coveredstatements="1" conditionals="0" coveredconditionals="0" methods="0" coveredmethods="0"/>
        <line num="1" count="3" type="stmt"/>
      </file>
      <file name="47.png" path="/Users/lin/Desktop/react-native/reactnative_pokedex/assets/official-artwork/47.png">
        <metrics statements="1" coveredstatements="1" conditionals="0" coveredconditionals="0" methods="0" coveredmethods="0"/>
        <line num="1" count="3" type="stmt"/>
      </file>
      <file name="48.png" path="/Users/lin/Desktop/react-native/reactnative_pokedex/assets/official-artwork/48.png">
        <metrics statements="1" coveredstatements="1" conditionals="0" coveredconditionals="0" methods="0" coveredmethods="0"/>
        <line num="1" count="3" type="stmt"/>
      </file>
      <file name="49.png" path="/Users/lin/Desktop/react-native/reactnative_pokedex/assets/official-artwork/49.png">
        <metrics statements="1" coveredstatements="1" conditionals="0" coveredconditionals="0" methods="0" coveredmethods="0"/>
        <line num="1" count="3" type="stmt"/>
      </file>
      <file name="5.png" path="/Users/lin/Desktop/react-native/reactnative_pokedex/assets/official-artwork/5.png">
        <metrics statements="1" coveredstatements="1" conditionals="0" coveredconditionals="0" methods="0" coveredmethods="0"/>
        <line num="1" count="3" type="stmt"/>
      </file>
      <file name="50.png" path="/Users/lin/Desktop/react-native/reactnative_pokedex/assets/official-artwork/50.png">
        <metrics statements="1" coveredstatements="1" conditionals="0" coveredconditionals="0" methods="0" coveredmethods="0"/>
        <line num="1" count="3" type="stmt"/>
      </file>
      <file name="51.png" path="/Users/lin/Desktop/react-native/reactnative_pokedex/assets/official-artwork/51.png">
        <metrics statements="1" coveredstatements="1" conditionals="0" coveredconditionals="0" methods="0" coveredmethods="0"/>
        <line num="1" count="3" type="stmt"/>
      </file>
      <file name="52.png" path="/Users/lin/Desktop/react-native/reactnative_pokedex/assets/official-artwork/52.png">
        <metrics statements="1" coveredstatements="1" conditionals="0" coveredconditionals="0" methods="0" coveredmethods="0"/>
        <line num="1" count="3" type="stmt"/>
      </file>
      <file name="53.png" path="/Users/lin/Desktop/react-native/reactnative_pokedex/assets/official-artwork/53.png">
        <metrics statements="1" coveredstatements="1" conditionals="0" coveredconditionals="0" methods="0" coveredmethods="0"/>
        <line num="1" count="3" type="stmt"/>
      </file>
      <file name="54.png" path="/Users/lin/Desktop/react-native/reactnative_pokedex/assets/official-artwork/54.png">
        <metrics statements="1" coveredstatements="1" conditionals="0" coveredconditionals="0" methods="0" coveredmethods="0"/>
        <line num="1" count="3" type="stmt"/>
      </file>
      <file name="55.png" path="/Users/lin/Desktop/react-native/reactnative_pokedex/assets/official-artwork/55.png">
        <metrics statements="1" coveredstatements="1" conditionals="0" coveredconditionals="0" methods="0" coveredmethods="0"/>
        <line num="1" count="3" type="stmt"/>
      </file>
      <file name="56.png" path="/Users/lin/Desktop/react-native/reactnative_pokedex/assets/official-artwork/56.png">
        <metrics statements="1" coveredstatements="1" conditionals="0" coveredconditionals="0" methods="0" coveredmethods="0"/>
        <line num="1" count="3" type="stmt"/>
      </file>
      <file name="57.png" path="/Users/lin/Desktop/react-native/reactnative_pokedex/assets/official-artwork/57.png">
        <metrics statements="1" coveredstatements="1" conditionals="0" coveredconditionals="0" methods="0" coveredmethods="0"/>
        <line num="1" count="3" type="stmt"/>
      </file>
      <file name="58.png" path="/Users/lin/Desktop/react-native/reactnative_pokedex/assets/official-artwork/58.png">
        <metrics statements="1" coveredstatements="1" conditionals="0" coveredconditionals="0" methods="0" coveredmethods="0"/>
        <line num="1" count="3" type="stmt"/>
      </file>
      <file name="59.png" path="/Users/lin/Desktop/react-native/reactnative_pokedex/assets/official-artwork/59.png">
        <metrics statements="1" coveredstatements="1" conditionals="0" coveredconditionals="0" methods="0" coveredmethods="0"/>
        <line num="1" count="3" type="stmt"/>
      </file>
      <file name="6.png" path="/Users/lin/Desktop/react-native/reactnative_pokedex/assets/official-artwork/6.png">
        <metrics statements="1" coveredstatements="1" conditionals="0" coveredconditionals="0" methods="0" coveredmethods="0"/>
        <line num="1" count="3" type="stmt"/>
      </file>
      <file name="60.png" path="/Users/lin/Desktop/react-native/reactnative_pokedex/assets/official-artwork/60.png">
        <metrics statements="1" coveredstatements="1" conditionals="0" coveredconditionals="0" methods="0" coveredmethods="0"/>
        <line num="1" count="3" type="stmt"/>
      </file>
      <file name="61.png" path="/Users/lin/Desktop/react-native/reactnative_pokedex/assets/official-artwork/61.png">
        <metrics statements="1" coveredstatements="1" conditionals="0" coveredconditionals="0" methods="0" coveredmethods="0"/>
        <line num="1" count="3" type="stmt"/>
      </file>
      <file name="62.png" path="/Users/lin/Desktop/react-native/reactnative_pokedex/assets/official-artwork/62.png">
        <metrics statements="1" coveredstatements="1" conditionals="0" coveredconditionals="0" methods="0" coveredmethods="0"/>
        <line num="1" count="3" type="stmt"/>
      </file>
      <file name="63.png" path="/Users/lin/Desktop/react-native/reactnative_pokedex/assets/official-artwork/63.png">
        <metrics statements="1" coveredstatements="1" conditionals="0" coveredconditionals="0" methods="0" coveredmethods="0"/>
        <line num="1" count="3" type="stmt"/>
      </file>
      <file name="64.png" path="/Users/lin/Desktop/react-native/reactnative_pokedex/assets/official-artwork/64.png">
        <metrics statements="1" coveredstatements="1" conditionals="0" coveredconditionals="0" methods="0" coveredmethods="0"/>
        <line num="1" count="3" type="stmt"/>
      </file>
      <file name="65.png" path="/Users/lin/Desktop/react-native/reactnative_pokedex/assets/official-artwork/65.png">
        <metrics statements="1" coveredstatements="1" conditionals="0" coveredconditionals="0" methods="0" coveredmethods="0"/>
        <line num="1" count="3" type="stmt"/>
      </file>
      <file name="66.png" path="/Users/lin/Desktop/react-native/reactnative_pokedex/assets/official-artwork/66.png">
        <metrics statements="1" coveredstatements="1" conditionals="0" coveredconditionals="0" methods="0" coveredmethods="0"/>
        <line num="1" count="3" type="stmt"/>
      </file>
      <file name="67.png" path="/Users/lin/Desktop/react-native/reactnative_pokedex/assets/official-artwork/67.png">
        <metrics statements="1" coveredstatements="1" conditionals="0" coveredconditionals="0" methods="0" coveredmethods="0"/>
        <line num="1" count="3" type="stmt"/>
      </file>
      <file name="68.png" path="/Users/lin/Desktop/react-native/reactnative_pokedex/assets/official-artwork/68.png">
        <metrics statements="1" coveredstatements="1" conditionals="0" coveredconditionals="0" methods="0" coveredmethods="0"/>
        <line num="1" count="3" type="stmt"/>
      </file>
      <file name="69.png" path="/Users/lin/Desktop/react-native/reactnative_pokedex/assets/official-artwork/69.png">
        <metrics statements="1" coveredstatements="1" conditionals="0" coveredconditionals="0" methods="0" coveredmethods="0"/>
        <line num="1" count="3" type="stmt"/>
      </file>
      <file name="7.png" path="/Users/lin/Desktop/react-native/reactnative_pokedex/assets/official-artwork/7.png">
        <metrics statements="1" coveredstatements="1" conditionals="0" coveredconditionals="0" methods="0" coveredmethods="0"/>
        <line num="1" count="3" type="stmt"/>
      </file>
      <file name="70.png" path="/Users/lin/Desktop/react-native/reactnative_pokedex/assets/official-artwork/70.png">
        <metrics statements="1" coveredstatements="1" conditionals="0" coveredconditionals="0" methods="0" coveredmethods="0"/>
        <line num="1" count="3" type="stmt"/>
      </file>
      <file name="71.png" path="/Users/lin/Desktop/react-native/reactnative_pokedex/assets/official-artwork/71.png">
        <metrics statements="1" coveredstatements="1" conditionals="0" coveredconditionals="0" methods="0" coveredmethods="0"/>
        <line num="1" count="3" type="stmt"/>
      </file>
      <file name="72.png" path="/Users/lin/Desktop/react-native/reactnative_pokedex/assets/official-artwork/72.png">
        <metrics statements="1" coveredstatements="1" conditionals="0" coveredconditionals="0" methods="0" coveredmethods="0"/>
        <line num="1" count="3" type="stmt"/>
      </file>
      <file name="73.png" path="/Users/lin/Desktop/react-native/reactnative_pokedex/assets/official-artwork/73.png">
        <metrics statements="1" coveredstatements="1" conditionals="0" coveredconditionals="0" methods="0" coveredmethods="0"/>
        <line num="1" count="3" type="stmt"/>
      </file>
      <file name="74.png" path="/Users/lin/Desktop/react-native/reactnative_pokedex/assets/official-artwork/74.png">
        <metrics statements="1" coveredstatements="1" conditionals="0" coveredconditionals="0" methods="0" coveredmethods="0"/>
        <line num="1" count="3" type="stmt"/>
      </file>
      <file name="75.png" path="/Users/lin/Desktop/react-native/reactnative_pokedex/assets/official-artwork/75.png">
        <metrics statements="1" coveredstatements="1" conditionals="0" coveredconditionals="0" methods="0" coveredmethods="0"/>
        <line num="1" count="3" type="stmt"/>
      </file>
      <file name="76.png" path="/Users/lin/Desktop/react-native/reactnative_pokedex/assets/official-artwork/76.png">
        <metrics statements="1" coveredstatements="1" conditionals="0" coveredconditionals="0" methods="0" coveredmethods="0"/>
        <line num="1" count="3" type="stmt"/>
      </file>
      <file name="77.png" path="/Users/lin/Desktop/react-native/reactnative_pokedex/assets/official-artwork/77.png">
        <metrics statements="1" coveredstatements="1" conditionals="0" coveredconditionals="0" methods="0" coveredmethods="0"/>
        <line num="1" count="3" type="stmt"/>
      </file>
      <file name="78.png" path="/Users/lin/Desktop/react-native/reactnative_pokedex/assets/official-artwork/78.png">
        <metrics statements="1" coveredstatements="1" conditionals="0" coveredconditionals="0" methods="0" coveredmethods="0"/>
        <line num="1" count="3" type="stmt"/>
      </file>
      <file name="79.png" path="/Users/lin/Desktop/react-native/reactnative_pokedex/assets/official-artwork/79.png">
        <metrics statements="1" coveredstatements="1" conditionals="0" coveredconditionals="0" methods="0" coveredmethods="0"/>
        <line num="1" count="3" type="stmt"/>
      </file>
      <file name="8.png" path="/Users/lin/Desktop/react-native/reactnative_pokedex/assets/official-artwork/8.png">
        <metrics statements="1" coveredstatements="1" conditionals="0" coveredconditionals="0" methods="0" coveredmethods="0"/>
        <line num="1" count="3" type="stmt"/>
      </file>
      <file name="80.png" path="/Users/lin/Desktop/react-native/reactnative_pokedex/assets/official-artwork/80.png">
        <metrics statements="1" coveredstatements="1" conditionals="0" coveredconditionals="0" methods="0" coveredmethods="0"/>
        <line num="1" count="3" type="stmt"/>
      </file>
      <file name="81.png" path="/Users/lin/Desktop/react-native/reactnative_pokedex/assets/official-artwork/81.png">
        <metrics statements="1" coveredstatements="1" conditionals="0" coveredconditionals="0" methods="0" coveredmethods="0"/>
        <line num="1" count="3" type="stmt"/>
      </file>
      <file name="82.png" path="/Users/lin/Desktop/react-native/reactnative_pokedex/assets/official-artwork/82.png">
        <metrics statements="1" coveredstatements="1" conditionals="0" coveredconditionals="0" methods="0" coveredmethods="0"/>
        <line num="1" count="3" type="stmt"/>
      </file>
      <file name="83.png" path="/Users/lin/Desktop/react-native/reactnative_pokedex/assets/official-artwork/83.png">
        <metrics statements="1" coveredstatements="1" conditionals="0" coveredconditionals="0" methods="0" coveredmethods="0"/>
        <line num="1" count="3" type="stmt"/>
      </file>
      <file name="84.png" path="/Users/lin/Desktop/react-native/reactnative_pokedex/assets/official-artwork/84.png">
        <metrics statements="1" coveredstatements="1" conditionals="0" coveredconditionals="0" methods="0" coveredmethods="0"/>
        <line num="1" count="3" type="stmt"/>
      </file>
      <file name="85.png" path="/Users/lin/Desktop/react-native/reactnative_pokedex/assets/official-artwork/85.png">
        <metrics statements="1" coveredstatements="1" conditionals="0" coveredconditionals="0" methods="0" coveredmethods="0"/>
        <line num="1" count="3" type="stmt"/>
      </file>
      <file name="86.png" path="/Users/lin/Desktop/react-native/reactnative_pokedex/assets/official-artwork/86.png">
        <metrics statements="1" coveredstatements="1" conditionals="0" coveredconditionals="0" methods="0" coveredmethods="0"/>
        <line num="1" count="3" type="stmt"/>
      </file>
      <file name="87.png" path="/Users/lin/Desktop/react-native/reactnative_pokedex/assets/official-artwork/87.png">
        <metrics statements="1" coveredstatements="1" conditionals="0" coveredconditionals="0" methods="0" coveredmethods="0"/>
        <line num="1" count="3" type="stmt"/>
      </file>
      <file name="88.png" path="/Users/lin/Desktop/react-native/reactnative_pokedex/assets/official-artwork/88.png">
        <metrics statements="1" coveredstatements="1" conditionals="0" coveredconditionals="0" methods="0" coveredmethods="0"/>
        <line num="1" count="3" type="stmt"/>
      </file>
      <file name="89.png" path="/Users/lin/Desktop/react-native/reactnative_pokedex/assets/official-artwork/89.png">
        <metrics statements="1" coveredstatements="1" conditionals="0" coveredconditionals="0" methods="0" coveredmethods="0"/>
        <line num="1" count="3" type="stmt"/>
      </file>
      <file name="9.png" path="/Users/lin/Desktop/react-native/reactnative_pokedex/assets/official-artwork/9.png">
        <metrics statements="1" coveredstatements="1" conditionals="0" coveredconditionals="0" methods="0" coveredmethods="0"/>
        <line num="1" count="3" type="stmt"/>
      </file>
      <file name="90.png" path="/Users/lin/Desktop/react-native/reactnative_pokedex/assets/official-artwork/90.png">
        <metrics statements="1" coveredstatements="1" conditionals="0" coveredconditionals="0" methods="0" coveredmethods="0"/>
        <line num="1" count="3" type="stmt"/>
      </file>
      <file name="91.png" path="/Users/lin/Desktop/react-native/reactnative_pokedex/assets/official-artwork/91.png">
        <metrics statements="1" coveredstatements="1" conditionals="0" coveredconditionals="0" methods="0" coveredmethods="0"/>
        <line num="1" count="3" type="stmt"/>
      </file>
      <file name="92.png" path="/Users/lin/Desktop/react-native/reactnative_pokedex/assets/official-artwork/92.png">
        <metrics statements="1" coveredstatements="1" conditionals="0" coveredconditionals="0" methods="0" coveredmethods="0"/>
        <line num="1" count="3" type="stmt"/>
      </file>
      <file name="93.png" path="/Users/lin/Desktop/react-native/reactnative_pokedex/assets/official-artwork/93.png">
        <metrics statements="1" coveredstatements="1" conditionals="0" coveredconditionals="0" methods="0" coveredmethods="0"/>
        <line num="1" count="3" type="stmt"/>
      </file>
      <file name="94.png" path="/Users/lin/Desktop/react-native/reactnative_pokedex/assets/official-artwork/94.png">
        <metrics statements="1" coveredstatements="1" conditionals="0" coveredconditionals="0" methods="0" coveredmethods="0"/>
        <line num="1" count="3" type="stmt"/>
      </file>
      <file name="95.png" path="/Users/lin/Desktop/react-native/reactnative_pokedex/assets/official-artwork/95.png">
        <metrics statements="1" coveredstatements="1" conditionals="0" coveredconditionals="0" methods="0" coveredmethods="0"/>
        <line num="1" count="3" type="stmt"/>
      </file>
      <file name="96.png" path="/Users/lin/Desktop/react-native/reactnative_pokedex/assets/official-artwork/96.png">
        <metrics statements="1" coveredstatements="1" conditionals="0" coveredconditionals="0" methods="0" coveredmethods="0"/>
        <line num="1" count="3" type="stmt"/>
      </file>
      <file name="97.png" path="/Users/lin/Desktop/react-native/reactnative_pokedex/assets/official-artwork/97.png">
        <metrics statements="1" coveredstatements="1" conditionals="0" coveredconditionals="0" methods="0" coveredmethods="0"/>
        <line num="1" count="3" type="stmt"/>
      </file>
      <file name="98.png" path="/Users/lin/Desktop/react-native/reactnative_pokedex/assets/official-artwork/98.png">
        <metrics statements="1" coveredstatements="1" conditionals="0" coveredconditionals="0" methods="0" coveredmethods="0"/>
        <line num="1" count="3" type="stmt"/>
      </file>
      <file name="99.png" path="/Users/lin/Desktop/react-native/reactnative_pokedex/assets/official-artwork/99.png">
        <metrics statements="1" coveredstatements="1" conditionals="0" coveredconditionals="0" methods="0" coveredmethods="0"/>
        <line num="1" count="3" type="stmt"/>
      </file>
    </package>
    <package name="reactnative_pokedex.src.api">
      <metrics statements="39" coveredstatements="5" conditionals="0" coveredconditionals="0" methods="6" coveredmethods="1"/>
      <file name="pokemon.js" path="/Users/lin/Desktop/react-native/reactnative_pokedex/src/api/pokemon.js">
        <metrics statements="39" coveredstatements="5" conditionals="0" coveredconditionals="0" methods="6" coveredmethods="1"/>
        <line num="4" count="0" type="stmt"/>
        <line num="5" count="0" type="stmt"/>
        <line num="6" count="0" type="stmt"/>
        <line num="7" count="0" type="stmt"/>
        <line num="9" count="0" type="stmt"/>
        <line num="14" count="1" type="stmt"/>
        <line num="15" count="1" type="stmt"/>
        <line num="16" count="1" type="stmt"/>
        <line num="17" count="1" type="stmt"/>
        <line num="18" count="1" type="stmt"/>
        <line num="20" count="0" type="stmt"/>
        <line num="25" count="0" type="stmt"/>
        <line num="26" count="0" type="stmt"/>
        <line num="27" count="0" type="stmt"/>
        <line num="28" count="0" type="stmt"/>
        <line num="30" count="0" type="stmt"/>
        <line num="35" count="0" type="stmt"/>
        <line num="36" count="0" type="stmt"/>
        <line num="37" count="0" type="stmt"/>
        <line num="38" count="0" type="stmt"/>
        <line num="39" count="0" type="stmt"/>
        <line num="41" count="0" type="stmt"/>
        <line num="46" count="0" type="stmt"/>
        <line num="47" count="0" type="stmt"/>
        <line num="48" count="0" type="stmt"/>
        <line num="49" count="0" type="stmt"/>
        <line num="50" count="0" type="stmt"/>
        <line num="52" count="0" type="stmt"/>
        <line num="57" count="0" type="stmt"/>
        <line num="58" count="0" type="stmt"/>
        <line num="59" count="0" type="stmt"/>
        <line num="60" count="0" type="stmt"/>
        <line num="61" count="0" type="stmt"/>
        <line num="62" count="0" type="stmt"/>
        <line num="63" count="0" type="stmt"/>
        <line num="64" count="0" type="stmt"/>
        <line num="65" count="0" type="stmt"/>
        <line num="66" count="0" type="stmt"/>
        <line num="69" count="0" type="stmt"/>
      </file>
    </package>
    <package name="reactnative_pokedex.src.components">
      <metrics statements="78" coveredstatements="15" conditionals="16" coveredconditionals="0" methods="31" coveredmethods="4"/>
      <file name="Checkbox.js" path="/Users/lin/Desktop/react-native/reactnative_pokedex/src/components/Checkbox.js">
        <metrics statements="0" coveredstatements="0" conditionals="0" coveredconditionals="0" methods="0" coveredmethods="0"/>
      </file>
      <file name="PokemonCard.js" path="/Users/lin/Desktop/react-native/reactnative_pokedex/src/components/PokemonCard.js">
        <metrics statements="17" coveredstatements="4" conditionals="4" coveredconditionals="0" methods="5" coveredmethods="1"/>
        <line num="16" count="3" type="stmt"/>
        <line num="17" count="2" type="stmt"/>
        <line num="18" count="2" type="stmt"/>
        <line num="20" count="0" type="stmt"/>
        <line num="21" count="0" type="stmt"/>
        <line num="22" count="0" type="stmt"/>
        <line num="25" count="0" type="stmt"/>
        <line num="26" count="0" type="stmt"/>
        <line num="27" count="0" type="stmt"/>
        <line num="31" count="0" type="cond" truecount="0" falsecount="2"/>
        <line num="33" count="0" type="stmt"/>
        <line num="34" count="0" type="stmt"/>
        <line num="36" count="0" type="stmt"/>
        <line num="37" count="0" type="stmt"/>
        <line num="44" count="0" type="cond" truecount="0" falsecount="2"/>
        <line num="48" count="0" type="stmt"/>
        <line num="61" count="3" type="stmt"/>
      </file>
      <file name="PokemonDetailsHeader.js" path="/Users/lin/Desktop/react-native/reactnative_pokedex/src/components/PokemonDetailsHeader.js">
        <metrics statements="24" coveredstatements="1" conditionals="8" coveredconditionals="0" methods="10" coveredmethods="0"/>
        <line num="20" count="0" type="stmt"/>
        <line num="21" count="0" type="stmt"/>
        <line num="23" count="0" type="stmt"/>
        <line num="25" count="0" type="stmt"/>
        <line num="26" count="0" type="stmt"/>
        <line num="27" count="0" type="stmt"/>
        <line num="28" count="0" type="stmt"/>
        <line num="32" count="0" type="stmt"/>
        <line num="33" count="0" type="stmt"/>
        <line num="34" count="0" type="stmt"/>
        <line num="35" count="0" type="stmt"/>
        <line num="36" count="0" type="stmt"/>
        <line num="49" count="0" type="stmt"/>
        <line num="50" count="0" type="stmt"/>
        <line num="51" count="0" type="stmt"/>
        <line num="54" count="0" type="stmt"/>
        <line num="55" count="0" type="stmt"/>
        <line num="56" count="0" type="stmt"/>
        <line num="60" count="0" type="cond" truecount="0" falsecount="2"/>
        <line num="63" count="0" type="cond" truecount="0" falsecount="2"/>
        <line num="65" count="0" type="stmt"/>
        <line num="104" count="0" type="stmt"/>
        <line num="118" count="0" type="stmt"/>
        <line num="132" count="2" type="stmt"/>
      </file>
      <file name="PokemonDetailsStats.js" path="/Users/lin/Desktop/react-native/reactnative_pokedex/src/components/PokemonDetailsStats.js">
        <metrics statements="8" coveredstatements="8" conditionals="0" coveredconditionals="0" methods="3" coveredmethods="3"/>
        <line num="8" count="3" type="stmt"/>
        <line num="9" count="1" type="stmt"/>
        <line num="10" count="1" type="stmt"/>
        <line num="12" count="1" type="stmt"/>
        <line num="13" count="1" type="stmt"/>
        <line num="15" count="1" type="stmt"/>
        <line num="19" count="1" type="stmt"/>
        <line num="54" count="3" type="stmt"/>
      </file>
      <file name="SearchModal.js" path="/Users/lin/Desktop/react-native/reactnative_pokedex/src/components/SearchModal.js">
        <metrics statements="29" coveredstatements="2" conditionals="4" coveredconditionals="0" methods="13" coveredmethods="0"/>
        <line num="15" count="3" type="stmt"/>
        <line num="21" count="0" type="stmt"/>
        <line num="24" count="0" type="stmt"/>
        <line num="25" count="0" type="stmt"/>
        <line num="26" count="0" type="stmt"/>
        <line num="27" count="0" type="stmt"/>
        <line num="29" count="0" type="cond" truecount="0" falsecount="2"/>
        <line num="30" count="0" type="stmt"/>
        <line num="31" count="0" type="stmt"/>
        <line num="32" count="0" type="stmt"/>
        <line num="34" count="0" type="stmt"/>
        <line num="35" count="0" type="stmt"/>
        <line num="36" count="0" type="stmt"/>
        <line num="39" count="0" type="stmt"/>
        <line num="42" count="0" type="stmt"/>
        <line num="43" count="0" type="stmt"/>
        <line num="46" count="0" type="stmt"/>
        <line num="47" count="0" type="stmt"/>
        <line num="48" count="0" type="cond" truecount="0" falsecount="2"/>
        <line num="49" count="0" type="stmt"/>
        <line num="51" count="0" type="stmt"/>
        <line num="53" count="0" type="stmt"/>
        <line num="56" count="0" type="stmt"/>
        <line num="65" count="0" type="stmt"/>
        <line num="67" count="0" type="stmt"/>
        <line num="75" count="0" type="stmt"/>
        <line num="81" count="0" type="stmt"/>
        <line num="87" count="0" type="stmt"/>
        <line num="98" count="3" type="stmt"/>
      </file>
    </package>
    <package name="reactnative_pokedex.src.data">
      <metrics statements="1" coveredstatements="1" conditionals="0" coveredconditionals="0" methods="0" coveredmethods="0"/>
      <file name="images.js" path="/Users/lin/Desktop/react-native/reactnative_pokedex/src/data/images.js">
        <metrics statements="1" coveredstatements="1" conditionals="0" coveredconditionals="0" methods="0" coveredmethods="0"/>
        <line num="1" count="3" type="stmt"/>
      </file>
    </package>
    <package name="reactnative_pokedex.src.navigation">
      <metrics statements="6" coveredstatements="4" conditionals="0" coveredconditionals="0" methods="5" coveredmethods="2"/>
      <file name="MainNavigator.js" path="/Users/lin/Desktop/react-native/reactnative_pokedex/src/navigation/MainNavigator.js">
        <metrics statements="6" coveredstatements="4" conditionals="0" coveredconditionals="0" methods="5" coveredmethods="2"/>
        <line num="7" count="2" type="stmt"/>
        <line num="9" count="2" type="stmt"/>
        <line num="10" count="4" type="stmt"/>
        <line num="15" count="3" type="stmt"/>
        <line num="36" count="0" type="stmt"/>
        <line num="38" count="0" type="stmt"/>
      </file>
    </package>
    <package name="reactnative_pokedex.src.redux">
      <metrics statements="7" coveredstatements="5" conditionals="0" coveredconditionals="0" methods="4" coveredmethods="2"/>
      <file name="pokemonSlice.js" path="/Users/lin/Desktop/react-native/reactnative_pokedex/src/redux/pokemonSlice.js">
        <metrics statements="5" coveredstatements="3" conditionals="0" coveredconditionals="0" methods="3" coveredmethods="1"/>
        <line num="3" count="4" type="stmt"/>
        <line num="12" count="1" type="stmt"/>
        <line num="15" count="0" type="stmt"/>
        <line num="19" count="0" type="stmt"/>
        <line num="25" count="4" type="stmt"/>
      </file>
      <file name="store.js" path="/Users/lin/Desktop/react-native/reactnative_pokedex/src/redux/store.js">
        <metrics statements="2" coveredstatements="2" conditionals="0" coveredconditionals="0" methods="1" coveredmethods="1"/>
        <line num="4" count="1" type="stmt"/>
        <line num="10" count="1" type="stmt"/>
      </file>
    </package>
    <package name="reactnative_pokedex.src.screens">
      <metrics statements="73" coveredstatements="33" conditionals="18" coveredconditionals="3" methods="21" coveredmethods="9"/>
      <file name="OpenScreen.js" path="/Users/lin/Desktop/react-native/reactnative_pokedex/src/screens/OpenScreen.js">
        <metrics statements="6" coveredstatements="6" conditionals="0" coveredconditionals="0" methods="2" coveredmethods="2"/>
        <line num="5" count="2" type="stmt"/>
        <line num="6" count="2" type="stmt"/>
        <line num="8" count="2" type="stmt"/>
        <line num="9" count="1" type="stmt"/>
        <line num="11" count="2" type="stmt"/>
        <line num="28" count="2" type="stmt"/>
      </file>
      <file name="PokemonDetails.js" path="/Users/lin/Desktop/react-native/reactnative_pokedex/src/screens/PokemonDetails.js">
        <metrics statements="13" coveredstatements="1" conditionals="2" coveredconditionals="0" methods="3" coveredmethods="0"/>
        <line num="9" count="2" type="stmt"/>
        <line num="10" count="0" type="stmt"/>
        <line num="12" count="0" type="stmt"/>
        <line num="13" count="0" type="stmt"/>
        <line num="15" count="0" type="stmt"/>
        <line num="16" count="0" type="stmt"/>
        <line num="17" count="0" type="stmt"/>
        <line num="18" count="0" type="stmt"/>
        <line num="19" count="0" type="stmt"/>
        <line num="20" count="0" type="stmt"/>
        <line num="22" count="0" type="stmt"/>
        <line num="27" count="0" type="cond" truecount="0" falsecount="2"/>
        <line num="29" count="0" type="stmt"/>
      </file>
      <file name="PokemonHome.js" path="/Users/lin/Desktop/react-native/reactnative_pokedex/src/screens/PokemonHome.js">
        <metrics statements="54" coveredstatements="26" conditionals="16" coveredconditionals="3" methods="16" coveredmethods="7"/>
        <line num="17" count="3" type="stmt"/>
        <line num="18" count="6" type="stmt"/>
        <line num="19" count="4" type="stmt"/>
        <line num="20" count="3" type="stmt"/>
        <line num="21" count="3" type="stmt"/>
        <line num="22" count="3" type="stmt"/>
        <line num="23" count="3" type="stmt"/>
        <line num="24" count="3" type="stmt"/>
        <line num="25" count="3" type="stmt"/>
        <line num="26" count="3" type="stmt"/>
        <line num="28" count="3" type="stmt"/>
        <line num="29" count="1" type="stmt"/>
        <line num="30" count="1" type="stmt"/>
        <line num="31" count="1" type="stmt"/>
        <line num="32" count="1" type="stmt"/>
        <line num="33" count="0" type="stmt"/>
        <line num="36" count="3" type="stmt"/>
        <line num="37" count="0" type="cond" truecount="0" falsecount="2"/>
        <line num="38" count="0" type="stmt"/>
        <line num="39" count="0" type="cond" truecount="0" falsecount="2"/>
        <line num="40" count="0" type="stmt"/>
        <line num="41" count="0" type="stmt"/>
        <line num="44" count="0" type="stmt"/>
        <line num="45" count="0" type="stmt"/>
        <line num="47" count="0" type="stmt"/>
        <line num="48" count="0" type="stmt"/>
        <line num="52" count="3" type="stmt"/>
        <line num="53" count="0" type="cond" truecount="0" falsecount="2"/>
        <line num="54" count="0" type="stmt"/>
        <line num="55" count="0" type="cond" truecount="0" falsecount="2"/>
        <line num="56" count="0" type="stmt"/>
        <line num="57" count="0" type="stmt"/>
        <line num="60" count="0" type="stmt"/>
        <line num="61" count="0" type="stmt"/>
        <line num="63" count="0" type="stmt"/>
        <line num="64" count="0" type="stmt"/>
        <line num="68" count="3" type="stmt"/>
        <line num="69" count="1" type="stmt"/>
        <line num="70" count="1" type="stmt"/>
        <line num="75" count="3" type="stmt"/>
        <line num="76" count="0" type="cond" truecount="0" falsecount="2"/>
        <line num="77" count="0" type="cond" truecount="0" falsecount="2"/>
        <line num="78" count="0" type="stmt"/>
        <line num="79" count="0" type="stmt"/>
        <line num="80" count="0" type="stmt"/>
        <line num="82" count="0" type="stmt"/>
        <line num="83" count="0" type="stmt"/>
        <line num="84" count="0" type="stmt"/>
        <line num="94" count="3" type="stmt"/>
        <line num="101" count="0" type="stmt"/>
        <line num="124" count="2" type="stmt"/>
        <line num="125" count="2" type="stmt"/>
        <line num="129" count="1" type="cond" truecount="1" falsecount="1"/>
        <line num="157" count="3" type="stmt"/>
      </file>
    </package>
    <package name="reactnative_pokedex.src.utils">
      <metrics statements="9" coveredstatements="8" conditionals="3" coveredconditionals="3" methods="4" coveredmethods="3"/>
      <file name="constants.js" path="/Users/lin/Desktop/react-native/reactnative_pokedex/src/utils/constants.js">
        <metrics statements="4" coveredstatements="4" conditionals="0" coveredconditionals="0" methods="0" coveredmethods="0"/>
        <line num="1" count="4" type="stmt"/>
        <line num="3" count="4" type="stmt"/>
        <line num="28" count="4" type="stmt"/>
        <line num="131" count="4" type="stmt"/>
      </file>
      <file name="getColorByPokemonType.js" path="/Users/lin/Desktop/react-native/reactnative_pokedex/src/utils/getColorByPokemonType.js">
        <metrics statements="1" coveredstatements="1" conditionals="0" coveredconditionals="0" methods="1" coveredmethods="1"/>
        <line num="3" count="4" type="stmt"/>
      </file>
      <file name="removeEscapeCharacters.js" path="/Users/lin/Desktop/react-native/reactnative_pokedex/src/utils/removeEscapeCharacters.js">
        <metrics statements="2" coveredstatements="1" conditionals="0" coveredconditionals="0" methods="1" coveredmethods="0"/>
        <line num="1" count="2" type="stmt"/>
        <line num="2" count="0" type="stmt"/>
      </file>
      <file name="utils-for-test.js" path="/Users/lin/Desktop/react-native/reactnative_pokedex/src/utils/utils-for-test.js">
        <metrics statements="2" coveredstatements="2" conditionals="3" coveredconditionals="3" methods="2" coveredmethods="2"/>
        <line num="19" count="2" type="stmt"/>
        <line num="21" count="2" type="stmt"/>
      </file>
    </package>
  </project>
</coverage>
