{"/Users/lin/Desktop/react-native/reactnative_pokedex/App.js": {"path":"/Users/lin/Desktop/react-native/reactnative_pokedex/App.js","statementMap":{"0":{"start":{"line":7,"column":2},"end":{"line":13,"column":4}}},"fnMap":{"0":{"name":"App","decl":{"start":{"line":6,"column":24},"end":{"line":6,"column":27}},"loc":{"start":{"line":6,"column":30},"end":{"line":14,"column":1}},"line":6}},"branchMap":{},"s":{"0":1},"f":{"0":1},"b":{},"_coverageSchema":"1a1c01bbd47fc00a2c39e90264f33305004495a9","hash":"b5f877962cea2f02696a26bd169d426c9afcc385"}
,"/Users/lin/Desktop/react-native/reactnative_pokedex/assets/official-artwork/1.png": {"path":"/Users/lin/Desktop/react-native/reactnative_pokedex/assets/official-artwork/1.png","statementMap":{"0":{"start":{"line":1,"column":0},"end":{"line":4,"column":6}}},"fnMap":{},"branchMap":{},"s":{"0":3},"f":{},"b":{},"_coverageSchema":"1a1c01bbd47fc00a2c39e90264f33305004495a9","hash":"a0eb942011bbb270f679b45313e9a784c3c9c1d4"}
,"/Users/lin/Desktop/react-native/reactnative_pokedex/assets/official-artwork/10.png": {"path":"/Users/lin/Desktop/react-native/reactnative_pokedex/assets/official-artwork/10.png","statementMap":{"0":{"start":{"line":1,"column":0},"end":{"line":4,"column":6}}},"fnMap":{},"branchMap":{},"s":{"0":3},"f":{},"b":{},"_coverageSchema":"1a1c01bbd47fc00a2c39e90264f33305004495a9","hash":"763dcda9dcdba782c4c4c72a348aad54fa673936"}
,"/Users/lin/Desktop/react-native/reactnative_pokedex/assets/official-artwork/100.png": {"path":"/Users/lin/Desktop/react-native/reactnative_pokedex/assets/official-artwork/100.png","statementMap":{"0":{"start":{"line":1,"column":0},"end":{"line":4,"column":6}}},"fnMap":{},"branchMap":{},"s":{"0":3},"f":{},"b":{},"_coverageSchema":"1a1c01bbd47fc00a2c39e90264f33305004495a9","hash":"48189949d85b0b31f73ea98806a8fcacddae9ba8"}
,"/Users/lin/Desktop/react-native/reactnative_pokedex/assets/official-artwork/101.png": {"path":"/Users/lin/Desktop/react-native/reactnative_pokedex/assets/official-artwork/101.png","statementMap":{"0":{"start":{"line":1,"column":0},"end":{"line":4,"column":6}}},"fnMap":{},"branchMap":{},"s":{"0":3},"f":{},"b":{},"_coverageSchema":"1a1c01bbd47fc00a2c39e90264f33305004495a9","hash":"0c68ded368b43c0aca8efc563281f0b70d93f751"}
,"/Users/lin/Desktop/react-native/reactnative_pokedex/assets/official-artwork/102.png": {"path":"/Users/lin/Desktop/react-native/reactnative_pokedex/assets/official-artwork/102.png","statementMap":{"0":{"start":{"line":1,"column":0},"end":{"line":4,"column":6}}},"fnMap":{},"branchMap":{},"s":{"0":3},"f":{},"b":{},"_coverageSchema":"1a1c01bbd47fc00a2c39e90264f33305004495a9","hash":"181c4f92964fd4df6fe851cf5a148c2f8b9aecd6"}
,"/Users/lin/Desktop/react-native/reactnative_pokedex/assets/official-artwork/103.png": {"path":"/Users/lin/Desktop/react-native/reactnative_pokedex/assets/official-artwork/103.png","statementMap":{"0":{"start":{"line":1,"column":0},"end":{"line":4,"column":6}}},"fnMap":{},"branchMap":{},"s":{"0":3},"f":{},"b":{},"_coverageSchema":"1a1c01bbd47fc00a2c39e90264f33305004495a9","hash":"5e6e8c9c7e0a320e2e61ad6217cf67bc949b1225"}
,"/Users/lin/Desktop/react-native/reactnative_pokedex/assets/official-artwork/104.png": {"path":"/Users/lin/Desktop/react-native/reactnative_pokedex/assets/official-artwork/104.png","statementMap":{"0":{"start":{"line":1,"column":0},"end":{"line":4,"column":6}}},"fnMap":{},"branchMap":{},"s":{"0":3},"f":{},"b":{},"_coverageSchema":"1a1c01bbd47fc00a2c39e90264f33305004495a9","hash":"3a7b8103c082ac5e0f42afa185a0df79ddf409c2"}
,"/Users/lin/Desktop/react-native/reactnative_pokedex/assets/official-artwork/105.png": {"path":"/Users/lin/Desktop/react-native/reactnative_pokedex/assets/official-artwork/105.png","statementMap":{"0":{"start":{"line":1,"column":0},"end":{"line":4,"column":6}}},"fnMap":{},"branchMap":{},"s":{"0":3},"f":{},"b":{},"_coverageSchema":"1a1c01bbd47fc00a2c39e90264f33305004495a9","hash":"1b90d8852c93dac1375bc3e0febe85b28d5881ab"}
,"/Users/lin/Desktop/react-native/reactnative_pokedex/assets/official-artwork/106.png": {"path":"/Users/lin/Desktop/react-native/reactnative_pokedex/assets/official-artwork/106.png","statementMap":{"0":{"start":{"line":1,"column":0},"end":{"line":4,"column":6}}},"fnMap":{},"branchMap":{},"s":{"0":3},"f":{},"b":{},"_coverageSchema":"1a1c01bbd47fc00a2c39e90264f33305004495a9","hash":"9a81235d75db54cbd0b9219fce1b143d09b7a2bd"}
,"/Users/lin/Desktop/react-native/reactnative_pokedex/assets/official-artwork/107.png": {"path":"/Users/lin/Desktop/react-native/reactnative_pokedex/assets/official-artwork/107.png","statementMap":{"0":{"start":{"line":1,"column":0},"end":{"line":4,"column":6}}},"fnMap":{},"branchMap":{},"s":{"0":3},"f":{},"b":{},"_coverageSchema":"1a1c01bbd47fc00a2c39e90264f33305004495a9","hash":"0ed33c1ee73f43ddba9c17a99d4e7b78c2afae00"}
,"/Users/lin/Desktop/react-native/reactnative_pokedex/assets/official-artwork/108.png": {"path":"/Users/lin/Desktop/react-native/reactnative_pokedex/assets/official-artwork/108.png","statementMap":{"0":{"start":{"line":1,"column":0},"end":{"line":4,"column":6}}},"fnMap":{},"branchMap":{},"s":{"0":3},"f":{},"b":{},"_coverageSchema":"1a1c01bbd47fc00a2c39e90264f33305004495a9","hash":"b4b4292fe548422e42623a040336e5405b2a302f"}
,"/Users/lin/Desktop/react-native/reactnative_pokedex/assets/official-artwork/109.png": {"path":"/Users/lin/Desktop/react-native/reactnative_pokedex/assets/official-artwork/109.png","statementMap":{"0":{"start":{"line":1,"column":0},"end":{"line":4,"column":6}}},"fnMap":{},"branchMap":{},"s":{"0":3},"f":{},"b":{},"_coverageSchema":"1a1c01bbd47fc00a2c39e90264f33305004495a9","hash":"5a21329b2132c38e87e37e67adc161784df40569"}
,"/Users/lin/Desktop/react-native/reactnative_pokedex/assets/official-artwork/11.png": {"path":"/Users/lin/Desktop/react-native/reactnative_pokedex/assets/official-artwork/11.png","statementMap":{"0":{"start":{"line":1,"column":0},"end":{"line":4,"column":6}}},"fnMap":{},"branchMap":{},"s":{"0":3},"f":{},"b":{},"_coverageSchema":"1a1c01bbd47fc00a2c39e90264f33305004495a9","hash":"cfbe965e24d28c7ae18daed47cb809116ed8a074"}
,"/Users/lin/Desktop/react-native/reactnative_pokedex/assets/official-artwork/110.png": {"path":"/Users/lin/Desktop/react-native/reactnative_pokedex/assets/official-artwork/110.png","statementMap":{"0":{"start":{"line":1,"column":0},"end":{"line":4,"column":6}}},"fnMap":{},"branchMap":{},"s":{"0":3},"f":{},"b":{},"_coverageSchema":"1a1c01bbd47fc00a2c39e90264f33305004495a9","hash":"31d156602dc06a8d01f5c834b05ffc939aded1f4"}
,"/Users/lin/Desktop/react-native/reactnative_pokedex/assets/official-artwork/111.png": {"path":"/Users/lin/Desktop/react-native/reactnative_pokedex/assets/official-artwork/111.png","statementMap":{"0":{"start":{"line":1,"column":0},"end":{"line":4,"column":6}}},"fnMap":{},"branchMap":{},"s":{"0":3},"f":{},"b":{},"_coverageSchema":"1a1c01bbd47fc00a2c39e90264f33305004495a9","hash":"91a29f2ec58d7bb66645a1556ceaa9eec6cce51b"}
,"/Users/lin/Desktop/react-native/reactnative_pokedex/assets/official-artwork/112.png": {"path":"/Users/lin/Desktop/react-native/reactnative_pokedex/assets/official-artwork/112.png","statementMap":{"0":{"start":{"line":1,"column":0},"end":{"line":4,"column":6}}},"fnMap":{},"branchMap":{},"s":{"0":3},"f":{},"b":{},"_coverageSchema":"1a1c01bbd47fc00a2c39e90264f33305004495a9","hash":"3aa77e01c30af12ba47dcd58a0f5db548fbfaa1f"}
,"/Users/lin/Desktop/react-native/reactnative_pokedex/assets/official-artwork/113.png": {"path":"/Users/lin/Desktop/react-native/reactnative_pokedex/assets/official-artwork/113.png","statementMap":{"0":{"start":{"line":1,"column":0},"end":{"line":4,"column":6}}},"fnMap":{},"branchMap":{},"s":{"0":3},"f":{},"b":{},"_coverageSchema":"1a1c01bbd47fc00a2c39e90264f33305004495a9","hash":"f9e85607c7bbc638c846d9b07b31dd20fc9bd2af"}
,"/Users/lin/Desktop/react-native/reactnative_pokedex/assets/official-artwork/114.png": {"path":"/Users/lin/Desktop/react-native/reactnative_pokedex/assets/official-artwork/114.png","statementMap":{"0":{"start":{"line":1,"column":0},"end":{"line":4,"column":6}}},"fnMap":{},"branchMap":{},"s":{"0":3},"f":{},"b":{},"_coverageSchema":"1a1c01bbd47fc00a2c39e90264f33305004495a9","hash":"6743482fc7bc394ed6447644a1da0e1cf7958cf5"}
,"/Users/lin/Desktop/react-native/reactnative_pokedex/assets/official-artwork/115.png": {"path":"/Users/lin/Desktop/react-native/reactnative_pokedex/assets/official-artwork/115.png","statementMap":{"0":{"start":{"line":1,"column":0},"end":{"line":4,"column":6}}},"fnMap":{},"branchMap":{},"s":{"0":3},"f":{},"b":{},"_coverageSchema":"1a1c01bbd47fc00a2c39e90264f33305004495a9","hash":"ef70568ceb584faa819b12234c4a6c9db8652c1b"}
,"/Users/lin/Desktop/react-native/reactnative_pokedex/assets/official-artwork/116.png": {"path":"/Users/lin/Desktop/react-native/reactnative_pokedex/assets/official-artwork/116.png","statementMap":{"0":{"start":{"line":1,"column":0},"end":{"line":4,"column":6}}},"fnMap":{},"branchMap":{},"s":{"0":3},"f":{},"b":{},"_coverageSchema":"1a1c01bbd47fc00a2c39e90264f33305004495a9","hash":"676fdfc2e1db5044b4692e1246ef6e33aa4192bf"}
,"/Users/lin/Desktop/react-native/reactnative_pokedex/assets/official-artwork/117.png": {"path":"/Users/lin/Desktop/react-native/reactnative_pokedex/assets/official-artwork/117.png","statementMap":{"0":{"start":{"line":1,"column":0},"end":{"line":4,"column":6}}},"fnMap":{},"branchMap":{},"s":{"0":3},"f":{},"b":{},"_coverageSchema":"1a1c01bbd47fc00a2c39e90264f33305004495a9","hash":"e5f5842fd23a7fd8c762bdda826f93b65dcf995a"}
,"/Users/lin/Desktop/react-native/reactnative_pokedex/assets/official-artwork/118.png": {"path":"/Users/lin/Desktop/react-native/reactnative_pokedex/assets/official-artwork/118.png","statementMap":{"0":{"start":{"line":1,"column":0},"end":{"line":4,"column":6}}},"fnMap":{},"branchMap":{},"s":{"0":3},"f":{},"b":{},"_coverageSchema":"1a1c01bbd47fc00a2c39e90264f33305004495a9","hash":"5150295e2f4fafb626f662042627c55847db28e2"}
,"/Users/lin/Desktop/react-native/reactnative_pokedex/assets/official-artwork/119.png": {"path":"/Users/lin/Desktop/react-native/reactnative_pokedex/assets/official-artwork/119.png","statementMap":{"0":{"start":{"line":1,"column":0},"end":{"line":4,"column":6}}},"fnMap":{},"branchMap":{},"s":{"0":3},"f":{},"b":{},"_coverageSchema":"1a1c01bbd47fc00a2c39e90264f33305004495a9","hash":"5048f09bf42204895d612825ab2a9f359591a1db"}
,"/Users/lin/Desktop/react-native/reactnative_pokedex/assets/official-artwork/12.png": {"path":"/Users/lin/Desktop/react-native/reactnative_pokedex/assets/official-artwork/12.png","statementMap":{"0":{"start":{"line":1,"column":0},"end":{"line":4,"column":6}}},"fnMap":{},"branchMap":{},"s":{"0":3},"f":{},"b":{},"_coverageSchema":"1a1c01bbd47fc00a2c39e90264f33305004495a9","hash":"068e44130aaa066be1f2849a98f1ec2c927d8563"}
,"/Users/lin/Desktop/react-native/reactnative_pokedex/assets/official-artwork/120.png": {"path":"/Users/lin/Desktop/react-native/reactnative_pokedex/assets/official-artwork/120.png","statementMap":{"0":{"start":{"line":1,"column":0},"end":{"line":4,"column":6}}},"fnMap":{},"branchMap":{},"s":{"0":3},"f":{},"b":{},"_coverageSchema":"1a1c01bbd47fc00a2c39e90264f33305004495a9","hash":"386e0822d0b675a66a41e4c54199d9348baa99bc"}
,"/Users/lin/Desktop/react-native/reactnative_pokedex/assets/official-artwork/122.png": {"path":"/Users/lin/Desktop/react-native/reactnative_pokedex/assets/official-artwork/122.png","statementMap":{"0":{"start":{"line":1,"column":0},"end":{"line":4,"column":6}}},"fnMap":{},"branchMap":{},"s":{"0":3},"f":{},"b":{},"_coverageSchema":"1a1c01bbd47fc00a2c39e90264f33305004495a9","hash":"6530ac5f91d01bd2fc02a403900d29d62d5d18d5"}
,"/Users/lin/Desktop/react-native/reactnative_pokedex/assets/official-artwork/123.png": {"path":"/Users/lin/Desktop/react-native/reactnative_pokedex/assets/official-artwork/123.png","statementMap":{"0":{"start":{"line":1,"column":0},"end":{"line":4,"column":6}}},"fnMap":{},"branchMap":{},"s":{"0":3},"f":{},"b":{},"_coverageSchema":"1a1c01bbd47fc00a2c39e90264f33305004495a9","hash":"eaf1cee569eba9fd9852e77c89dc3036d356a8ec"}
,"/Users/lin/Desktop/react-native/reactnative_pokedex/assets/official-artwork/124.png": {"path":"/Users/lin/Desktop/react-native/reactnative_pokedex/assets/official-artwork/124.png","statementMap":{"0":{"start":{"line":1,"column":0},"end":{"line":4,"column":6}}},"fnMap":{},"branchMap":{},"s":{"0":3},"f":{},"b":{},"_coverageSchema":"1a1c01bbd47fc00a2c39e90264f33305004495a9","hash":"5cf01d0c6a4bb09c83e888e54f30d561105afce8"}
,"/Users/lin/Desktop/react-native/reactnative_pokedex/assets/official-artwork/125.png": {"path":"/Users/lin/Desktop/react-native/reactnative_pokedex/assets/official-artwork/125.png","statementMap":{"0":{"start":{"line":1,"column":0},"end":{"line":4,"column":6}}},"fnMap":{},"branchMap":{},"s":{"0":3},"f":{},"b":{},"_coverageSchema":"1a1c01bbd47fc00a2c39e90264f33305004495a9","hash":"eb9d0afd5797283336a7f6ee13d913a69450ac79"}
,"/Users/lin/Desktop/react-native/reactnative_pokedex/assets/official-artwork/126.png": {"path":"/Users/lin/Desktop/react-native/reactnative_pokedex/assets/official-artwork/126.png","statementMap":{"0":{"start":{"line":1,"column":0},"end":{"line":4,"column":6}}},"fnMap":{},"branchMap":{},"s":{"0":3},"f":{},"b":{},"_coverageSchema":"1a1c01bbd47fc00a2c39e90264f33305004495a9","hash":"f38b93d96205fed3a630da1317f367f6584a8cf4"}
,"/Users/lin/Desktop/react-native/reactnative_pokedex/assets/official-artwork/127.png": {"path":"/Users/lin/Desktop/react-native/reactnative_pokedex/assets/official-artwork/127.png","statementMap":{"0":{"start":{"line":1,"column":0},"end":{"line":4,"column":6}}},"fnMap":{},"branchMap":{},"s":{"0":3},"f":{},"b":{},"_coverageSchema":"1a1c01bbd47fc00a2c39e90264f33305004495a9","hash":"cb47e616dbcbb254a8b9ffc265b04b0dc4d96272"}
,"/Users/lin/Desktop/react-native/reactnative_pokedex/assets/official-artwork/128.png": {"path":"/Users/lin/Desktop/react-native/reactnative_pokedex/assets/official-artwork/128.png","statementMap":{"0":{"start":{"line":1,"column":0},"end":{"line":4,"column":6}}},"fnMap":{},"branchMap":{},"s":{"0":3},"f":{},"b":{},"_coverageSchema":"1a1c01bbd47fc00a2c39e90264f33305004495a9","hash":"b88d91cc587753d9f7033dec289c14b90db0c2af"}
,"/Users/lin/Desktop/react-native/reactnative_pokedex/assets/official-artwork/129.png": {"path":"/Users/lin/Desktop/react-native/reactnative_pokedex/assets/official-artwork/129.png","statementMap":{"0":{"start":{"line":1,"column":0},"end":{"line":4,"column":6}}},"fnMap":{},"branchMap":{},"s":{"0":3},"f":{},"b":{},"_coverageSchema":"1a1c01bbd47fc00a2c39e90264f33305004495a9","hash":"3d3d1ee3544186f3a225110a8ca87e69817a564f"}
,"/Users/lin/Desktop/react-native/reactnative_pokedex/assets/official-artwork/13.png": {"path":"/Users/lin/Desktop/react-native/reactnative_pokedex/assets/official-artwork/13.png","statementMap":{"0":{"start":{"line":1,"column":0},"end":{"line":4,"column":6}}},"fnMap":{},"branchMap":{},"s":{"0":3},"f":{},"b":{},"_coverageSchema":"1a1c01bbd47fc00a2c39e90264f33305004495a9","hash":"f7690bc0cc951a9601417cc04f8536767e0ddf7c"}
,"/Users/lin/Desktop/react-native/reactnative_pokedex/assets/official-artwork/130.png": {"path":"/Users/lin/Desktop/react-native/reactnative_pokedex/assets/official-artwork/130.png","statementMap":{"0":{"start":{"line":1,"column":0},"end":{"line":4,"column":6}}},"fnMap":{},"branchMap":{},"s":{"0":3},"f":{},"b":{},"_coverageSchema":"1a1c01bbd47fc00a2c39e90264f33305004495a9","hash":"5fa03bb2dcf5ba34759afada34890c96c249fa49"}
,"/Users/lin/Desktop/react-native/reactnative_pokedex/assets/official-artwork/131.png": {"path":"/Users/lin/Desktop/react-native/reactnative_pokedex/assets/official-artwork/131.png","statementMap":{"0":{"start":{"line":1,"column":0},"end":{"line":4,"column":6}}},"fnMap":{},"branchMap":{},"s":{"0":3},"f":{},"b":{},"_coverageSchema":"1a1c01bbd47fc00a2c39e90264f33305004495a9","hash":"684f6e42473b0a085d17e7ecd053ee0b6fade1bc"}
,"/Users/lin/Desktop/react-native/reactnative_pokedex/assets/official-artwork/132.png": {"path":"/Users/lin/Desktop/react-native/reactnative_pokedex/assets/official-artwork/132.png","statementMap":{"0":{"start":{"line":1,"column":0},"end":{"line":4,"column":6}}},"fnMap":{},"branchMap":{},"s":{"0":3},"f":{},"b":{},"_coverageSchema":"1a1c01bbd47fc00a2c39e90264f33305004495a9","hash":"792bafd669769381fa451e918b260d3d9db3a03c"}
,"/Users/lin/Desktop/react-native/reactnative_pokedex/assets/official-artwork/133.png": {"path":"/Users/lin/Desktop/react-native/reactnative_pokedex/assets/official-artwork/133.png","statementMap":{"0":{"start":{"line":1,"column":0},"end":{"line":4,"column":6}}},"fnMap":{},"branchMap":{},"s":{"0":3},"f":{},"b":{},"_coverageSchema":"1a1c01bbd47fc00a2c39e90264f33305004495a9","hash":"da39dd6aea8bc2fe98e51f2acc486986825bcf1a"}
,"/Users/lin/Desktop/react-native/reactnative_pokedex/assets/official-artwork/134.png": {"path":"/Users/lin/Desktop/react-native/reactnative_pokedex/assets/official-artwork/134.png","statementMap":{"0":{"start":{"line":1,"column":0},"end":{"line":4,"column":6}}},"fnMap":{},"branchMap":{},"s":{"0":3},"f":{},"b":{},"_coverageSchema":"1a1c01bbd47fc00a2c39e90264f33305004495a9","hash":"ad3cfde73517cfe69aadfaaf81e136f1616de160"}
,"/Users/lin/Desktop/react-native/reactnative_pokedex/assets/official-artwork/135.png": {"path":"/Users/lin/Desktop/react-native/reactnative_pokedex/assets/official-artwork/135.png","statementMap":{"0":{"start":{"line":1,"column":0},"end":{"line":4,"column":6}}},"fnMap":{},"branchMap":{},"s":{"0":3},"f":{},"b":{},"_coverageSchema":"1a1c01bbd47fc00a2c39e90264f33305004495a9","hash":"05a95a0738d64662ad3fd0fb667cbe30924af265"}
,"/Users/lin/Desktop/react-native/reactnative_pokedex/assets/official-artwork/136.png": {"path":"/Users/lin/Desktop/react-native/reactnative_pokedex/assets/official-artwork/136.png","statementMap":{"0":{"start":{"line":1,"column":0},"end":{"line":4,"column":6}}},"fnMap":{},"branchMap":{},"s":{"0":3},"f":{},"b":{},"_coverageSchema":"1a1c01bbd47fc00a2c39e90264f33305004495a9","hash":"52042b48e61580ed9dd8f8b310403878841636a0"}
,"/Users/lin/Desktop/react-native/reactnative_pokedex/assets/official-artwork/137.png": {"path":"/Users/lin/Desktop/react-native/reactnative_pokedex/assets/official-artwork/137.png","statementMap":{"0":{"start":{"line":1,"column":0},"end":{"line":4,"column":6}}},"fnMap":{},"branchMap":{},"s":{"0":3},"f":{},"b":{},"_coverageSchema":"1a1c01bbd47fc00a2c39e90264f33305004495a9","hash":"eeeab3384c663b29f64cc258a8cc074c19780cd7"}
,"/Users/lin/Desktop/react-native/reactnative_pokedex/assets/official-artwork/138.png": {"path":"/Users/lin/Desktop/react-native/reactnative_pokedex/assets/official-artwork/138.png","statementMap":{"0":{"start":{"line":1,"column":0},"end":{"line":4,"column":6}}},"fnMap":{},"branchMap":{},"s":{"0":3},"f":{},"b":{},"_coverageSchema":"1a1c01bbd47fc00a2c39e90264f33305004495a9","hash":"6548b39646d546973e247c82ed4df3c85569a35d"}
,"/Users/lin/Desktop/react-native/reactnative_pokedex/assets/official-artwork/139.png": {"path":"/Users/lin/Desktop/react-native/reactnative_pokedex/assets/official-artwork/139.png","statementMap":{"0":{"start":{"line":1,"column":0},"end":{"line":4,"column":6}}},"fnMap":{},"branchMap":{},"s":{"0":3},"f":{},"b":{},"_coverageSchema":"1a1c01bbd47fc00a2c39e90264f33305004495a9","hash":"d41dd255db7384aa2926eb1634f5d5eb6d2f930a"}
,"/Users/lin/Desktop/react-native/reactnative_pokedex/assets/official-artwork/14.png": {"path":"/Users/lin/Desktop/react-native/reactnative_pokedex/assets/official-artwork/14.png","statementMap":{"0":{"start":{"line":1,"column":0},"end":{"line":4,"column":6}}},"fnMap":{},"branchMap":{},"s":{"0":3},"f":{},"b":{},"_coverageSchema":"1a1c01bbd47fc00a2c39e90264f33305004495a9","hash":"39948b9be2e4a5a23f19363ec3fa612dcdc00297"}
,"/Users/lin/Desktop/react-native/reactnative_pokedex/assets/official-artwork/140.png": {"path":"/Users/lin/Desktop/react-native/reactnative_pokedex/assets/official-artwork/140.png","statementMap":{"0":{"start":{"line":1,"column":0},"end":{"line":4,"column":6}}},"fnMap":{},"branchMap":{},"s":{"0":3},"f":{},"b":{},"_coverageSchema":"1a1c01bbd47fc00a2c39e90264f33305004495a9","hash":"089a0d17fdb4cd6804ace9b1f2de9df1d0de788b"}
,"/Users/lin/Desktop/react-native/reactnative_pokedex/assets/official-artwork/141.png": {"path":"/Users/lin/Desktop/react-native/reactnative_pokedex/assets/official-artwork/141.png","statementMap":{"0":{"start":{"line":1,"column":0},"end":{"line":4,"column":6}}},"fnMap":{},"branchMap":{},"s":{"0":3},"f":{},"b":{},"_coverageSchema":"1a1c01bbd47fc00a2c39e90264f33305004495a9","hash":"bde99dcade98384adf7739e0d6225c2819975ffa"}
,"/Users/lin/Desktop/react-native/reactnative_pokedex/assets/official-artwork/142.png": {"path":"/Users/lin/Desktop/react-native/reactnative_pokedex/assets/official-artwork/142.png","statementMap":{"0":{"start":{"line":1,"column":0},"end":{"line":4,"column":6}}},"fnMap":{},"branchMap":{},"s":{"0":3},"f":{},"b":{},"_coverageSchema":"1a1c01bbd47fc00a2c39e90264f33305004495a9","hash":"e5959e235021f7b20f1dd959584fff6679535ae2"}
,"/Users/lin/Desktop/react-native/reactnative_pokedex/assets/official-artwork/143.png": {"path":"/Users/lin/Desktop/react-native/reactnative_pokedex/assets/official-artwork/143.png","statementMap":{"0":{"start":{"line":1,"column":0},"end":{"line":4,"column":6}}},"fnMap":{},"branchMap":{},"s":{"0":3},"f":{},"b":{},"_coverageSchema":"1a1c01bbd47fc00a2c39e90264f33305004495a9","hash":"2b5206d8669f684a4a66fb36cc832457da0f6441"}
,"/Users/lin/Desktop/react-native/reactnative_pokedex/assets/official-artwork/144.png": {"path":"/Users/lin/Desktop/react-native/reactnative_pokedex/assets/official-artwork/144.png","statementMap":{"0":{"start":{"line":1,"column":0},"end":{"line":4,"column":6}}},"fnMap":{},"branchMap":{},"s":{"0":3},"f":{},"b":{},"_coverageSchema":"1a1c01bbd47fc00a2c39e90264f33305004495a9","hash":"e3bd1182fda0fc88de97bee593667f064e7afb1b"}
,"/Users/lin/Desktop/react-native/reactnative_pokedex/assets/official-artwork/145.png": {"path":"/Users/lin/Desktop/react-native/reactnative_pokedex/assets/official-artwork/145.png","statementMap":{"0":{"start":{"line":1,"column":0},"end":{"line":4,"column":6}}},"fnMap":{},"branchMap":{},"s":{"0":3},"f":{},"b":{},"_coverageSchema":"1a1c01bbd47fc00a2c39e90264f33305004495a9","hash":"5d44b2745612f0be109944716ca2ce55e99cdaef"}
,"/Users/lin/Desktop/react-native/reactnative_pokedex/assets/official-artwork/146.png": {"path":"/Users/lin/Desktop/react-native/reactnative_pokedex/assets/official-artwork/146.png","statementMap":{"0":{"start":{"line":1,"column":0},"end":{"line":4,"column":6}}},"fnMap":{},"branchMap":{},"s":{"0":3},"f":{},"b":{},"_coverageSchema":"1a1c01bbd47fc00a2c39e90264f33305004495a9","hash":"2c3e4adc485b5bd8b28ce435a9f009622f2ce73d"}
,"/Users/lin/Desktop/react-native/reactnative_pokedex/assets/official-artwork/147.png": {"path":"/Users/lin/Desktop/react-native/reactnative_pokedex/assets/official-artwork/147.png","statementMap":{"0":{"start":{"line":1,"column":0},"end":{"line":4,"column":6}}},"fnMap":{},"branchMap":{},"s":{"0":3},"f":{},"b":{},"_coverageSchema":"1a1c01bbd47fc00a2c39e90264f33305004495a9","hash":"18fb214782d5ea447abc02512aa5c2cef61078f4"}
,"/Users/lin/Desktop/react-native/reactnative_pokedex/assets/official-artwork/148.png": {"path":"/Users/lin/Desktop/react-native/reactnative_pokedex/assets/official-artwork/148.png","statementMap":{"0":{"start":{"line":1,"column":0},"end":{"line":4,"column":6}}},"fnMap":{},"branchMap":{},"s":{"0":3},"f":{},"b":{},"_coverageSchema":"1a1c01bbd47fc00a2c39e90264f33305004495a9","hash":"7ef6b3f0641f8fe038461be00f9b7b3099828696"}
,"/Users/lin/Desktop/react-native/reactnative_pokedex/assets/official-artwork/149.png": {"path":"/Users/lin/Desktop/react-native/reactnative_pokedex/assets/official-artwork/149.png","statementMap":{"0":{"start":{"line":1,"column":0},"end":{"line":4,"column":6}}},"fnMap":{},"branchMap":{},"s":{"0":3},"f":{},"b":{},"_coverageSchema":"1a1c01bbd47fc00a2c39e90264f33305004495a9","hash":"1efd3cda0be64dcce31193e6d4a79706c29cbaa0"}
,"/Users/lin/Desktop/react-native/reactnative_pokedex/assets/official-artwork/15.png": {"path":"/Users/lin/Desktop/react-native/reactnative_pokedex/assets/official-artwork/15.png","statementMap":{"0":{"start":{"line":1,"column":0},"end":{"line":4,"column":6}}},"fnMap":{},"branchMap":{},"s":{"0":3},"f":{},"b":{},"_coverageSchema":"1a1c01bbd47fc00a2c39e90264f33305004495a9","hash":"995d3dff5831b962760467815c63cdd1d2513691"}
,"/Users/lin/Desktop/react-native/reactnative_pokedex/assets/official-artwork/150.png": {"path":"/Users/lin/Desktop/react-native/reactnative_pokedex/assets/official-artwork/150.png","statementMap":{"0":{"start":{"line":1,"column":0},"end":{"line":4,"column":6}}},"fnMap":{},"branchMap":{},"s":{"0":3},"f":{},"b":{},"_coverageSchema":"1a1c01bbd47fc00a2c39e90264f33305004495a9","hash":"c227dacc6a37f48218bc829a4eb87b8a7ef78377"}
,"/Users/lin/Desktop/react-native/reactnative_pokedex/assets/official-artwork/151.png": {"path":"/Users/lin/Desktop/react-native/reactnative_pokedex/assets/official-artwork/151.png","statementMap":{"0":{"start":{"line":1,"column":0},"end":{"line":4,"column":6}}},"fnMap":{},"branchMap":{},"s":{"0":3},"f":{},"b":{},"_coverageSchema":"1a1c01bbd47fc00a2c39e90264f33305004495a9","hash":"4cdff9d114d0a900a65bbdfab572fe534faf2840"}
,"/Users/lin/Desktop/react-native/reactnative_pokedex/assets/official-artwork/152.png": {"path":"/Users/lin/Desktop/react-native/reactnative_pokedex/assets/official-artwork/152.png","statementMap":{"0":{"start":{"line":1,"column":0},"end":{"line":4,"column":6}}},"fnMap":{},"branchMap":{},"s":{"0":3},"f":{},"b":{},"_coverageSchema":"1a1c01bbd47fc00a2c39e90264f33305004495a9","hash":"79aa3cadc55bf82ae4d9f765ec1e7fe7d300aaea"}
,"/Users/lin/Desktop/react-native/reactnative_pokedex/assets/official-artwork/153.png": {"path":"/Users/lin/Desktop/react-native/reactnative_pokedex/assets/official-artwork/153.png","statementMap":{"0":{"start":{"line":1,"column":0},"end":{"line":4,"column":6}}},"fnMap":{},"branchMap":{},"s":{"0":3},"f":{},"b":{},"_coverageSchema":"1a1c01bbd47fc00a2c39e90264f33305004495a9","hash":"27d64cf9c21d099b4b5ecfe81ec8cb4129916d9a"}
,"/Users/lin/Desktop/react-native/reactnative_pokedex/assets/official-artwork/154.png": {"path":"/Users/lin/Desktop/react-native/reactnative_pokedex/assets/official-artwork/154.png","statementMap":{"0":{"start":{"line":1,"column":0},"end":{"line":4,"column":6}}},"fnMap":{},"branchMap":{},"s":{"0":3},"f":{},"b":{},"_coverageSchema":"1a1c01bbd47fc00a2c39e90264f33305004495a9","hash":"34ac2ebece50de514353ffe5bd79c1b6d5d2eb52"}
,"/Users/lin/Desktop/react-native/reactnative_pokedex/assets/official-artwork/155.png": {"path":"/Users/lin/Desktop/react-native/reactnative_pokedex/assets/official-artwork/155.png","statementMap":{"0":{"start":{"line":1,"column":0},"end":{"line":4,"column":6}}},"fnMap":{},"branchMap":{},"s":{"0":3},"f":{},"b":{},"_coverageSchema":"1a1c01bbd47fc00a2c39e90264f33305004495a9","hash":"bed841228968207bf2782ee87473a83bc38b2271"}
,"/Users/lin/Desktop/react-native/reactnative_pokedex/assets/official-artwork/156.png": {"path":"/Users/lin/Desktop/react-native/reactnative_pokedex/assets/official-artwork/156.png","statementMap":{"0":{"start":{"line":1,"column":0},"end":{"line":4,"column":6}}},"fnMap":{},"branchMap":{},"s":{"0":3},"f":{},"b":{},"_coverageSchema":"1a1c01bbd47fc00a2c39e90264f33305004495a9","hash":"6c0a2199db110e47cfccfcbb4b5ac82e1f50b6ef"}
,"/Users/lin/Desktop/react-native/reactnative_pokedex/assets/official-artwork/157.png": {"path":"/Users/lin/Desktop/react-native/reactnative_pokedex/assets/official-artwork/157.png","statementMap":{"0":{"start":{"line":1,"column":0},"end":{"line":4,"column":6}}},"fnMap":{},"branchMap":{},"s":{"0":3},"f":{},"b":{},"_coverageSchema":"1a1c01bbd47fc00a2c39e90264f33305004495a9","hash":"86342922e2fbba4eaa6f6f051504eb1e7de7b916"}
,"/Users/lin/Desktop/react-native/reactnative_pokedex/assets/official-artwork/158.png": {"path":"/Users/lin/Desktop/react-native/reactnative_pokedex/assets/official-artwork/158.png","statementMap":{"0":{"start":{"line":1,"column":0},"end":{"line":4,"column":6}}},"fnMap":{},"branchMap":{},"s":{"0":3},"f":{},"b":{},"_coverageSchema":"1a1c01bbd47fc00a2c39e90264f33305004495a9","hash":"6ab62491dcfc30e3de0aa21d4a11b3461cbb32fa"}
,"/Users/lin/Desktop/react-native/reactnative_pokedex/assets/official-artwork/159.png": {"path":"/Users/lin/Desktop/react-native/reactnative_pokedex/assets/official-artwork/159.png","statementMap":{"0":{"start":{"line":1,"column":0},"end":{"line":4,"column":6}}},"fnMap":{},"branchMap":{},"s":{"0":3},"f":{},"b":{},"_coverageSchema":"1a1c01bbd47fc00a2c39e90264f33305004495a9","hash":"b54fff02c6351f6bb9d9d1afa39066fbbc47849b"}
,"/Users/lin/Desktop/react-native/reactnative_pokedex/assets/official-artwork/16.png": {"path":"/Users/lin/Desktop/react-native/reactnative_pokedex/assets/official-artwork/16.png","statementMap":{"0":{"start":{"line":1,"column":0},"end":{"line":4,"column":6}}},"fnMap":{},"branchMap":{},"s":{"0":3},"f":{},"b":{},"_coverageSchema":"1a1c01bbd47fc00a2c39e90264f33305004495a9","hash":"f4ecb8a569f35cf4101f94208ff8ef0ecd2caa3f"}
,"/Users/lin/Desktop/react-native/reactnative_pokedex/assets/official-artwork/160.png": {"path":"/Users/lin/Desktop/react-native/reactnative_pokedex/assets/official-artwork/160.png","statementMap":{"0":{"start":{"line":1,"column":0},"end":{"line":4,"column":6}}},"fnMap":{},"branchMap":{},"s":{"0":3},"f":{},"b":{},"_coverageSchema":"1a1c01bbd47fc00a2c39e90264f33305004495a9","hash":"d0e384d9412f46c00e47c6dc4ac0ae4aa4787834"}
,"/Users/lin/Desktop/react-native/reactnative_pokedex/assets/official-artwork/161.png": {"path":"/Users/lin/Desktop/react-native/reactnative_pokedex/assets/official-artwork/161.png","statementMap":{"0":{"start":{"line":1,"column":0},"end":{"line":4,"column":6}}},"fnMap":{},"branchMap":{},"s":{"0":3},"f":{},"b":{},"_coverageSchema":"1a1c01bbd47fc00a2c39e90264f33305004495a9","hash":"3652a9289bff888bc0b29767d8b4b75aabee8956"}
,"/Users/lin/Desktop/react-native/reactnative_pokedex/assets/official-artwork/162.png": {"path":"/Users/lin/Desktop/react-native/reactnative_pokedex/assets/official-artwork/162.png","statementMap":{"0":{"start":{"line":1,"column":0},"end":{"line":4,"column":6}}},"fnMap":{},"branchMap":{},"s":{"0":3},"f":{},"b":{},"_coverageSchema":"1a1c01bbd47fc00a2c39e90264f33305004495a9","hash":"2cac1d70dd42817a210c85ce844e14a6b471029c"}
,"/Users/lin/Desktop/react-native/reactnative_pokedex/assets/official-artwork/163.png": {"path":"/Users/lin/Desktop/react-native/reactnative_pokedex/assets/official-artwork/163.png","statementMap":{"0":{"start":{"line":1,"column":0},"end":{"line":4,"column":6}}},"fnMap":{},"branchMap":{},"s":{"0":3},"f":{},"b":{},"_coverageSchema":"1a1c01bbd47fc00a2c39e90264f33305004495a9","hash":"89faeabd360576dff7bb8ba94849602203373c32"}
,"/Users/lin/Desktop/react-native/reactnative_pokedex/assets/official-artwork/164.png": {"path":"/Users/lin/Desktop/react-native/reactnative_pokedex/assets/official-artwork/164.png","statementMap":{"0":{"start":{"line":1,"column":0},"end":{"line":4,"column":6}}},"fnMap":{},"branchMap":{},"s":{"0":3},"f":{},"b":{},"_coverageSchema":"1a1c01bbd47fc00a2c39e90264f33305004495a9","hash":"f4262a3797037f886f9470b666a9523c783953ad"}
,"/Users/lin/Desktop/react-native/reactnative_pokedex/assets/official-artwork/165.png": {"path":"/Users/lin/Desktop/react-native/reactnative_pokedex/assets/official-artwork/165.png","statementMap":{"0":{"start":{"line":1,"column":0},"end":{"line":4,"column":6}}},"fnMap":{},"branchMap":{},"s":{"0":3},"f":{},"b":{},"_coverageSchema":"1a1c01bbd47fc00a2c39e90264f33305004495a9","hash":"1cabd946c367b747f48b7c8850365b96b686b683"}
,"/Users/lin/Desktop/react-native/reactnative_pokedex/assets/official-artwork/166.png": {"path":"/Users/lin/Desktop/react-native/reactnative_pokedex/assets/official-artwork/166.png","statementMap":{"0":{"start":{"line":1,"column":0},"end":{"line":4,"column":6}}},"fnMap":{},"branchMap":{},"s":{"0":3},"f":{},"b":{},"_coverageSchema":"1a1c01bbd47fc00a2c39e90264f33305004495a9","hash":"2d2dcd861b5b6daafb53fac50f43c1dfe8860719"}
,"/Users/lin/Desktop/react-native/reactnative_pokedex/assets/official-artwork/167.png": {"path":"/Users/lin/Desktop/react-native/reactnative_pokedex/assets/official-artwork/167.png","statementMap":{"0":{"start":{"line":1,"column":0},"end":{"line":4,"column":6}}},"fnMap":{},"branchMap":{},"s":{"0":3},"f":{},"b":{},"_coverageSchema":"1a1c01bbd47fc00a2c39e90264f33305004495a9","hash":"0b93a9e5e976880995b8a578fd7f88cfd9aed0d5"}
,"/Users/lin/Desktop/react-native/reactnative_pokedex/assets/official-artwork/168.png": {"path":"/Users/lin/Desktop/react-native/reactnative_pokedex/assets/official-artwork/168.png","statementMap":{"0":{"start":{"line":1,"column":0},"end":{"line":4,"column":6}}},"fnMap":{},"branchMap":{},"s":{"0":3},"f":{},"b":{},"_coverageSchema":"1a1c01bbd47fc00a2c39e90264f33305004495a9","hash":"d03c13a9ee846a0aa31a3f814422361b3fd63302"}
,"/Users/lin/Desktop/react-native/reactnative_pokedex/assets/official-artwork/169.png": {"path":"/Users/lin/Desktop/react-native/reactnative_pokedex/assets/official-artwork/169.png","statementMap":{"0":{"start":{"line":1,"column":0},"end":{"line":4,"column":6}}},"fnMap":{},"branchMap":{},"s":{"0":3},"f":{},"b":{},"_coverageSchema":"1a1c01bbd47fc00a2c39e90264f33305004495a9","hash":"0fad09c5da429ee5cef6855703e3147db0405609"}
,"/Users/lin/Desktop/react-native/reactnative_pokedex/assets/official-artwork/17.png": {"path":"/Users/lin/Desktop/react-native/reactnative_pokedex/assets/official-artwork/17.png","statementMap":{"0":{"start":{"line":1,"column":0},"end":{"line":4,"column":6}}},"fnMap":{},"branchMap":{},"s":{"0":3},"f":{},"b":{},"_coverageSchema":"1a1c01bbd47fc00a2c39e90264f33305004495a9","hash":"f1108aca95a898a40e197cf280ffde35f12abbff"}
,"/Users/lin/Desktop/react-native/reactnative_pokedex/assets/official-artwork/170.png": {"path":"/Users/lin/Desktop/react-native/reactnative_pokedex/assets/official-artwork/170.png","statementMap":{"0":{"start":{"line":1,"column":0},"end":{"line":4,"column":6}}},"fnMap":{},"branchMap":{},"s":{"0":3},"f":{},"b":{},"_coverageSchema":"1a1c01bbd47fc00a2c39e90264f33305004495a9","hash":"5bee886605d1caf51854c7c1e7a23c08c998164c"}
,"/Users/lin/Desktop/react-native/reactnative_pokedex/assets/official-artwork/171.png": {"path":"/Users/lin/Desktop/react-native/reactnative_pokedex/assets/official-artwork/171.png","statementMap":{"0":{"start":{"line":1,"column":0},"end":{"line":4,"column":6}}},"fnMap":{},"branchMap":{},"s":{"0":3},"f":{},"b":{},"_coverageSchema":"1a1c01bbd47fc00a2c39e90264f33305004495a9","hash":"37885214fb65af8618da221be6646fa2fa27fb2f"}
,"/Users/lin/Desktop/react-native/reactnative_pokedex/assets/official-artwork/172.png": {"path":"/Users/lin/Desktop/react-native/reactnative_pokedex/assets/official-artwork/172.png","statementMap":{"0":{"start":{"line":1,"column":0},"end":{"line":4,"column":6}}},"fnMap":{},"branchMap":{},"s":{"0":3},"f":{},"b":{},"_coverageSchema":"1a1c01bbd47fc00a2c39e90264f33305004495a9","hash":"cc3ad07a483befaa4e59c7b52614aead164079c5"}
,"/Users/lin/Desktop/react-native/reactnative_pokedex/assets/official-artwork/173.png": {"path":"/Users/lin/Desktop/react-native/reactnative_pokedex/assets/official-artwork/173.png","statementMap":{"0":{"start":{"line":1,"column":0},"end":{"line":4,"column":6}}},"fnMap":{},"branchMap":{},"s":{"0":3},"f":{},"b":{},"_coverageSchema":"1a1c01bbd47fc00a2c39e90264f33305004495a9","hash":"e7056fb5a2a3aa48deda809a54cec232c636b13f"}
,"/Users/lin/Desktop/react-native/reactnative_pokedex/assets/official-artwork/174.png": {"path":"/Users/lin/Desktop/react-native/reactnative_pokedex/assets/official-artwork/174.png","statementMap":{"0":{"start":{"line":1,"column":0},"end":{"line":4,"column":6}}},"fnMap":{},"branchMap":{},"s":{"0":3},"f":{},"b":{},"_coverageSchema":"1a1c01bbd47fc00a2c39e90264f33305004495a9","hash":"7be8ab2174b679595d9fa14284531d0f8f59a25f"}
,"/Users/lin/Desktop/react-native/reactnative_pokedex/assets/official-artwork/175.png": {"path":"/Users/lin/Desktop/react-native/reactnative_pokedex/assets/official-artwork/175.png","statementMap":{"0":{"start":{"line":1,"column":0},"end":{"line":4,"column":6}}},"fnMap":{},"branchMap":{},"s":{"0":3},"f":{},"b":{},"_coverageSchema":"1a1c01bbd47fc00a2c39e90264f33305004495a9","hash":"9de48334ffece48d7cbc187a7c1a1a511facc659"}
,"/Users/lin/Desktop/react-native/reactnative_pokedex/assets/official-artwork/176.png": {"path":"/Users/lin/Desktop/react-native/reactnative_pokedex/assets/official-artwork/176.png","statementMap":{"0":{"start":{"line":1,"column":0},"end":{"line":4,"column":6}}},"fnMap":{},"branchMap":{},"s":{"0":3},"f":{},"b":{},"_coverageSchema":"1a1c01bbd47fc00a2c39e90264f33305004495a9","hash":"70ff2a2d5c06e6428f3efb4ac32ddb32013a608c"}
,"/Users/lin/Desktop/react-native/reactnative_pokedex/assets/official-artwork/177.png": {"path":"/Users/lin/Desktop/react-native/reactnative_pokedex/assets/official-artwork/177.png","statementMap":{"0":{"start":{"line":1,"column":0},"end":{"line":4,"column":6}}},"fnMap":{},"branchMap":{},"s":{"0":3},"f":{},"b":{},"_coverageSchema":"1a1c01bbd47fc00a2c39e90264f33305004495a9","hash":"b3bb82b855a815f94281af94863a6f793fde1752"}
,"/Users/lin/Desktop/react-native/reactnative_pokedex/assets/official-artwork/178.png": {"path":"/Users/lin/Desktop/react-native/reactnative_pokedex/assets/official-artwork/178.png","statementMap":{"0":{"start":{"line":1,"column":0},"end":{"line":4,"column":6}}},"fnMap":{},"branchMap":{},"s":{"0":3},"f":{},"b":{},"_coverageSchema":"1a1c01bbd47fc00a2c39e90264f33305004495a9","hash":"be0dec04c477810f1a0c86084c1e3daaf68b4d4f"}
,"/Users/lin/Desktop/react-native/reactnative_pokedex/assets/official-artwork/179.png": {"path":"/Users/lin/Desktop/react-native/reactnative_pokedex/assets/official-artwork/179.png","statementMap":{"0":{"start":{"line":1,"column":0},"end":{"line":4,"column":6}}},"fnMap":{},"branchMap":{},"s":{"0":3},"f":{},"b":{},"_coverageSchema":"1a1c01bbd47fc00a2c39e90264f33305004495a9","hash":"b160618258bd9737d7346ee936e3b7729ec245bc"}
,"/Users/lin/Desktop/react-native/reactnative_pokedex/assets/official-artwork/18.png": {"path":"/Users/lin/Desktop/react-native/reactnative_pokedex/assets/official-artwork/18.png","statementMap":{"0":{"start":{"line":1,"column":0},"end":{"line":4,"column":6}}},"fnMap":{},"branchMap":{},"s":{"0":3},"f":{},"b":{},"_coverageSchema":"1a1c01bbd47fc00a2c39e90264f33305004495a9","hash":"b3e5533cbbd747592e7b09121e3a239c009baa34"}
,"/Users/lin/Desktop/react-native/reactnative_pokedex/assets/official-artwork/180.png": {"path":"/Users/lin/Desktop/react-native/reactnative_pokedex/assets/official-artwork/180.png","statementMap":{"0":{"start":{"line":1,"column":0},"end":{"line":4,"column":6}}},"fnMap":{},"branchMap":{},"s":{"0":3},"f":{},"b":{},"_coverageSchema":"1a1c01bbd47fc00a2c39e90264f33305004495a9","hash":"4b28ae5c82a2ad66b8d65c3051220b858527a4df"}
,"/Users/lin/Desktop/react-native/reactnative_pokedex/assets/official-artwork/181.png": {"path":"/Users/lin/Desktop/react-native/reactnative_pokedex/assets/official-artwork/181.png","statementMap":{"0":{"start":{"line":1,"column":0},"end":{"line":4,"column":6}}},"fnMap":{},"branchMap":{},"s":{"0":3},"f":{},"b":{},"_coverageSchema":"1a1c01bbd47fc00a2c39e90264f33305004495a9","hash":"83286034cde6ec78d3d3be00016a2b502c413142"}
,"/Users/lin/Desktop/react-native/reactnative_pokedex/assets/official-artwork/182.png": {"path":"/Users/lin/Desktop/react-native/reactnative_pokedex/assets/official-artwork/182.png","statementMap":{"0":{"start":{"line":1,"column":0},"end":{"line":4,"column":6}}},"fnMap":{},"branchMap":{},"s":{"0":3},"f":{},"b":{},"_coverageSchema":"1a1c01bbd47fc00a2c39e90264f33305004495a9","hash":"5857003c55734ca7b7401a738f437260fc9dc1ec"}
,"/Users/lin/Desktop/react-native/reactnative_pokedex/assets/official-artwork/183.png": {"path":"/Users/lin/Desktop/react-native/reactnative_pokedex/assets/official-artwork/183.png","statementMap":{"0":{"start":{"line":1,"column":0},"end":{"line":4,"column":6}}},"fnMap":{},"branchMap":{},"s":{"0":3},"f":{},"b":{},"_coverageSchema":"1a1c01bbd47fc00a2c39e90264f33305004495a9","hash":"145c45f1c46dbebc03c735e39980f8a5b30d2716"}
,"/Users/lin/Desktop/react-native/reactnative_pokedex/assets/official-artwork/184.png": {"path":"/Users/lin/Desktop/react-native/reactnative_pokedex/assets/official-artwork/184.png","statementMap":{"0":{"start":{"line":1,"column":0},"end":{"line":4,"column":6}}},"fnMap":{},"branchMap":{},"s":{"0":3},"f":{},"b":{},"_coverageSchema":"1a1c01bbd47fc00a2c39e90264f33305004495a9","hash":"29a36c18046525e07d85de7464992e2bd9365d97"}
,"/Users/lin/Desktop/react-native/reactnative_pokedex/assets/official-artwork/185.png": {"path":"/Users/lin/Desktop/react-native/reactnative_pokedex/assets/official-artwork/185.png","statementMap":{"0":{"start":{"line":1,"column":0},"end":{"line":4,"column":6}}},"fnMap":{},"branchMap":{},"s":{"0":3},"f":{},"b":{},"_coverageSchema":"1a1c01bbd47fc00a2c39e90264f33305004495a9","hash":"4a75d3b6806fa3363cfef49a5e3a92a46c9be349"}
,"/Users/lin/Desktop/react-native/reactnative_pokedex/assets/official-artwork/186.png": {"path":"/Users/lin/Desktop/react-native/reactnative_pokedex/assets/official-artwork/186.png","statementMap":{"0":{"start":{"line":1,"column":0},"end":{"line":4,"column":6}}},"fnMap":{},"branchMap":{},"s":{"0":3},"f":{},"b":{},"_coverageSchema":"1a1c01bbd47fc00a2c39e90264f33305004495a9","hash":"17b5670cb7d74080cf1ad0132fe6df97a0187fda"}
,"/Users/lin/Desktop/react-native/reactnative_pokedex/assets/official-artwork/187.png": {"path":"/Users/lin/Desktop/react-native/reactnative_pokedex/assets/official-artwork/187.png","statementMap":{"0":{"start":{"line":1,"column":0},"end":{"line":4,"column":6}}},"fnMap":{},"branchMap":{},"s":{"0":3},"f":{},"b":{},"_coverageSchema":"1a1c01bbd47fc00a2c39e90264f33305004495a9","hash":"a5f13f4993480d5b71c3d9addcc26267f893ddd8"}
,"/Users/lin/Desktop/react-native/reactnative_pokedex/assets/official-artwork/188.png": {"path":"/Users/lin/Desktop/react-native/reactnative_pokedex/assets/official-artwork/188.png","statementMap":{"0":{"start":{"line":1,"column":0},"end":{"line":4,"column":6}}},"fnMap":{},"branchMap":{},"s":{"0":3},"f":{},"b":{},"_coverageSchema":"1a1c01bbd47fc00a2c39e90264f33305004495a9","hash":"5eb51a306bac71b03164684395a9aebd185b0053"}
,"/Users/lin/Desktop/react-native/reactnative_pokedex/assets/official-artwork/189.png": {"path":"/Users/lin/Desktop/react-native/reactnative_pokedex/assets/official-artwork/189.png","statementMap":{"0":{"start":{"line":1,"column":0},"end":{"line":4,"column":6}}},"fnMap":{},"branchMap":{},"s":{"0":3},"f":{},"b":{},"_coverageSchema":"1a1c01bbd47fc00a2c39e90264f33305004495a9","hash":"276bc923105b855cbca4c133f04307b631e8898f"}
,"/Users/lin/Desktop/react-native/reactnative_pokedex/assets/official-artwork/19.png": {"path":"/Users/lin/Desktop/react-native/reactnative_pokedex/assets/official-artwork/19.png","statementMap":{"0":{"start":{"line":1,"column":0},"end":{"line":4,"column":6}}},"fnMap":{},"branchMap":{},"s":{"0":3},"f":{},"b":{},"_coverageSchema":"1a1c01bbd47fc00a2c39e90264f33305004495a9","hash":"713330eaef1810d63becab151aa448662c1219b8"}
,"/Users/lin/Desktop/react-native/reactnative_pokedex/assets/official-artwork/190.png": {"path":"/Users/lin/Desktop/react-native/reactnative_pokedex/assets/official-artwork/190.png","statementMap":{"0":{"start":{"line":1,"column":0},"end":{"line":4,"column":6}}},"fnMap":{},"branchMap":{},"s":{"0":3},"f":{},"b":{},"_coverageSchema":"1a1c01bbd47fc00a2c39e90264f33305004495a9","hash":"a38bdb12f88cf653091fe3d4aae9cfdad486e629"}
,"/Users/lin/Desktop/react-native/reactnative_pokedex/assets/official-artwork/191.png": {"path":"/Users/lin/Desktop/react-native/reactnative_pokedex/assets/official-artwork/191.png","statementMap":{"0":{"start":{"line":1,"column":0},"end":{"line":4,"column":6}}},"fnMap":{},"branchMap":{},"s":{"0":3},"f":{},"b":{},"_coverageSchema":"1a1c01bbd47fc00a2c39e90264f33305004495a9","hash":"5513fea8d483982ddd9e233d7b3938c3d3a2deb0"}
,"/Users/lin/Desktop/react-native/reactnative_pokedex/assets/official-artwork/192.png": {"path":"/Users/lin/Desktop/react-native/reactnative_pokedex/assets/official-artwork/192.png","statementMap":{"0":{"start":{"line":1,"column":0},"end":{"line":4,"column":6}}},"fnMap":{},"branchMap":{},"s":{"0":3},"f":{},"b":{},"_coverageSchema":"1a1c01bbd47fc00a2c39e90264f33305004495a9","hash":"9cc99528c353b3be632d109cd0f6501f2ea9d9de"}
,"/Users/lin/Desktop/react-native/reactnative_pokedex/assets/official-artwork/193.png": {"path":"/Users/lin/Desktop/react-native/reactnative_pokedex/assets/official-artwork/193.png","statementMap":{"0":{"start":{"line":1,"column":0},"end":{"line":4,"column":6}}},"fnMap":{},"branchMap":{},"s":{"0":3},"f":{},"b":{},"_coverageSchema":"1a1c01bbd47fc00a2c39e90264f33305004495a9","hash":"2e5b7d8344734f52100dcc2cb64be8b6fa4831de"}
,"/Users/lin/Desktop/react-native/reactnative_pokedex/assets/official-artwork/194.png": {"path":"/Users/lin/Desktop/react-native/reactnative_pokedex/assets/official-artwork/194.png","statementMap":{"0":{"start":{"line":1,"column":0},"end":{"line":4,"column":6}}},"fnMap":{},"branchMap":{},"s":{"0":3},"f":{},"b":{},"_coverageSchema":"1a1c01bbd47fc00a2c39e90264f33305004495a9","hash":"aac6778d3360ec38491b0241277ce779490e53bd"}
,"/Users/lin/Desktop/react-native/reactnative_pokedex/assets/official-artwork/195.png": {"path":"/Users/lin/Desktop/react-native/reactnative_pokedex/assets/official-artwork/195.png","statementMap":{"0":{"start":{"line":1,"column":0},"end":{"line":4,"column":6}}},"fnMap":{},"branchMap":{},"s":{"0":3},"f":{},"b":{},"_coverageSchema":"1a1c01bbd47fc00a2c39e90264f33305004495a9","hash":"c63f159bbcb22d5cde9e36a1e503f33df7e9cd5c"}
,"/Users/lin/Desktop/react-native/reactnative_pokedex/assets/official-artwork/196.png": {"path":"/Users/lin/Desktop/react-native/reactnative_pokedex/assets/official-artwork/196.png","statementMap":{"0":{"start":{"line":1,"column":0},"end":{"line":4,"column":6}}},"fnMap":{},"branchMap":{},"s":{"0":3},"f":{},"b":{},"_coverageSchema":"1a1c01bbd47fc00a2c39e90264f33305004495a9","hash":"98676a7502dcf8344a52528e8da20b92eec61942"}
,"/Users/lin/Desktop/react-native/reactnative_pokedex/assets/official-artwork/197.png": {"path":"/Users/lin/Desktop/react-native/reactnative_pokedex/assets/official-artwork/197.png","statementMap":{"0":{"start":{"line":1,"column":0},"end":{"line":4,"column":6}}},"fnMap":{},"branchMap":{},"s":{"0":3},"f":{},"b":{},"_coverageSchema":"1a1c01bbd47fc00a2c39e90264f33305004495a9","hash":"84f7ecee78be3b181a78019124300c1e7b1933f1"}
,"/Users/lin/Desktop/react-native/reactnative_pokedex/assets/official-artwork/198.png": {"path":"/Users/lin/Desktop/react-native/reactnative_pokedex/assets/official-artwork/198.png","statementMap":{"0":{"start":{"line":1,"column":0},"end":{"line":4,"column":6}}},"fnMap":{},"branchMap":{},"s":{"0":3},"f":{},"b":{},"_coverageSchema":"1a1c01bbd47fc00a2c39e90264f33305004495a9","hash":"5d0f694658c7033bb27ed78d364f7d85caa1693c"}
,"/Users/lin/Desktop/react-native/reactnative_pokedex/assets/official-artwork/199.png": {"path":"/Users/lin/Desktop/react-native/reactnative_pokedex/assets/official-artwork/199.png","statementMap":{"0":{"start":{"line":1,"column":0},"end":{"line":4,"column":6}}},"fnMap":{},"branchMap":{},"s":{"0":3},"f":{},"b":{},"_coverageSchema":"1a1c01bbd47fc00a2c39e90264f33305004495a9","hash":"d6458b7e14c2957ee551175e1b8c232f3847d62a"}
,"/Users/lin/Desktop/react-native/reactnative_pokedex/assets/official-artwork/2.png": {"path":"/Users/lin/Desktop/react-native/reactnative_pokedex/assets/official-artwork/2.png","statementMap":{"0":{"start":{"line":1,"column":0},"end":{"line":4,"column":6}}},"fnMap":{},"branchMap":{},"s":{"0":3},"f":{},"b":{},"_coverageSchema":"1a1c01bbd47fc00a2c39e90264f33305004495a9","hash":"94ec9a156331c6a1bc9686db2ccfa528f45d6fe7"}
,"/Users/lin/Desktop/react-native/reactnative_pokedex/assets/official-artwork/20.png": {"path":"/Users/lin/Desktop/react-native/reactnative_pokedex/assets/official-artwork/20.png","statementMap":{"0":{"start":{"line":1,"column":0},"end":{"line":4,"column":6}}},"fnMap":{},"branchMap":{},"s":{"0":3},"f":{},"b":{},"_coverageSchema":"1a1c01bbd47fc00a2c39e90264f33305004495a9","hash":"7b01d3c39a1cf78fef005380fc5ddef7d1e4b218"}
,"/Users/lin/Desktop/react-native/reactnative_pokedex/assets/official-artwork/200.png": {"path":"/Users/lin/Desktop/react-native/reactnative_pokedex/assets/official-artwork/200.png","statementMap":{"0":{"start":{"line":1,"column":0},"end":{"line":4,"column":6}}},"fnMap":{},"branchMap":{},"s":{"0":3},"f":{},"b":{},"_coverageSchema":"1a1c01bbd47fc00a2c39e90264f33305004495a9","hash":"d101323a789f6f0a87eed5f0a841d62adb79663c"}
,"/Users/lin/Desktop/react-native/reactnative_pokedex/assets/official-artwork/21.png": {"path":"/Users/lin/Desktop/react-native/reactnative_pokedex/assets/official-artwork/21.png","statementMap":{"0":{"start":{"line":1,"column":0},"end":{"line":4,"column":6}}},"fnMap":{},"branchMap":{},"s":{"0":3},"f":{},"b":{},"_coverageSchema":"1a1c01bbd47fc00a2c39e90264f33305004495a9","hash":"5cbf0ee5dc102f9a29a6f04e327d3ac2b1fe4e1f"}
,"/Users/lin/Desktop/react-native/reactnative_pokedex/assets/official-artwork/22.png": {"path":"/Users/lin/Desktop/react-native/reactnative_pokedex/assets/official-artwork/22.png","statementMap":{"0":{"start":{"line":1,"column":0},"end":{"line":4,"column":6}}},"fnMap":{},"branchMap":{},"s":{"0":3},"f":{},"b":{},"_coverageSchema":"1a1c01bbd47fc00a2c39e90264f33305004495a9","hash":"5a17d5287d424cd31a59ef54189edc454ac5884f"}
,"/Users/lin/Desktop/react-native/reactnative_pokedex/assets/official-artwork/23.png": {"path":"/Users/lin/Desktop/react-native/reactnative_pokedex/assets/official-artwork/23.png","statementMap":{"0":{"start":{"line":1,"column":0},"end":{"line":4,"column":6}}},"fnMap":{},"branchMap":{},"s":{"0":3},"f":{},"b":{},"_coverageSchema":"1a1c01bbd47fc00a2c39e90264f33305004495a9","hash":"d382f4a883c5d44cd201b7c895176e7531b04ead"}
,"/Users/lin/Desktop/react-native/reactnative_pokedex/assets/official-artwork/24.png": {"path":"/Users/lin/Desktop/react-native/reactnative_pokedex/assets/official-artwork/24.png","statementMap":{"0":{"start":{"line":1,"column":0},"end":{"line":4,"column":6}}},"fnMap":{},"branchMap":{},"s":{"0":3},"f":{},"b":{},"_coverageSchema":"1a1c01bbd47fc00a2c39e90264f33305004495a9","hash":"3350b74c9bd68cdc144cdd471a8969f358897c14"}
,"/Users/lin/Desktop/react-native/reactnative_pokedex/assets/official-artwork/25.png": {"path":"/Users/lin/Desktop/react-native/reactnative_pokedex/assets/official-artwork/25.png","statementMap":{"0":{"start":{"line":1,"column":0},"end":{"line":4,"column":6}}},"fnMap":{},"branchMap":{},"s":{"0":3},"f":{},"b":{},"_coverageSchema":"1a1c01bbd47fc00a2c39e90264f33305004495a9","hash":"8a417fecb14154753e84b85f2a6bcb720e0ae03a"}
,"/Users/lin/Desktop/react-native/reactnative_pokedex/assets/official-artwork/26.png": {"path":"/Users/lin/Desktop/react-native/reactnative_pokedex/assets/official-artwork/26.png","statementMap":{"0":{"start":{"line":1,"column":0},"end":{"line":4,"column":6}}},"fnMap":{},"branchMap":{},"s":{"0":3},"f":{},"b":{},"_coverageSchema":"1a1c01bbd47fc00a2c39e90264f33305004495a9","hash":"4e37e770b3d709720b382c4e9c5f06ec4472c05f"}
,"/Users/lin/Desktop/react-native/reactnative_pokedex/assets/official-artwork/27.png": {"path":"/Users/lin/Desktop/react-native/reactnative_pokedex/assets/official-artwork/27.png","statementMap":{"0":{"start":{"line":1,"column":0},"end":{"line":4,"column":6}}},"fnMap":{},"branchMap":{},"s":{"0":3},"f":{},"b":{},"_coverageSchema":"1a1c01bbd47fc00a2c39e90264f33305004495a9","hash":"4353077cfb51e5edbe4c2a836ef21dff2be92182"}
,"/Users/lin/Desktop/react-native/reactnative_pokedex/assets/official-artwork/28.png": {"path":"/Users/lin/Desktop/react-native/reactnative_pokedex/assets/official-artwork/28.png","statementMap":{"0":{"start":{"line":1,"column":0},"end":{"line":4,"column":6}}},"fnMap":{},"branchMap":{},"s":{"0":3},"f":{},"b":{},"_coverageSchema":"1a1c01bbd47fc00a2c39e90264f33305004495a9","hash":"4981a1e66f9e3e041e32be8afeccc13a98a02d6f"}
,"/Users/lin/Desktop/react-native/reactnative_pokedex/assets/official-artwork/29.png": {"path":"/Users/lin/Desktop/react-native/reactnative_pokedex/assets/official-artwork/29.png","statementMap":{"0":{"start":{"line":1,"column":0},"end":{"line":4,"column":6}}},"fnMap":{},"branchMap":{},"s":{"0":3},"f":{},"b":{},"_coverageSchema":"1a1c01bbd47fc00a2c39e90264f33305004495a9","hash":"5adf7a36999a13a4bac98a1a990b6404e1a55a08"}
,"/Users/lin/Desktop/react-native/reactnative_pokedex/assets/official-artwork/3.png": {"path":"/Users/lin/Desktop/react-native/reactnative_pokedex/assets/official-artwork/3.png","statementMap":{"0":{"start":{"line":1,"column":0},"end":{"line":4,"column":6}}},"fnMap":{},"branchMap":{},"s":{"0":3},"f":{},"b":{},"_coverageSchema":"1a1c01bbd47fc00a2c39e90264f33305004495a9","hash":"48d323dd7c9acc2a0f997b4e0903966eb2cc1cae"}
,"/Users/lin/Desktop/react-native/reactnative_pokedex/assets/official-artwork/30.png": {"path":"/Users/lin/Desktop/react-native/reactnative_pokedex/assets/official-artwork/30.png","statementMap":{"0":{"start":{"line":1,"column":0},"end":{"line":4,"column":6}}},"fnMap":{},"branchMap":{},"s":{"0":3},"f":{},"b":{},"_coverageSchema":"1a1c01bbd47fc00a2c39e90264f33305004495a9","hash":"263265032ed9be81ede58e3bb9281f1d11292e53"}
,"/Users/lin/Desktop/react-native/reactnative_pokedex/assets/official-artwork/31.png": {"path":"/Users/lin/Desktop/react-native/reactnative_pokedex/assets/official-artwork/31.png","statementMap":{"0":{"start":{"line":1,"column":0},"end":{"line":4,"column":6}}},"fnMap":{},"branchMap":{},"s":{"0":3},"f":{},"b":{},"_coverageSchema":"1a1c01bbd47fc00a2c39e90264f33305004495a9","hash":"d17fe08ff65ecf420a7bd17ca4b545d7fd59b304"}
,"/Users/lin/Desktop/react-native/reactnative_pokedex/assets/official-artwork/32.png": {"path":"/Users/lin/Desktop/react-native/reactnative_pokedex/assets/official-artwork/32.png","statementMap":{"0":{"start":{"line":1,"column":0},"end":{"line":4,"column":6}}},"fnMap":{},"branchMap":{},"s":{"0":3},"f":{},"b":{},"_coverageSchema":"1a1c01bbd47fc00a2c39e90264f33305004495a9","hash":"10cf57baf6cb1b74349c4282dbc3e086f626fa6a"}
,"/Users/lin/Desktop/react-native/reactnative_pokedex/assets/official-artwork/33.png": {"path":"/Users/lin/Desktop/react-native/reactnative_pokedex/assets/official-artwork/33.png","statementMap":{"0":{"start":{"line":1,"column":0},"end":{"line":4,"column":6}}},"fnMap":{},"branchMap":{},"s":{"0":3},"f":{},"b":{},"_coverageSchema":"1a1c01bbd47fc00a2c39e90264f33305004495a9","hash":"800ef4c3c5fa31f10425d61fc047c1aae3bd4297"}
,"/Users/lin/Desktop/react-native/reactnative_pokedex/assets/official-artwork/34.png": {"path":"/Users/lin/Desktop/react-native/reactnative_pokedex/assets/official-artwork/34.png","statementMap":{"0":{"start":{"line":1,"column":0},"end":{"line":4,"column":6}}},"fnMap":{},"branchMap":{},"s":{"0":3},"f":{},"b":{},"_coverageSchema":"1a1c01bbd47fc00a2c39e90264f33305004495a9","hash":"54a4e4a63d1f05c5cdf490da3d6cb3a6a8784169"}
,"/Users/lin/Desktop/react-native/reactnative_pokedex/assets/official-artwork/35.png": {"path":"/Users/lin/Desktop/react-native/reactnative_pokedex/assets/official-artwork/35.png","statementMap":{"0":{"start":{"line":1,"column":0},"end":{"line":4,"column":6}}},"fnMap":{},"branchMap":{},"s":{"0":3},"f":{},"b":{},"_coverageSchema":"1a1c01bbd47fc00a2c39e90264f33305004495a9","hash":"9d963ad31c3140b756f3c81f136d76276a4584c6"}
,"/Users/lin/Desktop/react-native/reactnative_pokedex/assets/official-artwork/36.png": {"path":"/Users/lin/Desktop/react-native/reactnative_pokedex/assets/official-artwork/36.png","statementMap":{"0":{"start":{"line":1,"column":0},"end":{"line":4,"column":6}}},"fnMap":{},"branchMap":{},"s":{"0":3},"f":{},"b":{},"_coverageSchema":"1a1c01bbd47fc00a2c39e90264f33305004495a9","hash":"a920db41c61e90571571544c1b1b474228d48b7b"}
,"/Users/lin/Desktop/react-native/reactnative_pokedex/assets/official-artwork/37.png": {"path":"/Users/lin/Desktop/react-native/reactnative_pokedex/assets/official-artwork/37.png","statementMap":{"0":{"start":{"line":1,"column":0},"end":{"line":4,"column":6}}},"fnMap":{},"branchMap":{},"s":{"0":3},"f":{},"b":{},"_coverageSchema":"1a1c01bbd47fc00a2c39e90264f33305004495a9","hash":"eecf8e6b19e051ea02e7a8fd2d2bee18e2b037a3"}
,"/Users/lin/Desktop/react-native/reactnative_pokedex/assets/official-artwork/38.png": {"path":"/Users/lin/Desktop/react-native/reactnative_pokedex/assets/official-artwork/38.png","statementMap":{"0":{"start":{"line":1,"column":0},"end":{"line":4,"column":6}}},"fnMap":{},"branchMap":{},"s":{"0":3},"f":{},"b":{},"_coverageSchema":"1a1c01bbd47fc00a2c39e90264f33305004495a9","hash":"b9b4cd33f0e7417bd8b08d44f1735b30105543e8"}
,"/Users/lin/Desktop/react-native/reactnative_pokedex/assets/official-artwork/39.png": {"path":"/Users/lin/Desktop/react-native/reactnative_pokedex/assets/official-artwork/39.png","statementMap":{"0":{"start":{"line":1,"column":0},"end":{"line":4,"column":6}}},"fnMap":{},"branchMap":{},"s":{"0":3},"f":{},"b":{},"_coverageSchema":"1a1c01bbd47fc00a2c39e90264f33305004495a9","hash":"645ca59b8c63114d7192af1f899e6eafdbe66a2b"}
,"/Users/lin/Desktop/react-native/reactnative_pokedex/assets/official-artwork/4.png": {"path":"/Users/lin/Desktop/react-native/reactnative_pokedex/assets/official-artwork/4.png","statementMap":{"0":{"start":{"line":1,"column":0},"end":{"line":4,"column":6}}},"fnMap":{},"branchMap":{},"s":{"0":3},"f":{},"b":{},"_coverageSchema":"1a1c01bbd47fc00a2c39e90264f33305004495a9","hash":"c2f0d27b259a8d1dc6efcaf7071bf274bacb06f9"}
,"/Users/lin/Desktop/react-native/reactnative_pokedex/assets/official-artwork/40.png": {"path":"/Users/lin/Desktop/react-native/reactnative_pokedex/assets/official-artwork/40.png","statementMap":{"0":{"start":{"line":1,"column":0},"end":{"line":4,"column":6}}},"fnMap":{},"branchMap":{},"s":{"0":3},"f":{},"b":{},"_coverageSchema":"1a1c01bbd47fc00a2c39e90264f33305004495a9","hash":"3b50cb875141c715b71fdacfe18444c6ee441d07"}
,"/Users/lin/Desktop/react-native/reactnative_pokedex/assets/official-artwork/41.png": {"path":"/Users/lin/Desktop/react-native/reactnative_pokedex/assets/official-artwork/41.png","statementMap":{"0":{"start":{"line":1,"column":0},"end":{"line":4,"column":6}}},"fnMap":{},"branchMap":{},"s":{"0":3},"f":{},"b":{},"_coverageSchema":"1a1c01bbd47fc00a2c39e90264f33305004495a9","hash":"dbf85c7074c5ee5839b6c948561ea9024c2b1124"}
,"/Users/lin/Desktop/react-native/reactnative_pokedex/assets/official-artwork/42.png": {"path":"/Users/lin/Desktop/react-native/reactnative_pokedex/assets/official-artwork/42.png","statementMap":{"0":{"start":{"line":1,"column":0},"end":{"line":4,"column":6}}},"fnMap":{},"branchMap":{},"s":{"0":3},"f":{},"b":{},"_coverageSchema":"1a1c01bbd47fc00a2c39e90264f33305004495a9","hash":"7ba278dc5dd3760a3d0b2af65a34333d4ea99b9e"}
,"/Users/lin/Desktop/react-native/reactnative_pokedex/assets/official-artwork/43.png": {"path":"/Users/lin/Desktop/react-native/reactnative_pokedex/assets/official-artwork/43.png","statementMap":{"0":{"start":{"line":1,"column":0},"end":{"line":4,"column":6}}},"fnMap":{},"branchMap":{},"s":{"0":3},"f":{},"b":{},"_coverageSchema":"1a1c01bbd47fc00a2c39e90264f33305004495a9","hash":"d32427c37f56ae1a2153c0d73b7f3bad0d5acfeb"}
,"/Users/lin/Desktop/react-native/reactnative_pokedex/assets/official-artwork/44.png": {"path":"/Users/lin/Desktop/react-native/reactnative_pokedex/assets/official-artwork/44.png","statementMap":{"0":{"start":{"line":1,"column":0},"end":{"line":4,"column":6}}},"fnMap":{},"branchMap":{},"s":{"0":3},"f":{},"b":{},"_coverageSchema":"1a1c01bbd47fc00a2c39e90264f33305004495a9","hash":"838bd14472cf6ed17bf7c440f0b00af7fdf7d497"}
,"/Users/lin/Desktop/react-native/reactnative_pokedex/assets/official-artwork/45.png": {"path":"/Users/lin/Desktop/react-native/reactnative_pokedex/assets/official-artwork/45.png","statementMap":{"0":{"start":{"line":1,"column":0},"end":{"line":4,"column":6}}},"fnMap":{},"branchMap":{},"s":{"0":3},"f":{},"b":{},"_coverageSchema":"1a1c01bbd47fc00a2c39e90264f33305004495a9","hash":"3bed2cc32343e36ca4debfb30b53fdd64b72fde6"}
,"/Users/lin/Desktop/react-native/reactnative_pokedex/assets/official-artwork/46.png": {"path":"/Users/lin/Desktop/react-native/reactnative_pokedex/assets/official-artwork/46.png","statementMap":{"0":{"start":{"line":1,"column":0},"end":{"line":4,"column":6}}},"fnMap":{},"branchMap":{},"s":{"0":3},"f":{},"b":{},"_coverageSchema":"1a1c01bbd47fc00a2c39e90264f33305004495a9","hash":"0769ce598c53ea27e6881e4e71bc9065de31593d"}
,"/Users/lin/Desktop/react-native/reactnative_pokedex/assets/official-artwork/47.png": {"path":"/Users/lin/Desktop/react-native/reactnative_pokedex/assets/official-artwork/47.png","statementMap":{"0":{"start":{"line":1,"column":0},"end":{"line":4,"column":6}}},"fnMap":{},"branchMap":{},"s":{"0":3},"f":{},"b":{},"_coverageSchema":"1a1c01bbd47fc00a2c39e90264f33305004495a9","hash":"3d73e210699301687b4754b76709a9e113687c7b"}
,"/Users/lin/Desktop/react-native/reactnative_pokedex/assets/official-artwork/48.png": {"path":"/Users/lin/Desktop/react-native/reactnative_pokedex/assets/official-artwork/48.png","statementMap":{"0":{"start":{"line":1,"column":0},"end":{"line":4,"column":6}}},"fnMap":{},"branchMap":{},"s":{"0":3},"f":{},"b":{},"_coverageSchema":"1a1c01bbd47fc00a2c39e90264f33305004495a9","hash":"e1f91182bdb6b9223ef735285132451e9139ffb4"}
,"/Users/lin/Desktop/react-native/reactnative_pokedex/assets/official-artwork/49.png": {"path":"/Users/lin/Desktop/react-native/reactnative_pokedex/assets/official-artwork/49.png","statementMap":{"0":{"start":{"line":1,"column":0},"end":{"line":4,"column":6}}},"fnMap":{},"branchMap":{},"s":{"0":3},"f":{},"b":{},"_coverageSchema":"1a1c01bbd47fc00a2c39e90264f33305004495a9","hash":"e2e9bcf14f09af6307755904ffedd130d6949861"}
,"/Users/lin/Desktop/react-native/reactnative_pokedex/assets/official-artwork/5.png": {"path":"/Users/lin/Desktop/react-native/reactnative_pokedex/assets/official-artwork/5.png","statementMap":{"0":{"start":{"line":1,"column":0},"end":{"line":4,"column":6}}},"fnMap":{},"branchMap":{},"s":{"0":3},"f":{},"b":{},"_coverageSchema":"1a1c01bbd47fc00a2c39e90264f33305004495a9","hash":"9eef38f9b6d734bc5186af2ed39b763a55b802e2"}
,"/Users/lin/Desktop/react-native/reactnative_pokedex/assets/official-artwork/50.png": {"path":"/Users/lin/Desktop/react-native/reactnative_pokedex/assets/official-artwork/50.png","statementMap":{"0":{"start":{"line":1,"column":0},"end":{"line":4,"column":6}}},"fnMap":{},"branchMap":{},"s":{"0":3},"f":{},"b":{},"_coverageSchema":"1a1c01bbd47fc00a2c39e90264f33305004495a9","hash":"771c7f19ce28d81633503b04f992d82c287015ca"}
,"/Users/lin/Desktop/react-native/reactnative_pokedex/assets/official-artwork/51.png": {"path":"/Users/lin/Desktop/react-native/reactnative_pokedex/assets/official-artwork/51.png","statementMap":{"0":{"start":{"line":1,"column":0},"end":{"line":4,"column":6}}},"fnMap":{},"branchMap":{},"s":{"0":3},"f":{},"b":{},"_coverageSchema":"1a1c01bbd47fc00a2c39e90264f33305004495a9","hash":"737d70351dad68005c1f2819d50288b5754b9102"}
,"/Users/lin/Desktop/react-native/reactnative_pokedex/assets/official-artwork/52.png": {"path":"/Users/lin/Desktop/react-native/reactnative_pokedex/assets/official-artwork/52.png","statementMap":{"0":{"start":{"line":1,"column":0},"end":{"line":4,"column":6}}},"fnMap":{},"branchMap":{},"s":{"0":3},"f":{},"b":{},"_coverageSchema":"1a1c01bbd47fc00a2c39e90264f33305004495a9","hash":"ef468834c5dadad7c53b13e2f088f1032671b0f4"}
,"/Users/lin/Desktop/react-native/reactnative_pokedex/assets/official-artwork/53.png": {"path":"/Users/lin/Desktop/react-native/reactnative_pokedex/assets/official-artwork/53.png","statementMap":{"0":{"start":{"line":1,"column":0},"end":{"line":4,"column":6}}},"fnMap":{},"branchMap":{},"s":{"0":3},"f":{},"b":{},"_coverageSchema":"1a1c01bbd47fc00a2c39e90264f33305004495a9","hash":"34bdf14d141c1438982b6099191b385b355fbdd0"}
,"/Users/lin/Desktop/react-native/reactnative_pokedex/assets/official-artwork/54.png": {"path":"/Users/lin/Desktop/react-native/reactnative_pokedex/assets/official-artwork/54.png","statementMap":{"0":{"start":{"line":1,"column":0},"end":{"line":4,"column":6}}},"fnMap":{},"branchMap":{},"s":{"0":3},"f":{},"b":{},"_coverageSchema":"1a1c01bbd47fc00a2c39e90264f33305004495a9","hash":"03b4d14362cf8dce0e0de262afbae50b6b59ccc7"}
,"/Users/lin/Desktop/react-native/reactnative_pokedex/assets/official-artwork/55.png": {"path":"/Users/lin/Desktop/react-native/reactnative_pokedex/assets/official-artwork/55.png","statementMap":{"0":{"start":{"line":1,"column":0},"end":{"line":4,"column":6}}},"fnMap":{},"branchMap":{},"s":{"0":3},"f":{},"b":{},"_coverageSchema":"1a1c01bbd47fc00a2c39e90264f33305004495a9","hash":"d5e1f4a644ecea3401e80f69594bf1c6ebb2344a"}
,"/Users/lin/Desktop/react-native/reactnative_pokedex/assets/official-artwork/56.png": {"path":"/Users/lin/Desktop/react-native/reactnative_pokedex/assets/official-artwork/56.png","statementMap":{"0":{"start":{"line":1,"column":0},"end":{"line":4,"column":6}}},"fnMap":{},"branchMap":{},"s":{"0":3},"f":{},"b":{},"_coverageSchema":"1a1c01bbd47fc00a2c39e90264f33305004495a9","hash":"f2d35ee1c4a3bd8f3a0b597015f7e188577fe677"}
,"/Users/lin/Desktop/react-native/reactnative_pokedex/assets/official-artwork/57.png": {"path":"/Users/lin/Desktop/react-native/reactnative_pokedex/assets/official-artwork/57.png","statementMap":{"0":{"start":{"line":1,"column":0},"end":{"line":4,"column":6}}},"fnMap":{},"branchMap":{},"s":{"0":3},"f":{},"b":{},"_coverageSchema":"1a1c01bbd47fc00a2c39e90264f33305004495a9","hash":"d3237f8d60e6e11c1e9d130993a6a39121efccd3"}
,"/Users/lin/Desktop/react-native/reactnative_pokedex/assets/official-artwork/58.png": {"path":"/Users/lin/Desktop/react-native/reactnative_pokedex/assets/official-artwork/58.png","statementMap":{"0":{"start":{"line":1,"column":0},"end":{"line":4,"column":6}}},"fnMap":{},"branchMap":{},"s":{"0":3},"f":{},"b":{},"_coverageSchema":"1a1c01bbd47fc00a2c39e90264f33305004495a9","hash":"e657e450be1b6894f5d8d66d2163a354badb1ee2"}
,"/Users/lin/Desktop/react-native/reactnative_pokedex/assets/official-artwork/59.png": {"path":"/Users/lin/Desktop/react-native/reactnative_pokedex/assets/official-artwork/59.png","statementMap":{"0":{"start":{"line":1,"column":0},"end":{"line":4,"column":6}}},"fnMap":{},"branchMap":{},"s":{"0":3},"f":{},"b":{},"_coverageSchema":"1a1c01bbd47fc00a2c39e90264f33305004495a9","hash":"91c7621277cd87527d2b66df4a6eac8a11c5a83d"}
,"/Users/lin/Desktop/react-native/reactnative_pokedex/assets/official-artwork/6.png": {"path":"/Users/lin/Desktop/react-native/reactnative_pokedex/assets/official-artwork/6.png","statementMap":{"0":{"start":{"line":1,"column":0},"end":{"line":4,"column":6}}},"fnMap":{},"branchMap":{},"s":{"0":3},"f":{},"b":{},"_coverageSchema":"1a1c01bbd47fc00a2c39e90264f33305004495a9","hash":"71ddd0f539b16bc576f56c76890455cac07e014c"}
,"/Users/lin/Desktop/react-native/reactnative_pokedex/assets/official-artwork/60.png": {"path":"/Users/lin/Desktop/react-native/reactnative_pokedex/assets/official-artwork/60.png","statementMap":{"0":{"start":{"line":1,"column":0},"end":{"line":4,"column":6}}},"fnMap":{},"branchMap":{},"s":{"0":3},"f":{},"b":{},"_coverageSchema":"1a1c01bbd47fc00a2c39e90264f33305004495a9","hash":"0a8330b55008bd9a24def03fa3bb35b242185804"}
,"/Users/lin/Desktop/react-native/reactnative_pokedex/assets/official-artwork/61.png": {"path":"/Users/lin/Desktop/react-native/reactnative_pokedex/assets/official-artwork/61.png","statementMap":{"0":{"start":{"line":1,"column":0},"end":{"line":4,"column":6}}},"fnMap":{},"branchMap":{},"s":{"0":3},"f":{},"b":{},"_coverageSchema":"1a1c01bbd47fc00a2c39e90264f33305004495a9","hash":"d30009501e5cdb54b86b5abdb21347716df04d83"}
,"/Users/lin/Desktop/react-native/reactnative_pokedex/assets/official-artwork/62.png": {"path":"/Users/lin/Desktop/react-native/reactnative_pokedex/assets/official-artwork/62.png","statementMap":{"0":{"start":{"line":1,"column":0},"end":{"line":4,"column":6}}},"fnMap":{},"branchMap":{},"s":{"0":3},"f":{},"b":{},"_coverageSchema":"1a1c01bbd47fc00a2c39e90264f33305004495a9","hash":"c53b032d172e46549a34318df9ab2bafb0a5f18d"}
,"/Users/lin/Desktop/react-native/reactnative_pokedex/assets/official-artwork/63.png": {"path":"/Users/lin/Desktop/react-native/reactnative_pokedex/assets/official-artwork/63.png","statementMap":{"0":{"start":{"line":1,"column":0},"end":{"line":4,"column":6}}},"fnMap":{},"branchMap":{},"s":{"0":3},"f":{},"b":{},"_coverageSchema":"1a1c01bbd47fc00a2c39e90264f33305004495a9","hash":"fe2ac73ae7efa4c2616626d37aa27e867868bf27"}
,"/Users/lin/Desktop/react-native/reactnative_pokedex/assets/official-artwork/64.png": {"path":"/Users/lin/Desktop/react-native/reactnative_pokedex/assets/official-artwork/64.png","statementMap":{"0":{"start":{"line":1,"column":0},"end":{"line":4,"column":6}}},"fnMap":{},"branchMap":{},"s":{"0":3},"f":{},"b":{},"_coverageSchema":"1a1c01bbd47fc00a2c39e90264f33305004495a9","hash":"1c9e4b89d359d16844b49e4c63bc5829f3520ef9"}
,"/Users/lin/Desktop/react-native/reactnative_pokedex/assets/official-artwork/65.png": {"path":"/Users/lin/Desktop/react-native/reactnative_pokedex/assets/official-artwork/65.png","statementMap":{"0":{"start":{"line":1,"column":0},"end":{"line":4,"column":6}}},"fnMap":{},"branchMap":{},"s":{"0":3},"f":{},"b":{},"_coverageSchema":"1a1c01bbd47fc00a2c39e90264f33305004495a9","hash":"eb65621d9efca3f893a74ada4fa9c24958689784"}
,"/Users/lin/Desktop/react-native/reactnative_pokedex/assets/official-artwork/66.png": {"path":"/Users/lin/Desktop/react-native/reactnative_pokedex/assets/official-artwork/66.png","statementMap":{"0":{"start":{"line":1,"column":0},"end":{"line":4,"column":6}}},"fnMap":{},"branchMap":{},"s":{"0":3},"f":{},"b":{},"_coverageSchema":"1a1c01bbd47fc00a2c39e90264f33305004495a9","hash":"58396ef95bd26ae0f48472cca207faded6c28155"}
,"/Users/lin/Desktop/react-native/reactnative_pokedex/assets/official-artwork/67.png": {"path":"/Users/lin/Desktop/react-native/reactnative_pokedex/assets/official-artwork/67.png","statementMap":{"0":{"start":{"line":1,"column":0},"end":{"line":4,"column":6}}},"fnMap":{},"branchMap":{},"s":{"0":3},"f":{},"b":{},"_coverageSchema":"1a1c01bbd47fc00a2c39e90264f33305004495a9","hash":"4debe62e8be4104cdbb8baef444408dc8f90100a"}
,"/Users/lin/Desktop/react-native/reactnative_pokedex/assets/official-artwork/68.png": {"path":"/Users/lin/Desktop/react-native/reactnative_pokedex/assets/official-artwork/68.png","statementMap":{"0":{"start":{"line":1,"column":0},"end":{"line":4,"column":6}}},"fnMap":{},"branchMap":{},"s":{"0":3},"f":{},"b":{},"_coverageSchema":"1a1c01bbd47fc00a2c39e90264f33305004495a9","hash":"c790359b4f79ba424acb7faff129379f2ee00f12"}
,"/Users/lin/Desktop/react-native/reactnative_pokedex/assets/official-artwork/69.png": {"path":"/Users/lin/Desktop/react-native/reactnative_pokedex/assets/official-artwork/69.png","statementMap":{"0":{"start":{"line":1,"column":0},"end":{"line":4,"column":6}}},"fnMap":{},"branchMap":{},"s":{"0":3},"f":{},"b":{},"_coverageSchema":"1a1c01bbd47fc00a2c39e90264f33305004495a9","hash":"ceb811d55267a6b74fb231dff3f1b5677f0e03f2"}
,"/Users/lin/Desktop/react-native/reactnative_pokedex/assets/official-artwork/7.png": {"path":"/Users/lin/Desktop/react-native/reactnative_pokedex/assets/official-artwork/7.png","statementMap":{"0":{"start":{"line":1,"column":0},"end":{"line":4,"column":6}}},"fnMap":{},"branchMap":{},"s":{"0":3},"f":{},"b":{},"_coverageSchema":"1a1c01bbd47fc00a2c39e90264f33305004495a9","hash":"1b8718505fe69af0334695a80c0119b23b00ced7"}
,"/Users/lin/Desktop/react-native/reactnative_pokedex/assets/official-artwork/70.png": {"path":"/Users/lin/Desktop/react-native/reactnative_pokedex/assets/official-artwork/70.png","statementMap":{"0":{"start":{"line":1,"column":0},"end":{"line":4,"column":6}}},"fnMap":{},"branchMap":{},"s":{"0":3},"f":{},"b":{},"_coverageSchema":"1a1c01bbd47fc00a2c39e90264f33305004495a9","hash":"87957d0a2e460d859882e2736fcbd45db51c6019"}
,"/Users/lin/Desktop/react-native/reactnative_pokedex/assets/official-artwork/71.png": {"path":"/Users/lin/Desktop/react-native/reactnative_pokedex/assets/official-artwork/71.png","statementMap":{"0":{"start":{"line":1,"column":0},"end":{"line":4,"column":6}}},"fnMap":{},"branchMap":{},"s":{"0":3},"f":{},"b":{},"_coverageSchema":"1a1c01bbd47fc00a2c39e90264f33305004495a9","hash":"4c00a525321a6a53de17116e8ec87147e3be9445"}
,"/Users/lin/Desktop/react-native/reactnative_pokedex/assets/official-artwork/72.png": {"path":"/Users/lin/Desktop/react-native/reactnative_pokedex/assets/official-artwork/72.png","statementMap":{"0":{"start":{"line":1,"column":0},"end":{"line":4,"column":6}}},"fnMap":{},"branchMap":{},"s":{"0":3},"f":{},"b":{},"_coverageSchema":"1a1c01bbd47fc00a2c39e90264f33305004495a9","hash":"74ca8a25495fae0cd5185a3bc2a4d7e640e9646b"}
,"/Users/lin/Desktop/react-native/reactnative_pokedex/assets/official-artwork/73.png": {"path":"/Users/lin/Desktop/react-native/reactnative_pokedex/assets/official-artwork/73.png","statementMap":{"0":{"start":{"line":1,"column":0},"end":{"line":4,"column":6}}},"fnMap":{},"branchMap":{},"s":{"0":3},"f":{},"b":{},"_coverageSchema":"1a1c01bbd47fc00a2c39e90264f33305004495a9","hash":"57f1836026c65f1951bdea10fe7d1453d677c848"}
,"/Users/lin/Desktop/react-native/reactnative_pokedex/assets/official-artwork/74.png": {"path":"/Users/lin/Desktop/react-native/reactnative_pokedex/assets/official-artwork/74.png","statementMap":{"0":{"start":{"line":1,"column":0},"end":{"line":4,"column":6}}},"fnMap":{},"branchMap":{},"s":{"0":3},"f":{},"b":{},"_coverageSchema":"1a1c01bbd47fc00a2c39e90264f33305004495a9","hash":"72d9c180f394344cd2835ccc07fb655ea5620ab6"}
,"/Users/lin/Desktop/react-native/reactnative_pokedex/assets/official-artwork/75.png": {"path":"/Users/lin/Desktop/react-native/reactnative_pokedex/assets/official-artwork/75.png","statementMap":{"0":{"start":{"line":1,"column":0},"end":{"line":4,"column":6}}},"fnMap":{},"branchMap":{},"s":{"0":3},"f":{},"b":{},"_coverageSchema":"1a1c01bbd47fc00a2c39e90264f33305004495a9","hash":"21cd95459228993d75ea78e7585f0101789dbb3f"}
,"/Users/lin/Desktop/react-native/reactnative_pokedex/assets/official-artwork/76.png": {"path":"/Users/lin/Desktop/react-native/reactnative_pokedex/assets/official-artwork/76.png","statementMap":{"0":{"start":{"line":1,"column":0},"end":{"line":4,"column":6}}},"fnMap":{},"branchMap":{},"s":{"0":3},"f":{},"b":{},"_coverageSchema":"1a1c01bbd47fc00a2c39e90264f33305004495a9","hash":"c484323081f5fba133400d651c8acdb32f835e82"}
,"/Users/lin/Desktop/react-native/reactnative_pokedex/assets/official-artwork/77.png": {"path":"/Users/lin/Desktop/react-native/reactnative_pokedex/assets/official-artwork/77.png","statementMap":{"0":{"start":{"line":1,"column":0},"end":{"line":4,"column":6}}},"fnMap":{},"branchMap":{},"s":{"0":3},"f":{},"b":{},"_coverageSchema":"1a1c01bbd47fc00a2c39e90264f33305004495a9","hash":"ac9a50f72058a8b4a6a10af238ee16bd0422000c"}
,"/Users/lin/Desktop/react-native/reactnative_pokedex/assets/official-artwork/78.png": {"path":"/Users/lin/Desktop/react-native/reactnative_pokedex/assets/official-artwork/78.png","statementMap":{"0":{"start":{"line":1,"column":0},"end":{"line":4,"column":6}}},"fnMap":{},"branchMap":{},"s":{"0":3},"f":{},"b":{},"_coverageSchema":"1a1c01bbd47fc00a2c39e90264f33305004495a9","hash":"61985efa12c53dab6c353d9ed727fb9db7349486"}
,"/Users/lin/Desktop/react-native/reactnative_pokedex/assets/official-artwork/79.png": {"path":"/Users/lin/Desktop/react-native/reactnative_pokedex/assets/official-artwork/79.png","statementMap":{"0":{"start":{"line":1,"column":0},"end":{"line":4,"column":6}}},"fnMap":{},"branchMap":{},"s":{"0":3},"f":{},"b":{},"_coverageSchema":"1a1c01bbd47fc00a2c39e90264f33305004495a9","hash":"53c45b64aa0b13901d67301e239ba34a537e618b"}
,"/Users/lin/Desktop/react-native/reactnative_pokedex/assets/official-artwork/8.png": {"path":"/Users/lin/Desktop/react-native/reactnative_pokedex/assets/official-artwork/8.png","statementMap":{"0":{"start":{"line":1,"column":0},"end":{"line":4,"column":6}}},"fnMap":{},"branchMap":{},"s":{"0":3},"f":{},"b":{},"_coverageSchema":"1a1c01bbd47fc00a2c39e90264f33305004495a9","hash":"d9c05f7728bf9b5a08eaf55dd1a57e3b3489e84f"}
,"/Users/lin/Desktop/react-native/reactnative_pokedex/assets/official-artwork/80.png": {"path":"/Users/lin/Desktop/react-native/reactnative_pokedex/assets/official-artwork/80.png","statementMap":{"0":{"start":{"line":1,"column":0},"end":{"line":4,"column":6}}},"fnMap":{},"branchMap":{},"s":{"0":3},"f":{},"b":{},"_coverageSchema":"1a1c01bbd47fc00a2c39e90264f33305004495a9","hash":"0ab2e8df53ee0989fe5689123ef571280a25f7b8"}
,"/Users/lin/Desktop/react-native/reactnative_pokedex/assets/official-artwork/81.png": {"path":"/Users/lin/Desktop/react-native/reactnative_pokedex/assets/official-artwork/81.png","statementMap":{"0":{"start":{"line":1,"column":0},"end":{"line":4,"column":6}}},"fnMap":{},"branchMap":{},"s":{"0":3},"f":{},"b":{},"_coverageSchema":"1a1c01bbd47fc00a2c39e90264f33305004495a9","hash":"91af4217b1afdfea8c9697dcdd4603465e185df6"}
,"/Users/lin/Desktop/react-native/reactnative_pokedex/assets/official-artwork/82.png": {"path":"/Users/lin/Desktop/react-native/reactnative_pokedex/assets/official-artwork/82.png","statementMap":{"0":{"start":{"line":1,"column":0},"end":{"line":4,"column":6}}},"fnMap":{},"branchMap":{},"s":{"0":3},"f":{},"b":{},"_coverageSchema":"1a1c01bbd47fc00a2c39e90264f33305004495a9","hash":"cc4f0d504d53c19c0e8e2ef1d487bedc7ef1efa1"}
,"/Users/lin/Desktop/react-native/reactnative_pokedex/assets/official-artwork/83.png": {"path":"/Users/lin/Desktop/react-native/reactnative_pokedex/assets/official-artwork/83.png","statementMap":{"0":{"start":{"line":1,"column":0},"end":{"line":4,"column":6}}},"fnMap":{},"branchMap":{},"s":{"0":3},"f":{},"b":{},"_coverageSchema":"1a1c01bbd47fc00a2c39e90264f33305004495a9","hash":"df8a03c1b189da85014c5b513d4a12acaa704d1c"}
,"/Users/lin/Desktop/react-native/reactnative_pokedex/assets/official-artwork/84.png": {"path":"/Users/lin/Desktop/react-native/reactnative_pokedex/assets/official-artwork/84.png","statementMap":{"0":{"start":{"line":1,"column":0},"end":{"line":4,"column":6}}},"fnMap":{},"branchMap":{},"s":{"0":3},"f":{},"b":{},"_coverageSchema":"1a1c01bbd47fc00a2c39e90264f33305004495a9","hash":"fa5e884367c7215fd21dacc468f14b2f0d4d01b7"}
,"/Users/lin/Desktop/react-native/reactnative_pokedex/assets/official-artwork/85.png": {"path":"/Users/lin/Desktop/react-native/reactnative_pokedex/assets/official-artwork/85.png","statementMap":{"0":{"start":{"line":1,"column":0},"end":{"line":4,"column":6}}},"fnMap":{},"branchMap":{},"s":{"0":3},"f":{},"b":{},"_coverageSchema":"1a1c01bbd47fc00a2c39e90264f33305004495a9","hash":"83c21773b67fdf20fbd91599a6f0bedcd1a8751c"}
,"/Users/lin/Desktop/react-native/reactnative_pokedex/assets/official-artwork/86.png": {"path":"/Users/lin/Desktop/react-native/reactnative_pokedex/assets/official-artwork/86.png","statementMap":{"0":{"start":{"line":1,"column":0},"end":{"line":4,"column":6}}},"fnMap":{},"branchMap":{},"s":{"0":3},"f":{},"b":{},"_coverageSchema":"1a1c01bbd47fc00a2c39e90264f33305004495a9","hash":"1e3c3245d10728c0d6be94bb591bcf14d4b41fea"}
,"/Users/lin/Desktop/react-native/reactnative_pokedex/assets/official-artwork/87.png": {"path":"/Users/lin/Desktop/react-native/reactnative_pokedex/assets/official-artwork/87.png","statementMap":{"0":{"start":{"line":1,"column":0},"end":{"line":4,"column":6}}},"fnMap":{},"branchMap":{},"s":{"0":3},"f":{},"b":{},"_coverageSchema":"1a1c01bbd47fc00a2c39e90264f33305004495a9","hash":"1d39d9caab04c6ce74f4b2c9b6a5c9da12b827e9"}
[...]
,"/Users/lin/Desktop/react-native/reactnative_pokedex/src/navigation/MainNavigator.js": {"path":"/Users/lin/Desktop/react-native/reactnative_pokedex/src/navigation/MainNavigator.js","statementMap":{"0":{"start":{"line":7,"column":14},"end":{"line":7,"column":42}},"1":{"start":{"line":9,"column":22},"end":{"line":51,"column":1}},"2":{"start":{"line":10,"column":2},"end":{"line":50,"column":4}},"3":{"start":{"line":15,"column":24},"end":{"line":21,"column":9}},"4":{"start":{"line":36,"column":36},"end":{"line":47,"column":9}},"5":{"start":{"line":38,"column":12},"end":{"line":40,"column":31}},"6":{"start":{"line":38,"column":45},"end":{"line":38,"column":64}}},"fnMap":{"0":{"name":"(anonymous_0)","decl":{"start":{"line":9,"column":22},"end":{"line":9,"column":23}},"loc":{"start":{"line":9,"column":28},"end":{"line":51,"column":1}},"line":9},"1":{"name":"(anonymous_1)","decl":{"start":{"line":15,"column":17},"end":{"line":15,"column":18}},"loc":{"start":{"line":15,"column":24},"end":{"line":21,"column":9}},"line":15},"2":{"name":"(anonymous_2)","decl":{"start":{"line":36,"column":17},"end":{"line":36,"column":18}},"loc":{"start":{"line":36,"column":36},"end":{"line":47,"column":9}},"line":36},"3":{"name":"(anonymous_3)","decl":{"start":{"line":37,"column":23},"end":{"line":37,"column":24}},"loc":{"start":{"line":38,"column":12},"end":{"line":40,"column":31}},"line":38},"4":{"name":"(anonymous_4)","decl":{"start":{"line":38,"column":39},"end":{"line":38,"column":40}},"loc":{"start":{"line":38,"column":45},"end":{"line":38,"column":64}},"line":38}},"branchMap":{},"s":{"0":2,"1":2,"2":4,"3":3,"4":0,"5":0,"6":0},"f":{"0":4,"1":3,"2":0,"3":0,"4":0},"b":{},"_coverageSchema":"1a1c01bbd47fc00a2c39e90264f33305004495a9","hash":"8d7cf40d62adb8ae8588cba3cac8ca4f6654eb6f"}
,"/Users/lin/Desktop/react-native/reactnative_pokedex/src/redux/pokemonSlice.js": {"path":"/Users/lin/Desktop/react-native/reactnative_pokedex/src/redux/pokemonSlice.js","statementMap":{"0":{"start":{"line":3,"column":21},"end":{"line":22,"column":2}},"1":{"start":{"line":12,"column":6},"end":{"line":12,"column":37}},"2":{"start":{"line":15,"column":6},"end":{"line":15,"column":42}},"3":{"start":{"line":19,"column":6},"end":{"line":19,"column":44}},"4":{"start":{"line":25,"column":2},"end":{"line":25,"column":22}}},"fnMap":{"0":{"name":"(anonymous_0)","decl":{"start":{"line":11,"column":4},"end":{"line":11,"column":5}},"loc":{"start":{"line":11,"column":31},"end":{"line":13,"column":5}},"line":11},"1":{"name":"(anonymous_1)","decl":{"start":{"line":14,"column":4},"end":{"line":14,"column":5}},"loc":{"start":{"line":14,"column":35},"end":{"line":16,"column":5}},"line":14},"2":{"name":"(anonymous_2)","decl":{"start":{"line":18,"column":4},"end":{"line":18,"column":5}},"loc":{"start":{"line":18,"column":37},"end":{"line":20,"column":5}},"line":18}},"branchMap":{},"s":{"0":4,"1":1,"2":0,"3":0,"4":4},"f":{"0":1,"1":0,"2":0},"b":{},"_coverageSchema":"1a1c01bbd47fc00a2c39e90264f33305004495a9","hash":"63b259f2521d7bf85d8b358bb55fa5e82c2c4878"}
,"/Users/lin/Desktop/react-native/reactnative_pokedex/src/redux/store.js": {"path":"/Users/lin/Desktop/react-native/reactnative_pokedex/src/redux/store.js","statementMap":{"0":{"start":{"line":4,"column":21},"end":{"line":14,"column":2}},"1":{"start":{"line":10,"column":4},"end":{"line":13,"column":6}}},"fnMap":{"0":{"name":"(anonymous_0)","decl":{"start":{"line":9,"column":14},"end":{"line":9,"column":15}},"loc":{"start":{"line":10,"column":4},"end":{"line":13,"column":6}},"line":10}},"branchMap":{},"s":{"0":1,"1":1},"f":{"0":1},"b":{},"_coverageSchema":"1a1c01bbd47fc00a2c39e90264f33305004495a9","hash":"39c8a31dc71da02ac864a8b27e7a63033d076214"}
,"/Users/lin/Desktop/react-native/reactnative_pokedex/src/screens/OpenScreen.js": {"path":"/Users/lin/Desktop/react-native/reactnative_pokedex/src/screens/OpenScreen.js","statementMap":{"0":{"start":{"line":5,"column":19},"end":{"line":26,"column":1}},"1":{"start":{"line":6,"column":21},"end":{"line":6,"column":36}},"2":{"start":{"line":8,"column":28},"end":{"line":10,"column":3}},"3":{"start":{"line":9,"column":4},"end":{"line":9,"column":39}},"4":{"start":{"line":11,"column":2},"end":{"line":25,"column":4}},"5":{"start":{"line":28,"column":15},"end":{"line":71,"column":2}}},"fnMap":{"0":{"name":"(anonymous_0)","decl":{"start":{"line":5,"column":19},"end":{"line":5,"column":20}},"loc":{"start":{"line":5,"column":25},"end":{"line":26,"column":1}},"line":5},"1":{"name":"(anonymous_1)","decl":{"start":{"line":8,"column":28},"end":{"line":8,"column":29}},"loc":{"start":{"line":8,"column":34},"end":{"line":10,"column":3}},"line":8}},"branchMap":{},"s":{"0":2,"1":2,"2":2,"3":1,"4":2,"5":2},"f":{"0":2,"1":1},"b":{},"_coverageSchema":"1a1c01bbd47fc00a2c39e90264f33305004495a9","hash":"6efa3c8a44f287f57c21b80892ee8a86d125bc14"}
,"/Users/lin/Desktop/react-native/reactnative_pokedex/src/screens/PokemonDetails.js": {"path":"/Users/lin/Desktop/react-native/reactnative_pokedex/src/screens/PokemonDetails.js","statementMap":{"0":{"start":{"line":9,"column":23},"end":{"line":35,"column":1}},"1":{"start":{"line":10,"column":17},"end":{"line":10,"column":29}},"2":{"start":{"line":12,"column":32},"end":{"line":12,"column":46}},"3":{"start":{"line":13,"column":19},"end":{"line":13,"column":32}},"4":{"start":{"line":15,"column":2},"end":{"line":25,"column":11}},"5":{"start":{"line":16,"column":4},"end":{"line":24,"column":9}},"6":{"start":{"line":17,"column":6},"end":{"line":23,"column":7}},"7":{"start":{"line":18,"column":25},"end":{"line":18,"column":55}},"8":{"start":{"line":19,"column":8},"end":{"line":19,"column":46}},"9":{"start":{"line":20,"column":8},"end":{"line":20,"column":29}},"10":{"start":{"line":22,"column":8},"end":{"line":22,"column":28}},"11":{"start":{"line":27,"column":2},"end":{"line":27,"column":23}},"12":{"start":{"line":27,"column":16},"end":{"line":27,"column":23}},"13":{"start":{"line":29,"column":2},"end":{"line":34,"column":4}}},"fnMap":{"0":{"name":"(anonymous_0)","decl":{"start":{"line":9,"column":23},"end":{"line":9,"column":24}},"loc":{"start":{"line":9,"column":50},"end":{"line":35,"column":1}},"line":9},"1":{"name":"(anonymous_1)","decl":{"start":{"line":15,"column":12},"end":{"line":15,"column":13}},"loc":{"start":{"line":15,"column":18},"end":{"line":25,"column":3}},"line":15},"2":{"name":"(anonymous_2)","decl":{"start":{"line":16,"column":5},"end":{"line":16,"column":6}},"loc":{"start":{"line":16,"column":17},"end":{"line":24,"column":5}},"line":16}},"branchMap":{"0":{"loc":{"start":{"line":27,"column":2},"end":{"line":27,"column":23}},"type":"if","locations":[{"start":{"line":27,"column":2},"end":{"line":27,"column":23}},{"start":{},"end":{}}],"line":27}},"s":{"0":2,"1":0,"2":0,"3":0,"4":0,"5":0,"6":0,"7":0,"8":0,"9":0,"10":0,"11":0,"12":0,"13":0},"f":{"0":0,"1":0,"2":0},"b":{"0":[0,0]},"_coverageSchema":"1a1c01bbd47fc00a2c39e90264f33305004495a9","hash":"72bdc22243c2a70a829cde5ea85e40e91eeb839f"}
,"/Users/lin/Desktop/react-native/reactnative_pokedex/src/screens/PokemonHome.js": {"path":"/Users/lin/Desktop/react-native/reactnative_pokedex/src/screens/PokemonHome.js","statementMap":{"0":{"start":{"line":17,"column":20},"end":{"line":156,"column":1}},"1":{"start":{"line":18,"column":32},"end":{"line":18,"column":44}},"2":{"start":{"line":19,"column":19},"end":{"line":19,"column":32}},"3":{"start":{"line":20,"column":30},"end":{"line":20,"column":42}},"4":{"start":{"line":21,"column":38},"end":{"line":21,"column":50}},"5":{"start":{"line":22,"column":26},"end":{"line":22,"column":36}},"6":{"start":{"line":23,"column":44},"end":{"line":23,"column":59}},"7":{"start":{"line":24,"column":36},"end":{"line":24,"column":51}},"8":{"start":{"line":25,"column":46},"end":{"line":25,"column":58}},"9":{"start":{"line":26,"column":50},"end":{"line":26,"column":65}},"10":{"start":{"line":28,"column":26},"end":{"line":34,"column":3}},"11":{"start":{"line":29,"column":17},"end":{"line":29,"column":42}},"12":{"start":{"line":30,"column":4},"end":{"line":30,"column":29}},"13":{"start":{"line":31,"column":4},"end":{"line":31,"column":40}},"14":{"start":{"line":32,"column":4},"end":{"line":32,"column":32}},"15":{"start":{"line":33,"column":4},"end":{"line":33,"column":23}},"16":{"start":{"line":36,"column":23},"end":{"line":50,"column":3}},"17":{"start":{"line":37,"column":4},"end":{"line":49,"column":5}},"18":{"start":{"line":38,"column":22},"end":{"line":42,"column":8}},"19":{"start":{"line":39,"column":25},"end":{"line":39,"column":79}},"20":{"start":{"line":40,"column":25},"end":{"line":40,"column":43}},"21":{"start":{"line":41,"column":8},"end":{"line":41,"column":47}},"22":{"start":{"line":44,"column":6},"end":{"line":44,"column":29}},"23":{"start":{"line":45,"column":6},"end":{"line":45,"column":22}},"24":{"start":{"line":47,"column":6},"end":{"line":47,"column":29}},"25":{"start":{"line":48,"column":6},"end":{"line":48,"column":22}},"26":{"start":{"line":52,"column":27},"end":{"line":66,"column":3}},"27":{"start":{"line":53,"column":4},"end":{"line":65,"column":5}},"28":{"start":{"line":54,"column":22},"end":{"line":58,"column":8}},"29":{"start":{"line":55,"column":25},"end":{"line":55,"column":79}},"30":{"start":{"line":56,"column":25},"end":{"line":56,"column":45}},"31":{"start":{"line":57,"column":8},"end":{"line":57,"column":47}},"32":{"start":{"line":60,"column":6},"end":{"line":60,"column":29}},"33":{"start":{"line":61,"column":6},"end":{"line":61,"column":20}},"34":{"start":{"line":63,"column":6},"end":{"line":63,"column":29}},"35":{"start":{"line":64,"column":6},"end":{"line":64,"column":24}},"36":{"start":{"line":68,"column":2},"end":{"line":72,"column":9}},"37":{"start":{"line":69,"column":4},"end":{"line":71,"column":9}},"38":{"start":{"line":70,"column":6},"end":{"line":70,"column":30}},"39":{"start":{"line":75,"column":19},"end":{"line":87,"column":3}},"40":{"start":{"line":76,"column":4},"end":{"line":76,"column":30}},"41":{"start":{"line":76,"column":23},"end":{"line":76,"column":30}},"42":{"start":{"line":77,"column":4},"end":{"line":86,"column":5}},"43":{"start":{"line":78,"column":6},"end":{"line":78,"column":29}},"44":{"start":{"line":79,"column":6},"end":{"line":85,"column":11}},"45":{"start":{"line":80,"column":21},"end":{"line":80,"column":31}},"46":{"start":{"line":82,"column":10},"end":{"line":82,"column":71}},"47":{"start":{"line":82,"column":36},"end":{"line":82,"column":69}},"48":{"start":{"line":83,"column":10},"end":{"line":83,"column":29}},"49":{"start":{"line":84,"column":10},"end":{"line":84,"column":34}},"50":{"start":{"line":94,"column":2},"end":{"line":155,"column":4}},"51":{"start":{"line":101,"column":32},"end":{"line":101,"column":50}},"52":{"start":{"line":124,"column":32},"end":{"line":124,"column":41}},"53":{"start":{"line":125,"column":34},"end":{"line":125,"column":64}},"54":{"start":{"line":129,"column":12},"end":{"line":135,"column":20}},"55":{"start":{"line":157,"column":15},"end":{"line":207,"column":2}}},"fnMap":{"0":{"name":"(anonymous_0)","decl":{"start":{"line":17,"column":20},"end":{"line":17,"column":21}},"loc":{"start":{"line":17,"column":26},"end":{"line":156,"column":1}},"line":17},"1":{"name":"(anonymous_1)","decl":{"start":{"line":28,"column":26},"end":{"line":28,"column":27}},"loc":{"start":{"line":28,"column":38},"end":{"line":34,"column":3}},"line":28},"2":{"name":"(anonymous_2)","decl":{"start":{"line":36,"column":23},"end":{"line":36,"column":24}},"loc":{"start":{"line":36,"column":31},"end":{"line":50,"column":3}},"line":36},"3":{"name":"(anonymous_3)","decl":{"start":{"line":38,"column":40},"end":{"line":38,"column":41}},"loc":{"start":{"line":38,"column":48},"end":{"line":42,"column":7}},"line":38},"4":{"name":"(anonymous_4)","decl":{"start":{"line":52,"column":27},"end":{"line":52,"column":28}},"loc":{"start":{"line":52,"column":33},"end":{"line":66,"column":3}},"line":52},"5":{"name":"(anonymous_5)","decl":{"start":{"line":54,"column":40},"end":{"line":54,"column":41}},"loc":{"start":{"line":54,"column":48},"end":{"line":58,"column":7}},"line":54},"6":{"name":"(anonymous_6)","decl":{"start":{"line":68,"column":12},"end":{"line":68,"column":13}},"loc":{"start":{"line":68,"column":18},"end":{"line":72,"column":3}},"line":68},"7":{"name":"(anonymous_7)","decl":{"start":{"line":69,"column":5},"end":{"line":69,"column":6}},"loc":{"start":{"line":69,"column":17},"end":{"line":71,"column":5}},"line":69},"8":{"name":"(anonymous_8)","decl":{"start":{"line":75,"column":19},"end":{"line":75,"column":20}},"loc":{"start":{"line":75,"column":25},"end":{"line":87,"column":3}},"line":75},"9":{"name":"(anonymous_9)","decl":{"start":{"line":80,"column":14},"end":{"line":80,"column":15}},"loc":{"start":{"line":80,"column":21},"end":{"line":80,"column":31}},"line":80},"10":{"name":"(anonymous_10)","decl":{"start":{"line":81,"column":14},"end":{"line":81,"column":15}},"loc":{"start":{"line":81,"column":22},"end":{"line":85,"column":9}},"line":81},"11":{"name":"(anonymous_11)","decl":{"start":{"line":82,"column":21},"end":{"line":82,"column":22}},"loc":{"start":{"line":82,"column":36},"end":{"line":82,"column":69}},"line":82},"12":{"name":"(anonymous_12)","decl":{"start":{"line":101,"column":24},"end":{"line":101,"column":25}},"loc":{"start":{"line":101,"column":32},"end":{"line":101,"column":50}},"line":101},"13":{"name":"(anonymous_13)","decl":{"start":{"line":124,"column":24},"end":{"line":124,"column":25}},"loc":{"start":{"line":124,"column":32},"end":{"line":124,"column":41}},"line":124},"14":{"name":"(anonymous_14)","decl":{"start":{"line":125,"column":22},"end":{"line":125,"column":23}},"loc":{"start":{"line":125,"column":34},"end":{"line":125,"column":64}},"line":125},"15":{"name":"(anonymous_15)","decl":{"start":{"line":128,"column":31},"end":{"line":128,"column":32}},"loc":{"start":{"line":129,"column":12},"end":{"line":135,"column":20}},"line":129}},"branchMap":{"0":{"loc":{"start":{"line":37,"column":4},"end":{"line":49,"column":5}},"type":"if","locations":[{"start":{"line":37,"column":4},"end":{"line":49,"column":5}},{"start":{"line":46,"column":11},"end":{"line":49,"column":5}}],"line":37},"1":{"loc":{"start":{"line":39,"column":25},"end":{"line":39,"column":79}},"type":"cond-expr","locations":[{"start":{"line":39,"column":37},"end":{"line":39,"column":60}},{"start":{"line":39,"column":63},"end":{"line":39,"column":79}}],"line":39},"2":{"loc":{"start":{"line":53,"column":4},"end":{"line":65,"column":5}},"type":"if","locations":[{"start":{"line":53,"column":4},"end":{"line":65,"column":5}},{"start":{"line":62,"column":11},"end":{"line":65,"column":5}}],"line":53},"3":{"loc":{"start":{"line":55,"column":25},"end":{"line":55,"column":79}},"type":"cond-expr","locations":[{"start":{"line":55,"column":37},"end":{"line":55,"column":60}},{"start":{"line":55,"column":63},"end":{"line":55,"column":79}}],"line":55},"4":{"loc":{"start":{"line":76,"column":4},"end":{"line":76,"column":30}},"type":"if","locations":[{"start":{"line":76,"column":4},"end":{"line":76,"column":30}},{"start":{},"end":{}}],"line":76},"5":{"loc":{"start":{"line":77,"column":4},"end":{"line":86,"column":5}},"type":"if","locations":[{"start":{"line":77,"column":4},"end":{"line":86,"column":5}},{"start":{},"end":{}}],"line":77},"6":{"loc":{"start":{"line":120,"column":7},"end":{"line":145,"column":7}},"type":"cond-expr","locations":[{"start":{"line":121,"column":8},"end":{"line":138,"column":10}},{"start":{"line":140,"column":8},"end":{"line":144,"column":15}}],"line":120},"7":{"loc":{"start":{"line":129,"column":12},"end":{"line":135,"column":20}},"type":"cond-expr","locations":[{"start":{"line":130,"column":14},"end":{"line":134,"column":16}},{"start":{"line":135,"column":16},"end":{"line":135,"column":20}}],"line":129}},"s":{"0":3,"1":6,"2":4,"3":3,"4":3,"5":3,"6":3,"7":3,"8":3,"9":3,"10":3,"11":1,"12":1,"13":1,"14":1,"15":0,"16":3,"17":0,"18":0,"19":0,"20":0,"21":0,"22":0,"23":0,"24":0,"25":0,"26":3,"27":0,"28":0,"29":0,"30":0,"31":0,"32":0,"33":0,"34":0,"35":0,"36":3,"37":1,"38":1,"39":3,"40":0,"41":0,"42":0,"43":0,"44":0,"45":0,"46":0,"47":0,"48":0,"49":0,"50":3,"51":0,"52":2,"53":2,"54":1,"55":3},"f":{"0":6,"1":1,"2":0,"3":0,"4":0,"5":0,"6":1,"7":1,"8":0,"9":0,"10":0,"11":0,"12":0,"13":2,"14":2,"15":1},"b":{"0":[0,0],"1":[0,0],"2":[0,0],"3":[0,0],"4":[0,0],"5":[0,0],"6":[1,2],"7":[0,1]},"_coverageSchema":"1a1c01bbd47fc00a2c39e90264f33305004495a9","hash":"db9dc7c0de0c93e0585125a4830b404a199679e7"}
,"/Users/lin/Desktop/react-native/reactnative_pokedex/src/utils/constants.js": {"path":"/Users/lin/Desktop/react-native/reactnative_pokedex/src/utils/constants.js","statementMap":{"0":{"start":{"line":1,"column":24},"end":{"line":1,"column":51}},"1":{"start":{"line":3,"column":35},"end":{"line":26,"column":1}},"2":{"start":{"line":28,"column":28},"end":{"line":129,"column":1}},"3":{"start":{"line":131,"column":31},"end":{"line":144,"column":1}}},"fnMap":{},"branchMap":{},"s":{"0":4,"1":4,"2":4,"3":4},"f":{},"b":{},"_coverageSchema":"1a1c01bbd47fc00a2c39e90264f33305004495a9","hash":"62eecce4afda53eb267da07d0d2aba7ee736fb07"}
,"/Users/lin/Desktop/react-native/reactnative_pokedex/src/utils/getColorByPokemonType.js": {"path":"/Users/lin/Desktop/react-native/reactnative_pokedex/src/utils/getColorByPokemonType.js","statementMap":{"0":{"start":{"line":3,"column":30},"end":{"line":3,"column":79}},"1":{"start":{"line":3,"column":40},"end":{"line":3,"column":79}}},"fnMap":{"0":{"name":"(anonymous_0)","decl":{"start":{"line":3,"column":30},"end":{"line":3,"column":31}},"loc":{"start":{"line":3,"column":40},"end":{"line":3,"column":79}},"line":3}},"branchMap":{},"s":{"0":4,"1":1},"f":{"0":1},"b":{},"_coverageSchema":"1a1c01bbd47fc00a2c39e90264f33305004495a9","hash":"47e9836f2ed69df514bbfd2dd29de72cb91aa2df"}
,"/Users/lin/Desktop/react-native/reactnative_pokedex/src/utils/removeEscapeCharacters.js": {"path":"/Users/lin/Desktop/react-native/reactnative_pokedex/src/utils/removeEscapeCharacters.js","statementMap":{"0":{"start":{"line":1,"column":38},"end":{"line":3,"column":1}},"1":{"start":{"line":2,"column":2},"end":{"line":2,"column":41}}},"fnMap":{"0":{"name":"(anonymous_0)","decl":{"start":{"line":1,"column":38},"end":{"line":1,"column":39}},"loc":{"start":{"line":1,"column":47},"end":{"line":3,"column":1}},"line":1}},"branchMap":{},"s":{"0":2,"1":0},"f":{"0":0},"b":{},"_coverageSchema":"1a1c01bbd47fc00a2c39e90264f33305004495a9","hash":"f62682fed7f76af5fef0642e5cd4dd6ff0f59fc3"}
,"/Users/lin/Desktop/react-native/reactnative_pokedex/src/utils/utils-for-test.js": {"path":"/Users/lin/Desktop/react-native/reactnative_pokedex/src/utils/utils-for-test.js","statementMap":{"0":{"start":{"line":19,"column":4},"end":{"line":19,"column":57}},"1":{"start":{"line":21,"column":2},"end":{"line":21,"column":74}}},"fnMap":{"0":{"name":"renderWithProviders","decl":{"start":{"line":7,"column":16},"end":{"line":7,"column":35}},"loc":{"start":{"line":17,"column":2},"end":{"line":22,"column":1}},"line":17},"1":{"name":"Wrapper","decl":{"start":{"line":18,"column":11},"end":{"line":18,"column":18}},"loc":{"start":{"line":18,"column":33},"end":{"line":20,"column":3}},"line":18}},"branchMap":{"0":{"loc":{"start":{"line":9,"column":2},"end":{"line":16,"column":8}},"type":"default-arg","locations":[{"start":{"line":16,"column":6},"end":{"line":16,"column":8}}],"line":9},"1":{"loc":{"start":{"line":10,"column":4},"end":{"line":10,"column":23}},"type":"default-arg","locations":[{"start":{"line":10,"column":21},"end":{"line":10,"column":23}}],"line":10},"2":{"loc":{"start":{"line":11,"column":4},"end":{"line":14,"column":6}},"type":"default-arg","locations":[{"start":{"line":11,"column":12},"end":{"line":14,"column":6}}],"line":11}},"s":{"0":2,"1":2},"f":{"0":2,"1":2},"b":{"0":[1],"1":[1],"2":[2]},"_coverageSchema":"1a1c01bbd47fc00a2c39e90264f33305004495a9","hash":"25d38c6fd4b425c5928b060b41f863824265ee56"}
}
